2025-11-12 17:00:15,621 | INFO | üë§ User: anonymous | Method: GET | Path: /docs
2025-11-12 17:00:15,621 | INFO | ‚úÖ Completed GET /docs ‚Üí 200 (0.001s)
2025-11-12 17:00:15,800 | INFO | üë§ User: anonymous | Method: GET | Path: /openapi.json
2025-11-12 17:00:15,823 | INFO | ‚úÖ Completed GET /openapi.json ‚Üí 200 (0.023s)
2025-11-12 18:42:25,872 | INFO | üë§ User: anonymous | Method: GET | Path: /docs
2025-11-12 18:42:25,872 | INFO | ‚úÖ Completed GET /docs ‚Üí 200 (0.002s)
2025-11-12 18:42:26,119 | INFO | üë§ User: anonymous | Method: GET | Path: /openapi.json
2025-11-12 18:42:26,143 | INFO | ‚úÖ Completed GET /openapi.json ‚Üí 200 (0.024s)
2025-11-12 18:42:44,948 | INFO | üë§ User: anonymous | Method: POST | Path: /auth/login
2025-11-12 18:43:13,336 | INFO | üë§ User: anonymous | Method: GET | Path: /docs
2025-11-12 18:43:13,337 | INFO | ‚úÖ Completed GET /docs ‚Üí 200 (0.001s)
2025-11-12 18:43:13,465 | INFO | üë§ User: anonymous | Method: GET | Path: /openapi.json
2025-11-12 18:43:13,467 | INFO | ‚úÖ Completed GET /openapi.json ‚Üí 200 (0.003s)
2025-11-12 18:43:45,563 | INFO | üë§ User: anonymous | Method: POST | Path: /auth/login
2025-11-12 18:43:45,727 | INFO | ‚úÖ Completed POST /auth/login ‚Üí 401 (0.164s)
2025-11-12 18:44:55,071 | INFO | ‚úÖ Completed POST /auth/login ‚Üí 401 (130.122s)
2025-11-12 18:45:06,424 | INFO | üë§ User: anonymous | Method: POST | Path: /auth/register
2025-11-12 18:45:06,429 | INFO | ‚úÖ Completed POST /auth/register ‚Üí 422 (0.005s)
2025-11-17 09:36:27,981 | INFO | üåê IP: 127.0.0.1 | üßç‚Äç‚ôÇÔ∏è User: anonymous | üë§ User: anonymous | Method: GET | Path: /docsUser-Agent: Mozilla/5.0 (Windows NT 10.0; Win64; x64) AppleWebKit/537.36 (KHTML, like Gecko) Chrome/142.0.0.0 Safari/537.36
2025-11-17 09:36:27,983 | INFO | ‚úÖ Completed GET /docs ‚Üí 200 (0.001s)
2025-11-17 09:36:28,243 | INFO | üåê IP: 127.0.0.1 | üßç‚Äç‚ôÇÔ∏è User: anonymous | üë§ User: anonymous | Method: GET | Path: /openapi.jsonUser-Agent: Mozilla/5.0 (Windows NT 10.0; Win64; x64) AppleWebKit/537.36 (KHTML, like Gecko) Chrome/142.0.0.0 Safari/537.36
2025-11-17 09:36:28,278 | INFO | ‚úÖ Completed GET /openapi.json ‚Üí 200 (0.035s)
2025-11-17 09:36:34,469 | INFO | üåê IP: 127.0.0.1 | üßç‚Äç‚ôÇÔ∏è User: anonymous | üë§ User: anonymous | Method: GET | Path: /User-Agent: Mozilla/5.0 (Windows NT 10.0; Win64; x64) AppleWebKit/537.36 (KHTML, like Gecko) Chrome/142.0.0.0 Safari/537.36
2025-11-17 09:36:34,470 | INFO | ‚úÖ Completed GET / ‚Üí 200 (0.001s)
2025-11-17 10:12:24,502 | INFO | üåê IP: 127.0.0.1 | üßç‚Äç‚ôÇÔ∏è User: anonymous | üë§ User: anonymous | Method: GET | Path: /docsUser-Agent: Mozilla/5.0 (Windows NT 10.0; Win64; x64) AppleWebKit/537.36 (KHTML, like Gecko) Chrome/142.0.0.0 Safari/537.36
2025-11-17 10:12:24,504 | INFO | ‚úÖ Completed GET /docs ‚Üí 200 (0.002s)
2025-11-17 10:12:24,847 | INFO | üåê IP: 127.0.0.1 | üßç‚Äç‚ôÇÔ∏è User: anonymous | üë§ User: anonymous | Method: GET | Path: /openapi.jsonUser-Agent: Mozilla/5.0 (Windows NT 10.0; Win64; x64) AppleWebKit/537.36 (KHTML, like Gecko) Chrome/142.0.0.0 Safari/537.36
2025-11-17 10:12:24,899 | INFO | ‚úÖ Completed GET /openapi.json ‚Üí 200 (0.052s)
2025-11-17 10:12:33,223 | INFO | üåê IP: 127.0.0.1 | üßç‚Äç‚ôÇÔ∏è User: anonymous | üë§ User: anonymous | Method: GET | Path: /categoriesUser-Agent: Mozilla/5.0 (Windows NT 10.0; Win64; x64) AppleWebKit/537.36 (KHTML, like Gecko) Chrome/142.0.0.0 Safari/537.36
2025-11-17 10:12:33,821 | INFO | ‚úÖ Completed GET /categories ‚Üí 200 (0.597s)
2025-11-17 10:12:47,314 | INFO | üåê IP: 127.0.0.1 | üßç‚Äç‚ôÇÔ∏è User: anonymous | üë§ User: anonymous | Method: GET | Path: /itemsUser-Agent: Mozilla/5.0 (Windows NT 10.0; Win64; x64) AppleWebKit/537.36 (KHTML, like Gecko) Chrome/142.0.0.0 Safari/537.36
2025-11-17 10:12:47,357 | ERROR | ‚ùå –û—à–∏–±–∫–∞ –ø—Ä–∏ –æ–±—Ä–∞–±–æ—Ç–∫–µ –∑–∞–ø—Ä–æ—Å–∞: (psycopg.errors.UndefinedColumn) column items.owner_id does not exist
LINE 2: ...ms_price, items.category_id AS items_category_id, items.owne...
                                                             ^
[SQL: SELECT count(*) AS count_1 
FROM (SELECT items.id AS items_id, items.name AS items_name, items.description AS items_description, items.price AS items_price, items.category_id AS items_category_id, items.owner_id AS items_owner_id 
FROM items) AS anon_1]
(Background on this error at: https://sqlalche.me/e/20/f405)
Traceback (most recent call last):
  File "D:\UniMarket\.venv\Lib\site-packages\sqlalchemy\engine\base.py", line 1930, in _exec_single_context
    self.dialect.do_execute(
  File "D:\UniMarket\.venv\Lib\site-packages\sqlalchemy\engine\default.py", line 909, in do_execute
    cursor.execute(statement, parameters)
  File "D:\UniMarket\.venv\Lib\site-packages\psycopg\cursor.py", line 97, in execute
    raise ex.with_traceback(None)
psycopg.errors.UndefinedColumn: column items.owner_id does not exist
LINE 2: ...ms_price, items.category_id AS items_category_id, items.owne...
                                                             ^

The above exception was the direct cause of the following exception:

Traceback (most recent call last):
  File "D:\UniMarket\app\middleware.py", line 44, in dispatch
    response = await call_next(request)
               ^^^^^^^^^^^^^^^^^^^^^^^^
  File "D:\UniMarket\.venv\Lib\site-packages\starlette\middleware\base.py", line 165, in call_next
    raise app_exc
  File "D:\UniMarket\.venv\Lib\site-packages\starlette\middleware\base.py", line 151, in coro
    await self.app(scope, receive_or_disconnect, send_no_error)
  File "D:\UniMarket\.venv\Lib\site-packages\starlette\middleware\exceptions.py", line 65, in __call__
    await wrap_app_handling_exceptions(self.app, conn)(scope, receive, send)
  File "D:\UniMarket\.venv\Lib\site-packages\starlette\_exception_handler.py", line 64, in wrapped_app
    raise exc
  File "D:\UniMarket\.venv\Lib\site-packages\starlette\_exception_handler.py", line 53, in wrapped_app
    await app(scope, receive, sender)
  File "D:\UniMarket\.venv\Lib\site-packages\starlette\routing.py", line 755, in __call__
    await self.middleware_stack(scope, receive, send)
  File "D:\UniMarket\.venv\Lib\site-packages\starlette\routing.py", line 775, in app
    await route.handle(scope, receive, send)
  File "D:\UniMarket\.venv\Lib\site-packages\starlette\routing.py", line 296, in handle
    await self.app(scope, receive, send)
  File "D:\UniMarket\.venv\Lib\site-packages\starlette\routing.py", line 78, in app
    await wrap_app_handling_exceptions(app, request)(scope, receive, send)
  File "D:\UniMarket\.venv\Lib\site-packages\starlette\_exception_handler.py", line 64, in wrapped_app
    raise exc
  File "D:\UniMarket\.venv\Lib\site-packages\starlette\_exception_handler.py", line 53, in wrapped_app
    await app(scope, receive, sender)
  File "D:\UniMarket\.venv\Lib\site-packages\starlette\routing.py", line 75, in app
    response = await f(request)
               ^^^^^^^^^^^^^^^^
  File "D:\UniMarket\.venv\Lib\site-packages\fastapi\routing.py", line 301, in app
    raw_response = await run_endpoint_function(
                   ^^^^^^^^^^^^^^^^^^^^^^^^^^^^
  File "D:\UniMarket\.venv\Lib\site-packages\fastapi\routing.py", line 214, in run_endpoint_function
    return await run_in_threadpool(dependant.call, **values)
           ^^^^^^^^^^^^^^^^^^^^^^^^^^^^^^^^^^^^^^^^^^^^^^^^^
  File "D:\UniMarket\.venv\Lib\site-packages\starlette\concurrency.py", line 41, in run_in_threadpool
    return await anyio.to_thread.run_sync(func, *args)
           ^^^^^^^^^^^^^^^^^^^^^^^^^^^^^^^^^^^^^^^^^^^
  File "D:\UniMarket\.venv\Lib\site-packages\anyio\to_thread.py", line 56, in run_sync
    return await get_async_backend().run_sync_in_worker_thread(
           ^^^^^^^^^^^^^^^^^^^^^^^^^^^^^^^^^^^^^^^^^^^^^^^^^^^^
  File "D:\UniMarket\.venv\Lib\site-packages\anyio\_backends\_asyncio.py", line 2476, in run_sync_in_worker_thread
    return await future
           ^^^^^^^^^^^^
  File "D:\UniMarket\.venv\Lib\site-packages\anyio\_backends\_asyncio.py", line 967, in run
    result = context.run(func, *args)
             ^^^^^^^^^^^^^^^^^^^^^^^^
  File "D:\UniMarket\app\main.py", line 231, in list_items
    total = q.count()
            ^^^^^^^^^
  File "D:\UniMarket\.venv\Lib\site-packages\sqlalchemy\orm\query.py", line 3075, in count
    self._legacy_from_self(col).enable_eagerloads(False).scalar()
  File "D:\UniMarket\.venv\Lib\site-packages\sqlalchemy\orm\query.py", line 2769, in scalar
    ret = self.one()
          ^^^^^^^^^^
  File "D:\UniMarket\.venv\Lib\site-packages\sqlalchemy\orm\query.py", line 2742, in one
    return self._iter().one()  # type: ignore
           ^^^^^^^^^^^^
  File "D:\UniMarket\.venv\Lib\site-packages\sqlalchemy\orm\query.py", line 2791, in _iter
    result: Union[ScalarResult[_T], Result[_T]] = self.session.execute(
                                                  ^^^^^^^^^^^^^^^^^^^^^
  File "D:\UniMarket\.venv\Lib\site-packages\sqlalchemy\orm\session.py", line 2330, in execute
    return self._execute_internal(
           ^^^^^^^^^^^^^^^^^^^^^^^
  File "D:\UniMarket\.venv\Lib\site-packages\sqlalchemy\orm\session.py", line 2215, in _execute_internal
    result: Result[Any] = compile_state_cls.orm_execute_statement(
                          ^^^^^^^^^^^^^^^^^^^^^^^^^^^^^^^^^^^^^^^^
  File "D:\UniMarket\.venv\Lib\site-packages\sqlalchemy\orm\context.py", line 303, in orm_execute_statement
    result = conn.execute(
             ^^^^^^^^^^^^^
  File "D:\UniMarket\.venv\Lib\site-packages\sqlalchemy\engine\base.py", line 1400, in execute
    return meth(
           ^^^^^
  File "D:\UniMarket\.venv\Lib\site-packages\sqlalchemy\sql\elements.py", line 512, in _execute_on_connection
    return connection._execute_clauseelement(
           ^^^^^^^^^^^^^^^^^^^^^^^^^^^^^^^^^^
  File "D:\UniMarket\.venv\Lib\site-packages\sqlalchemy\engine\base.py", line 1616, in _execute_clauseelement
    ret = self._execute_context(
          ^^^^^^^^^^^^^^^^^^^^^^
  File "D:\UniMarket\.venv\Lib\site-packages\sqlalchemy\engine\base.py", line 1813, in _execute_context
    return self._exec_single_context(dialect, context, statement, parameters)
           ^^^^^^^^^^^^^^^^^^^^^^^^^^^^^^^^^^^^^^^^^^^^^^^^^^^^^^^^^^^^^^^^^^
  File "D:\UniMarket\.venv\Lib\site-packages\sqlalchemy\engine\base.py", line 1949, in _exec_single_context
    self._handle_dbapi_exception(
  File "D:\UniMarket\.venv\Lib\site-packages\sqlalchemy\engine\base.py", line 2299, in _handle_dbapi_exception
    raise sqlalchemy_exception.with_traceback(exc_info[2]) from e
  File "D:\UniMarket\.venv\Lib\site-packages\sqlalchemy\engine\base.py", line 1930, in _exec_single_context
    self.dialect.do_execute(
  File "D:\UniMarket\.venv\Lib\site-packages\sqlalchemy\engine\default.py", line 909, in do_execute
    cursor.execute(statement, parameters)
  File "D:\UniMarket\.venv\Lib\site-packages\psycopg\cursor.py", line 97, in execute
    raise ex.with_traceback(None)
sqlalchemy.exc.ProgrammingError: (psycopg.errors.UndefinedColumn) column items.owner_id does not exist
LINE 2: ...ms_price, items.category_id AS items_category_id, items.owne...
                                                             ^
[SQL: SELECT count(*) AS count_1 
FROM (SELECT items.id AS items_id, items.name AS items_name, items.description AS items_description, items.price AS items_price, items.category_id AS items_category_id, items.owner_id AS items_owner_id 
FROM items) AS anon_1]
(Background on this error at: https://sqlalche.me/e/20/f405)
2025-11-17 10:13:14,625 | INFO | üåê IP: 127.0.0.1 | üßç‚Äç‚ôÇÔ∏è User: anonymous | üë§ User: anonymous | Method: GET | Path: /itemsUser-Agent: Mozilla/5.0 (Windows NT 10.0; Win64; x64) AppleWebKit/537.36 (KHTML, like Gecko) Chrome/142.0.0.0 Safari/537.36
2025-11-17 10:13:14,634 | ERROR | ‚ùå –û—à–∏–±–∫–∞ –ø—Ä–∏ –æ–±—Ä–∞–±–æ—Ç–∫–µ –∑–∞–ø—Ä–æ—Å–∞: (psycopg.errors.UndefinedColumn) column items.owner_id does not exist
LINE 2: ...ms_price, items.category_id AS items_category_id, items.owne...
                                                             ^
[SQL: SELECT count(*) AS count_1 
FROM (SELECT items.id AS items_id, items.name AS items_name, items.description AS items_description, items.price AS items_price, items.category_id AS items_category_id, items.owner_id AS items_owner_id 
FROM items) AS anon_1]
(Background on this error at: https://sqlalche.me/e/20/f405)
Traceback (most recent call last):
  File "D:\UniMarket\.venv\Lib\site-packages\sqlalchemy\engine\base.py", line 1930, in _exec_single_context
    self.dialect.do_execute(
  File "D:\UniMarket\.venv\Lib\site-packages\sqlalchemy\engine\default.py", line 909, in do_execute
    cursor.execute(statement, parameters)
  File "D:\UniMarket\.venv\Lib\site-packages\psycopg\cursor.py", line 97, in execute
    raise ex.with_traceback(None)
psycopg.errors.UndefinedColumn: column items.owner_id does not exist
LINE 2: ...ms_price, items.category_id AS items_category_id, items.owne...
                                                             ^

The above exception was the direct cause of the following exception:

Traceback (most recent call last):
  File "D:\UniMarket\app\middleware.py", line 44, in dispatch
    response = await call_next(request)
               ^^^^^^^^^^^^^^^^^^^^^^^^
  File "D:\UniMarket\.venv\Lib\site-packages\starlette\middleware\base.py", line 165, in call_next
    raise app_exc
  File "D:\UniMarket\.venv\Lib\site-packages\starlette\middleware\base.py", line 151, in coro
    await self.app(scope, receive_or_disconnect, send_no_error)
  File "D:\UniMarket\.venv\Lib\site-packages\starlette\middleware\exceptions.py", line 65, in __call__
    await wrap_app_handling_exceptions(self.app, conn)(scope, receive, send)
  File "D:\UniMarket\.venv\Lib\site-packages\starlette\_exception_handler.py", line 64, in wrapped_app
    raise exc
  File "D:\UniMarket\.venv\Lib\site-packages\starlette\_exception_handler.py", line 53, in wrapped_app
    await app(scope, receive, sender)
  File "D:\UniMarket\.venv\Lib\site-packages\starlette\routing.py", line 755, in __call__
    await self.middleware_stack(scope, receive, send)
  File "D:\UniMarket\.venv\Lib\site-packages\starlette\routing.py", line 775, in app
    await route.handle(scope, receive, send)
  File "D:\UniMarket\.venv\Lib\site-packages\starlette\routing.py", line 296, in handle
    await self.app(scope, receive, send)
  File "D:\UniMarket\.venv\Lib\site-packages\starlette\routing.py", line 78, in app
    await wrap_app_handling_exceptions(app, request)(scope, receive, send)
  File "D:\UniMarket\.venv\Lib\site-packages\starlette\_exception_handler.py", line 64, in wrapped_app
    raise exc
  File "D:\UniMarket\.venv\Lib\site-packages\starlette\_exception_handler.py", line 53, in wrapped_app
    await app(scope, receive, sender)
  File "D:\UniMarket\.venv\Lib\site-packages\starlette\routing.py", line 75, in app
    response = await f(request)
               ^^^^^^^^^^^^^^^^
  File "D:\UniMarket\.venv\Lib\site-packages\fastapi\routing.py", line 301, in app
    raw_response = await run_endpoint_function(
                   ^^^^^^^^^^^^^^^^^^^^^^^^^^^^
  File "D:\UniMarket\.venv\Lib\site-packages\fastapi\routing.py", line 214, in run_endpoint_function
    return await run_in_threadpool(dependant.call, **values)
           ^^^^^^^^^^^^^^^^^^^^^^^^^^^^^^^^^^^^^^^^^^^^^^^^^
  File "D:\UniMarket\.venv\Lib\site-packages\starlette\concurrency.py", line 41, in run_in_threadpool
    return await anyio.to_thread.run_sync(func, *args)
           ^^^^^^^^^^^^^^^^^^^^^^^^^^^^^^^^^^^^^^^^^^^
  File "D:\UniMarket\.venv\Lib\site-packages\anyio\to_thread.py", line 56, in run_sync
    return await get_async_backend().run_sync_in_worker_thread(
           ^^^^^^^^^^^^^^^^^^^^^^^^^^^^^^^^^^^^^^^^^^^^^^^^^^^^
  File "D:\UniMarket\.venv\Lib\site-packages\anyio\_backends\_asyncio.py", line 2476, in run_sync_in_worker_thread
    return await future
           ^^^^^^^^^^^^
  File "D:\UniMarket\.venv\Lib\site-packages\anyio\_backends\_asyncio.py", line 967, in run
    result = context.run(func, *args)
             ^^^^^^^^^^^^^^^^^^^^^^^^
  File "D:\UniMarket\app\main.py", line 231, in list_items
    total = q.count()
            ^^^^^^^^^
  File "D:\UniMarket\.venv\Lib\site-packages\sqlalchemy\orm\query.py", line 3075, in count
    self._legacy_from_self(col).enable_eagerloads(False).scalar()
  File "D:\UniMarket\.venv\Lib\site-packages\sqlalchemy\orm\query.py", line 2769, in scalar
    ret = self.one()
          ^^^^^^^^^^
  File "D:\UniMarket\.venv\Lib\site-packages\sqlalchemy\orm\query.py", line 2742, in one
    return self._iter().one()  # type: ignore
           ^^^^^^^^^^^^
  File "D:\UniMarket\.venv\Lib\site-packages\sqlalchemy\orm\query.py", line 2791, in _iter
    result: Union[ScalarResult[_T], Result[_T]] = self.session.execute(
                                                  ^^^^^^^^^^^^^^^^^^^^^
  File "D:\UniMarket\.venv\Lib\site-packages\sqlalchemy\orm\session.py", line 2330, in execute
    return self._execute_internal(
           ^^^^^^^^^^^^^^^^^^^^^^^
  File "D:\UniMarket\.venv\Lib\site-packages\sqlalchemy\orm\session.py", line 2215, in _execute_internal
    result: Result[Any] = compile_state_cls.orm_execute_statement(
                          ^^^^^^^^^^^^^^^^^^^^^^^^^^^^^^^^^^^^^^^^
  File "D:\UniMarket\.venv\Lib\site-packages\sqlalchemy\orm\context.py", line 303, in orm_execute_statement
    result = conn.execute(
             ^^^^^^^^^^^^^
  File "D:\UniMarket\.venv\Lib\site-packages\sqlalchemy\engine\base.py", line 1400, in execute
    return meth(
           ^^^^^
  File "D:\UniMarket\.venv\Lib\site-packages\sqlalchemy\sql\elements.py", line 512, in _execute_on_connection
    return connection._execute_clauseelement(
           ^^^^^^^^^^^^^^^^^^^^^^^^^^^^^^^^^^
  File "D:\UniMarket\.venv\Lib\site-packages\sqlalchemy\engine\base.py", line 1616, in _execute_clauseelement
    ret = self._execute_context(
          ^^^^^^^^^^^^^^^^^^^^^^
  File "D:\UniMarket\.venv\Lib\site-packages\sqlalchemy\engine\base.py", line 1813, in _execute_context
    return self._exec_single_context(dialect, context, statement, parameters)
           ^^^^^^^^^^^^^^^^^^^^^^^^^^^^^^^^^^^^^^^^^^^^^^^^^^^^^^^^^^^^^^^^^^
  File "D:\UniMarket\.venv\Lib\site-packages\sqlalchemy\engine\base.py", line 1949, in _exec_single_context
    self._handle_dbapi_exception(
  File "D:\UniMarket\.venv\Lib\site-packages\sqlalchemy\engine\base.py", line 2299, in _handle_dbapi_exception
    raise sqlalchemy_exception.with_traceback(exc_info[2]) from e
  File "D:\UniMarket\.venv\Lib\site-packages\sqlalchemy\engine\base.py", line 1930, in _exec_single_context
    self.dialect.do_execute(
  File "D:\UniMarket\.venv\Lib\site-packages\sqlalchemy\engine\default.py", line 909, in do_execute
    cursor.execute(statement, parameters)
  File "D:\UniMarket\.venv\Lib\site-packages\psycopg\cursor.py", line 97, in execute
    raise ex.with_traceback(None)
sqlalchemy.exc.ProgrammingError: (psycopg.errors.UndefinedColumn) column items.owner_id does not exist
LINE 2: ...ms_price, items.category_id AS items_category_id, items.owne...
                                                             ^
[SQL: SELECT count(*) AS count_1 
FROM (SELECT items.id AS items_id, items.name AS items_name, items.description AS items_description, items.price AS items_price, items.category_id AS items_category_id, items.owner_id AS items_owner_id 
FROM items) AS anon_1]
(Background on this error at: https://sqlalche.me/e/20/f405)
2025-11-17 10:16:17,743 | INFO | üåê IP: 127.0.0.1 | üßç‚Äç‚ôÇÔ∏è User: anonymous | üë§ User: anonymous | Method: GET | Path: /versionUser-Agent: Mozilla/5.0 (Windows NT 10.0; Win64; x64) AppleWebKit/537.36 (KHTML, like Gecko) Chrome/142.0.0.0 Safari/537.36
2025-11-17 10:16:17,747 | INFO | ‚úÖ Completed GET /version ‚Üí 200 (0.004s)
2025-11-17 10:16:43,142 | INFO | üåê IP: 127.0.0.1 | üßç‚Äç‚ôÇÔ∏è User: anonymous | üë§ User: anonymous | Method: GET | Path: /protectedUser-Agent: Mozilla/5.0 (Windows NT 10.0; Win64; x64) AppleWebKit/537.36 (KHTML, like Gecko) Chrome/142.0.0.0 Safari/537.36
2025-11-17 10:16:43,143 | INFO | ‚úÖ Completed GET /protected ‚Üí 401 (0.001s)
2025-11-17 10:17:01,208 | INFO | üåê IP: 127.0.0.1 | üßç‚Äç‚ôÇÔ∏è User: anonymous | üë§ User: anonymous | Method: POST | Path: /auth/loginUser-Agent: Mozilla/5.0 (Windows NT 10.0; Win64; x64) AppleWebKit/537.36 (KHTML, like Gecko) Chrome/142.0.0.0 Safari/537.36
2025-11-17 10:17:01,232 | INFO | ‚úÖ Completed POST /auth/login ‚Üí 401 (0.025s)
2025-11-17 10:17:08,513 | INFO | üåê IP: 127.0.0.1 | üßç‚Äç‚ôÇÔ∏è User: anonymous | üë§ User: anonymous | Method: POST | Path: /auth/loginUser-Agent: Mozilla/5.0 (Windows NT 10.0; Win64; x64) AppleWebKit/537.36 (KHTML, like Gecko) Chrome/142.0.0.0 Safari/537.36
2025-11-17 10:17:08,522 | INFO | ‚úÖ Completed POST /auth/login ‚Üí 401 (0.009s)
2025-11-17 10:17:15,976 | INFO | üåê IP: 127.0.0.1 | üßç‚Äç‚ôÇÔ∏è User: anonymous | üë§ User: anonymous | Method: POST | Path: /auth/loginUser-Agent: Mozilla/5.0 (Windows NT 10.0; Win64; x64) AppleWebKit/537.36 (KHTML, like Gecko) Chrome/142.0.0.0 Safari/537.36
2025-11-17 10:17:15,984 | INFO | ‚úÖ Completed POST /auth/login ‚Üí 401 (0.007s)
2025-11-17 10:17:20,607 | INFO | üåê IP: 127.0.0.1 | üßç‚Äç‚ôÇÔ∏è User: anonymous | üë§ User: anonymous | Method: POST | Path: /auth/loginUser-Agent: Mozilla/5.0 (Windows NT 10.0; Win64; x64) AppleWebKit/537.36 (KHTML, like Gecko) Chrome/142.0.0.0 Safari/537.36
2025-11-17 10:17:20,613 | INFO | ‚úÖ Completed POST /auth/login ‚Üí 401 (0.007s)
2025-11-17 10:17:23,306 | INFO | üåê IP: 127.0.0.1 | üßç‚Äç‚ôÇÔ∏è User: anonymous | üë§ User: anonymous | Method: POST | Path: /auth/loginUser-Agent: Mozilla/5.0 (Windows NT 10.0; Win64; x64) AppleWebKit/537.36 (KHTML, like Gecko) Chrome/142.0.0.0 Safari/537.36
2025-11-17 10:17:23,312 | INFO | ‚úÖ Completed POST /auth/login ‚Üí 401 (0.007s)
2025-11-17 10:17:55,008 | INFO | üåê IP: 127.0.0.1 | üßç‚Äç‚ôÇÔ∏è User: anonymous | üë§ User: anonymous | Method: POST | Path: /auth/registerUser-Agent: Mozilla/5.0 (Windows NT 10.0; Win64; x64) AppleWebKit/537.36 (KHTML, like Gecko) Chrome/142.0.0.0 Safari/537.36
2025-11-17 10:17:55,058 | ERROR | ‚ùå –û—à–∏–±–∫–∞ –ø—Ä–∏ –æ–±—Ä–∞–±–æ—Ç–∫–µ –∑–∞–ø—Ä–æ—Å–∞: bcrypt: no backends available -- recommend you install one (e.g. 'pip install bcrypt')
Traceback (most recent call last):
  File "D:\UniMarket\.venv\Lib\site-packages\starlette\middleware\base.py", line 159, in call_next
    message = await recv_stream.receive()
              ^^^^^^^^^^^^^^^^^^^^^^^^^^^
  File "D:\UniMarket\.venv\Lib\site-packages\anyio\streams\memory.py", line 126, in receive
    raise EndOfStream from None
anyio.EndOfStream

During handling of the above exception, another exception occurred:

Traceback (most recent call last):
  File "D:\UniMarket\app\middleware.py", line 44, in dispatch
    response = await call_next(request)
               ^^^^^^^^^^^^^^^^^^^^^^^^
  File "D:\UniMarket\.venv\Lib\site-packages\starlette\middleware\base.py", line 165, in call_next
    raise app_exc
  File "D:\UniMarket\.venv\Lib\site-packages\starlette\middleware\base.py", line 151, in coro
    await self.app(scope, receive_or_disconnect, send_no_error)
  File "D:\UniMarket\.venv\Lib\site-packages\starlette\middleware\exceptions.py", line 65, in __call__
    await wrap_app_handling_exceptions(self.app, conn)(scope, receive, send)
  File "D:\UniMarket\.venv\Lib\site-packages\starlette\_exception_handler.py", line 64, in wrapped_app
    raise exc
  File "D:\UniMarket\.venv\Lib\site-packages\starlette\_exception_handler.py", line 53, in wrapped_app
    await app(scope, receive, sender)
  File "D:\UniMarket\.venv\Lib\site-packages\starlette\routing.py", line 755, in __call__
    await self.middleware_stack(scope, receive, send)
  File "D:\UniMarket\.venv\Lib\site-packages\starlette\routing.py", line 775, in app
    await route.handle(scope, receive, send)
  File "D:\UniMarket\.venv\Lib\site-packages\starlette\routing.py", line 296, in handle
    await self.app(scope, receive, send)
  File "D:\UniMarket\.venv\Lib\site-packages\starlette\routing.py", line 78, in app
    await wrap_app_handling_exceptions(app, request)(scope, receive, send)
  File "D:\UniMarket\.venv\Lib\site-packages\starlette\_exception_handler.py", line 64, in wrapped_app
    raise exc
  File "D:\UniMarket\.venv\Lib\site-packages\starlette\_exception_handler.py", line 53, in wrapped_app
    await app(scope, receive, sender)
  File "D:\UniMarket\.venv\Lib\site-packages\starlette\routing.py", line 75, in app
    response = await f(request)
               ^^^^^^^^^^^^^^^^
  File "D:\UniMarket\.venv\Lib\site-packages\fastapi\routing.py", line 301, in app
    raw_response = await run_endpoint_function(
                   ^^^^^^^^^^^^^^^^^^^^^^^^^^^^
  File "D:\UniMarket\.venv\Lib\site-packages\fastapi\routing.py", line 214, in run_endpoint_function
    return await run_in_threadpool(dependant.call, **values)
           ^^^^^^^^^^^^^^^^^^^^^^^^^^^^^^^^^^^^^^^^^^^^^^^^^
  File "D:\UniMarket\.venv\Lib\site-packages\starlette\concurrency.py", line 41, in run_in_threadpool
    return await anyio.to_thread.run_sync(func, *args)
           ^^^^^^^^^^^^^^^^^^^^^^^^^^^^^^^^^^^^^^^^^^^
  File "D:\UniMarket\.venv\Lib\site-packages\anyio\to_thread.py", line 56, in run_sync
    return await get_async_backend().run_sync_in_worker_thread(
           ^^^^^^^^^^^^^^^^^^^^^^^^^^^^^^^^^^^^^^^^^^^^^^^^^^^^
  File "D:\UniMarket\.venv\Lib\site-packages\anyio\_backends\_asyncio.py", line 2476, in run_sync_in_worker_thread
    return await future
           ^^^^^^^^^^^^
  File "D:\UniMarket\.venv\Lib\site-packages\anyio\_backends\_asyncio.py", line 967, in run
    result = context.run(func, *args)
             ^^^^^^^^^^^^^^^^^^^^^^^^
  File "D:\UniMarket\app\main.py", line 95, in register_user
    new_user = User(username=request.username, password=hash_password(request.password))
                                                        ^^^^^^^^^^^^^^^^^^^^^^^^^^^^^^^
  File "D:\UniMarket\app\auth.py", line 31, in hash_password
    return cast(str, pwd_context.hash(password))
                     ^^^^^^^^^^^^^^^^^^^^^^^^^^
  File "D:\UniMarket\.venv\Lib\site-packages\passlib\context.py", line 2426, in hash
    return record.hash(secret, **kwds)
           ^^^^^^^^^^^^^^^^^^^^^^^^^^^
  File "D:\UniMarket\.venv\Lib\site-packages\passlib\utils\handlers.py", line 844, in hash
    self.checksum = self._calc_checksum(secret)
                    ^^^^^^^^^^^^^^^^^^^^^^^^^^^
  File "D:\UniMarket\.venv\Lib\site-packages\passlib\handlers\bcrypt.py", line 662, in _calc_checksum
    self._stub_requires_backend()
  File "D:\UniMarket\.venv\Lib\site-packages\passlib\utils\handlers.py", line 2423, in _stub_requires_backend
    cls.set_backend()
  File "D:\UniMarket\.venv\Lib\site-packages\passlib\utils\handlers.py", line 2321, in set_backend
    return owner.set_backend(name, dryrun=dryrun)
           ^^^^^^^^^^^^^^^^^^^^^^^^^^^^^^^^^^^^^^
  File "D:\UniMarket\.venv\Lib\site-packages\passlib\utils\handlers.py", line 2341, in set_backend
    raise default_error
passlib.exc.MissingBackendError: bcrypt: no backends available -- recommend you install one (e.g. 'pip install bcrypt')
2025-11-17 11:05:50,522 | INFO | üåê IP: 127.0.0.1 | üßç‚Äç‚ôÇÔ∏è User: anonymous | üë§ User: anonymous | Method: GET | Path: /docsUser-Agent: Mozilla/5.0 (Windows NT 10.0; Win64; x64) AppleWebKit/537.36 (KHTML, like Gecko) Chrome/142.0.0.0 Safari/537.36
2025-11-17 11:05:50,525 | INFO | ‚úÖ Completed GET /docs ‚Üí 200 (0.002s)
2025-11-17 11:05:50,767 | INFO | üåê IP: 127.0.0.1 | üßç‚Äç‚ôÇÔ∏è User: anonymous | üë§ User: anonymous | Method: GET | Path: /openapi.jsonUser-Agent: Mozilla/5.0 (Windows NT 10.0; Win64; x64) AppleWebKit/537.36 (KHTML, like Gecko) Chrome/142.0.0.0 Safari/537.36
2025-11-17 11:05:50,792 | INFO | ‚úÖ Completed GET /openapi.json ‚Üí 200 (0.026s)
2025-11-17 11:05:54,546 | INFO | üåê IP: 127.0.0.1 | üßç‚Äç‚ôÇÔ∏è User: anonymous | üë§ User: anonymous | Method: GET | Path: /User-Agent: Mozilla/5.0 (Windows NT 10.0; Win64; x64) AppleWebKit/537.36 (KHTML, like Gecko) Chrome/142.0.0.0 Safari/537.36
2025-11-17 11:05:54,547 | INFO | ‚úÖ Completed GET / ‚Üí 200 (0.002s)
2025-11-17 11:06:05,888 | INFO | üåê IP: 127.0.0.1 | üßç‚Äç‚ôÇÔ∏è User: anonymous | üë§ User: anonymous | Method: GET | Path: /categoriesUser-Agent: Mozilla/5.0 (Windows NT 10.0; Win64; x64) AppleWebKit/537.36 (KHTML, like Gecko) Chrome/142.0.0.0 Safari/537.36
2025-11-17 11:06:05,976 | INFO | ‚úÖ Completed GET /categories ‚Üí 200 (0.087s)
2025-11-17 11:06:21,033 | INFO | üåê IP: 127.0.0.1 | üßç‚Äç‚ôÇÔ∏è User: anonymous | üë§ User: anonymous | Method: GET | Path: /itemsUser-Agent: Mozilla/5.0 (Windows NT 10.0; Win64; x64) AppleWebKit/537.36 (KHTML, like Gecko) Chrome/142.0.0.0 Safari/537.36
2025-11-17 11:06:21,048 | ERROR | ‚ùå –û—à–∏–±–∫–∞ –ø—Ä–∏ –æ–±—Ä–∞–±–æ—Ç–∫–µ –∑–∞–ø—Ä–æ—Å–∞: (psycopg.errors.UndefinedColumn) column items.owner_id does not exist
LINE 2: ...ms_price, items.category_id AS items_category_id, items.owne...
                                                             ^
[SQL: SELECT count(*) AS count_1 
FROM (SELECT items.id AS items_id, items.name AS items_name, items.description AS items_description, items.price AS items_price, items.category_id AS items_category_id, items.owner_id AS items_owner_id 
FROM items) AS anon_1]
(Background on this error at: https://sqlalche.me/e/20/f405)
Traceback (most recent call last):
  File "D:\UniMarket\.venv\Lib\site-packages\sqlalchemy\engine\base.py", line 1930, in _exec_single_context
    self.dialect.do_execute(
  File "D:\UniMarket\.venv\Lib\site-packages\sqlalchemy\engine\default.py", line 909, in do_execute
    cursor.execute(statement, parameters)
  File "D:\UniMarket\.venv\Lib\site-packages\psycopg\cursor.py", line 97, in execute
    raise ex.with_traceback(None)
psycopg.errors.UndefinedColumn: column items.owner_id does not exist
LINE 2: ...ms_price, items.category_id AS items_category_id, items.owne...
                                                             ^

The above exception was the direct cause of the following exception:

Traceback (most recent call last):
  File "D:\UniMarket\app\middleware.py", line 44, in dispatch
    response = await call_next(request)
               ^^^^^^^^^^^^^^^^^^^^^^^^
  File "D:\UniMarket\.venv\Lib\site-packages\starlette\middleware\base.py", line 165, in call_next
    raise app_exc
  File "D:\UniMarket\.venv\Lib\site-packages\starlette\middleware\base.py", line 151, in coro
    await self.app(scope, receive_or_disconnect, send_no_error)
  File "D:\UniMarket\.venv\Lib\site-packages\starlette\middleware\exceptions.py", line 65, in __call__
    await wrap_app_handling_exceptions(self.app, conn)(scope, receive, send)
  File "D:\UniMarket\.venv\Lib\site-packages\starlette\_exception_handler.py", line 64, in wrapped_app
    raise exc
  File "D:\UniMarket\.venv\Lib\site-packages\starlette\_exception_handler.py", line 53, in wrapped_app
    await app(scope, receive, sender)
  File "D:\UniMarket\.venv\Lib\site-packages\starlette\routing.py", line 755, in __call__
    await self.middleware_stack(scope, receive, send)
  File "D:\UniMarket\.venv\Lib\site-packages\starlette\routing.py", line 775, in app
    await route.handle(scope, receive, send)
  File "D:\UniMarket\.venv\Lib\site-packages\starlette\routing.py", line 296, in handle
    await self.app(scope, receive, send)
  File "D:\UniMarket\.venv\Lib\site-packages\starlette\routing.py", line 78, in app
    await wrap_app_handling_exceptions(app, request)(scope, receive, send)
  File "D:\UniMarket\.venv\Lib\site-packages\starlette\_exception_handler.py", line 64, in wrapped_app
    raise exc
  File "D:\UniMarket\.venv\Lib\site-packages\starlette\_exception_handler.py", line 53, in wrapped_app
    await app(scope, receive, sender)
  File "D:\UniMarket\.venv\Lib\site-packages\starlette\routing.py", line 75, in app
    response = await f(request)
               ^^^^^^^^^^^^^^^^
  File "D:\UniMarket\.venv\Lib\site-packages\fastapi\routing.py", line 301, in app
    raw_response = await run_endpoint_function(
                   ^^^^^^^^^^^^^^^^^^^^^^^^^^^^
  File "D:\UniMarket\.venv\Lib\site-packages\fastapi\routing.py", line 214, in run_endpoint_function
    return await run_in_threadpool(dependant.call, **values)
           ^^^^^^^^^^^^^^^^^^^^^^^^^^^^^^^^^^^^^^^^^^^^^^^^^
  File "D:\UniMarket\.venv\Lib\site-packages\starlette\concurrency.py", line 41, in run_in_threadpool
    return await anyio.to_thread.run_sync(func, *args)
           ^^^^^^^^^^^^^^^^^^^^^^^^^^^^^^^^^^^^^^^^^^^
  File "D:\UniMarket\.venv\Lib\site-packages\anyio\to_thread.py", line 56, in run_sync
    return await get_async_backend().run_sync_in_worker_thread(
           ^^^^^^^^^^^^^^^^^^^^^^^^^^^^^^^^^^^^^^^^^^^^^^^^^^^^
  File "D:\UniMarket\.venv\Lib\site-packages\anyio\_backends\_asyncio.py", line 2476, in run_sync_in_worker_thread
    return await future
           ^^^^^^^^^^^^
  File "D:\UniMarket\.venv\Lib\site-packages\anyio\_backends\_asyncio.py", line 967, in run
    result = context.run(func, *args)
             ^^^^^^^^^^^^^^^^^^^^^^^^
  File "D:\UniMarket\app\main.py", line 231, in list_items
    total = q.count()
            ^^^^^^^^^
  File "D:\UniMarket\.venv\Lib\site-packages\sqlalchemy\orm\query.py", line 3075, in count
    self._legacy_from_self(col).enable_eagerloads(False).scalar()
  File "D:\UniMarket\.venv\Lib\site-packages\sqlalchemy\orm\query.py", line 2769, in scalar
    ret = self.one()
          ^^^^^^^^^^
  File "D:\UniMarket\.venv\Lib\site-packages\sqlalchemy\orm\query.py", line 2742, in one
    return self._iter().one()  # type: ignore
           ^^^^^^^^^^^^
  File "D:\UniMarket\.venv\Lib\site-packages\sqlalchemy\orm\query.py", line 2791, in _iter
    result: Union[ScalarResult[_T], Result[_T]] = self.session.execute(
                                                  ^^^^^^^^^^^^^^^^^^^^^
  File "D:\UniMarket\.venv\Lib\site-packages\sqlalchemy\orm\session.py", line 2330, in execute
    return self._execute_internal(
           ^^^^^^^^^^^^^^^^^^^^^^^
  File "D:\UniMarket\.venv\Lib\site-packages\sqlalchemy\orm\session.py", line 2215, in _execute_internal
    result: Result[Any] = compile_state_cls.orm_execute_statement(
                          ^^^^^^^^^^^^^^^^^^^^^^^^^^^^^^^^^^^^^^^^
  File "D:\UniMarket\.venv\Lib\site-packages\sqlalchemy\orm\context.py", line 303, in orm_execute_statement
    result = conn.execute(
             ^^^^^^^^^^^^^
  File "D:\UniMarket\.venv\Lib\site-packages\sqlalchemy\engine\base.py", line 1400, in execute
    return meth(
           ^^^^^
  File "D:\UniMarket\.venv\Lib\site-packages\sqlalchemy\sql\elements.py", line 512, in _execute_on_connection
    return connection._execute_clauseelement(
           ^^^^^^^^^^^^^^^^^^^^^^^^^^^^^^^^^^
  File "D:\UniMarket\.venv\Lib\site-packages\sqlalchemy\engine\base.py", line 1616, in _execute_clauseelement
    ret = self._execute_context(
          ^^^^^^^^^^^^^^^^^^^^^^
  File "D:\UniMarket\.venv\Lib\site-packages\sqlalchemy\engine\base.py", line 1813, in _execute_context
    return self._exec_single_context(dialect, context, statement, parameters)
           ^^^^^^^^^^^^^^^^^^^^^^^^^^^^^^^^^^^^^^^^^^^^^^^^^^^^^^^^^^^^^^^^^^
  File "D:\UniMarket\.venv\Lib\site-packages\sqlalchemy\engine\base.py", line 1949, in _exec_single_context
    self._handle_dbapi_exception(
  File "D:\UniMarket\.venv\Lib\site-packages\sqlalchemy\engine\base.py", line 2299, in _handle_dbapi_exception
    raise sqlalchemy_exception.with_traceback(exc_info[2]) from e
  File "D:\UniMarket\.venv\Lib\site-packages\sqlalchemy\engine\base.py", line 1930, in _exec_single_context
    self.dialect.do_execute(
  File "D:\UniMarket\.venv\Lib\site-packages\sqlalchemy\engine\default.py", line 909, in do_execute
    cursor.execute(statement, parameters)
  File "D:\UniMarket\.venv\Lib\site-packages\psycopg\cursor.py", line 97, in execute
    raise ex.with_traceback(None)
sqlalchemy.exc.ProgrammingError: (psycopg.errors.UndefinedColumn) column items.owner_id does not exist
LINE 2: ...ms_price, items.category_id AS items_category_id, items.owne...
                                                             ^
[SQL: SELECT count(*) AS count_1 
FROM (SELECT items.id AS items_id, items.name AS items_name, items.description AS items_description, items.price AS items_price, items.category_id AS items_category_id, items.owner_id AS items_owner_id 
FROM items) AS anon_1]
(Background on this error at: https://sqlalche.me/e/20/f405)
2025-11-17 11:16:59,866 | INFO | üåê IP: 127.0.0.1 | üßç‚Äç‚ôÇÔ∏è User: anonymous | üë§ User: anonymous | Method: GET | Path: /docsUser-Agent: Mozilla/5.0 (Windows NT 10.0; Win64; x64) AppleWebKit/537.36 (KHTML, like Gecko) Chrome/142.0.0.0 Safari/537.36
2025-11-17 11:16:59,867 | INFO | ‚úÖ Completed GET /docs ‚Üí 200 (0.001s)
2025-11-17 11:17:00,040 | INFO | üåê IP: 127.0.0.1 | üßç‚Äç‚ôÇÔ∏è User: anonymous | üë§ User: anonymous | Method: GET | Path: /openapi.jsonUser-Agent: Mozilla/5.0 (Windows NT 10.0; Win64; x64) AppleWebKit/537.36 (KHTML, like Gecko) Chrome/142.0.0.0 Safari/537.36
2025-11-17 11:17:00,062 | INFO | ‚úÖ Completed GET /openapi.json ‚Üí 200 (0.022s)
2025-11-17 11:17:55,002 | INFO | üåê IP: 127.0.0.1 | üßç‚Äç‚ôÇÔ∏è User: anonymous | üë§ User: anonymous | Method: GET | Path: /itemsUser-Agent: Mozilla/5.0 (Windows NT 10.0; Win64; x64) AppleWebKit/537.36 (KHTML, like Gecko) Chrome/142.0.0.0 Safari/537.36
2025-11-17 11:17:55,105 | INFO | ‚úÖ Completed GET /items ‚Üí 200 (0.103s)
2025-11-17 11:18:14,749 | INFO | üåê IP: 127.0.0.1 | üßç‚Äç‚ôÇÔ∏è User: anonymous | üë§ User: anonymous | Method: GET | Path: /categoriesUser-Agent: Mozilla/5.0 (Windows NT 10.0; Win64; x64) AppleWebKit/537.36 (KHTML, like Gecko) Chrome/142.0.0.0 Safari/537.36
2025-11-17 11:18:14,756 | INFO | ‚úÖ Completed GET /categories ‚Üí 200 (0.006s)
2025-11-17 11:18:24,546 | INFO | üåê IP: 127.0.0.1 | üßç‚Äç‚ôÇÔ∏è User: anonymous | üë§ User: anonymous | Method: GET | Path: /itemsUser-Agent: Mozilla/5.0 (Windows NT 10.0; Win64; x64) AppleWebKit/537.36 (KHTML, like Gecko) Chrome/142.0.0.0 Safari/537.36
2025-11-17 11:18:24,568 | INFO | ‚úÖ Completed GET /items ‚Üí 200 (0.023s)
2025-11-17 11:19:50,115 | INFO | üåê IP: 127.0.0.1 | üßç‚Äç‚ôÇÔ∏è User: anonymous | üë§ User: anonymous | Method: GET | Path: /itemsUser-Agent: Mozilla/5.0 (Windows NT 10.0; Win64; x64) AppleWebKit/537.36 (KHTML, like Gecko) Chrome/142.0.0.0 Safari/537.36
2025-11-17 11:19:50,124 | INFO | ‚úÖ Completed GET /items ‚Üí 200 (0.01s)
2025-11-17 12:25:17,154 | INFO | üåê IP: 127.0.0.1 | üßç‚Äç‚ôÇÔ∏è User: anonymous | üë§ User: anonymous | Method: GET | Path: /docsUser-Agent: Mozilla/5.0 (Windows NT 10.0; Win64; x64) AppleWebKit/537.36 (KHTML, like Gecko) Chrome/142.0.0.0 Safari/537.36
2025-11-17 12:25:17,156 | INFO | ‚úÖ Completed GET /docs ‚Üí 200 (0.001s)
2025-11-17 12:25:17,491 | INFO | üåê IP: 127.0.0.1 | üßç‚Äç‚ôÇÔ∏è User: anonymous | üë§ User: anonymous | Method: GET | Path: /openapi.jsonUser-Agent: Mozilla/5.0 (Windows NT 10.0; Win64; x64) AppleWebKit/537.36 (KHTML, like Gecko) Chrome/142.0.0.0 Safari/537.36
2025-11-17 12:25:17,525 | INFO | ‚úÖ Completed GET /openapi.json ‚Üí 200 (0.034s)
2025-11-17 12:25:32,090 | INFO | üåê IP: 127.0.0.1 | üßç‚Äç‚ôÇÔ∏è User: anonymous | üë§ User: anonymous | Method: POST | Path: /auth/loginUser-Agent: Mozilla/5.0 (Windows NT 10.0; Win64; x64) AppleWebKit/537.36 (KHTML, like Gecko) Chrome/142.0.0.0 Safari/537.36
2025-11-17 12:25:37,439 | INFO | üåê IP: 127.0.0.1 | üßç‚Äç‚ôÇÔ∏è User: anonymous | üë§ User: anonymous | Method: POST | Path: /auth/loginUser-Agent: Mozilla/5.0 (Windows NT 10.0; Win64; x64) AppleWebKit/537.36 (KHTML, like Gecko) Chrome/142.0.0.0 Safari/537.36
2025-11-17 12:25:37,538 | ERROR | ‚ùå –û—à–∏–±–∫–∞ –ø—Ä–∏ –æ–±—Ä–∞–±–æ—Ç–∫–µ –∑–∞–ø—Ä–æ—Å–∞: (psycopg.errors.UndefinedTable) relation "users" does not exist
LINE 2: FROM users 
             ^
[SQL: SELECT users.id AS users_id, users.username AS users_username, users.password AS users_password, users.role AS users_role 
FROM users 
WHERE users.username = %(username_1)s::VARCHAR 
 LIMIT %(param_1)s::INTEGER]
[parameters: {'username_1': 'Alice7', 'param_1': 1}]
(Background on this error at: https://sqlalche.me/e/20/f405)
Traceback (most recent call last):
  File "D:\UniMarket\.venv\Lib\site-packages\sqlalchemy\engine\base.py", line 1930, in _exec_single_context
    self.dialect.do_execute(
  File "D:\UniMarket\.venv\Lib\site-packages\sqlalchemy\engine\default.py", line 909, in do_execute
    cursor.execute(statement, parameters)
  File "D:\UniMarket\.venv\Lib\site-packages\psycopg\cursor.py", line 97, in execute
    raise ex.with_traceback(None)
psycopg.errors.UndefinedTable: relation "users" does not exist
LINE 2: FROM users 
             ^

The above exception was the direct cause of the following exception:

Traceback (most recent call last):
  File "D:\UniMarket\app\middleware.py", line 44, in dispatch
    response = await call_next(request)
               ^^^^^^^^^^^^^^^^^^^^^^^^
  File "D:\UniMarket\.venv\Lib\site-packages\starlette\middleware\base.py", line 165, in call_next
    raise app_exc
  File "D:\UniMarket\.venv\Lib\site-packages\starlette\middleware\base.py", line 151, in coro
    await self.app(scope, receive_or_disconnect, send_no_error)
  File "D:\UniMarket\.venv\Lib\site-packages\starlette\middleware\exceptions.py", line 65, in __call__
    await wrap_app_handling_exceptions(self.app, conn)(scope, receive, send)
  File "D:\UniMarket\.venv\Lib\site-packages\starlette\_exception_handler.py", line 64, in wrapped_app
    raise exc
  File "D:\UniMarket\.venv\Lib\site-packages\starlette\_exception_handler.py", line 53, in wrapped_app
    await app(scope, receive, sender)
  File "D:\UniMarket\.venv\Lib\site-packages\starlette\routing.py", line 755, in __call__
    await self.middleware_stack(scope, receive, send)
  File "D:\UniMarket\.venv\Lib\site-packages\starlette\routing.py", line 775, in app
    await route.handle(scope, receive, send)
  File "D:\UniMarket\.venv\Lib\site-packages\starlette\routing.py", line 296, in handle
    await self.app(scope, receive, send)
  File "D:\UniMarket\.venv\Lib\site-packages\starlette\routing.py", line 78, in app
    await wrap_app_handling_exceptions(app, request)(scope, receive, send)
  File "D:\UniMarket\.venv\Lib\site-packages\starlette\_exception_handler.py", line 64, in wrapped_app
    raise exc
  File "D:\UniMarket\.venv\Lib\site-packages\starlette\_exception_handler.py", line 53, in wrapped_app
    await app(scope, receive, sender)
  File "D:\UniMarket\.venv\Lib\site-packages\starlette\routing.py", line 75, in app
    response = await f(request)
               ^^^^^^^^^^^^^^^^
  File "D:\UniMarket\.venv\Lib\site-packages\fastapi\routing.py", line 301, in app
    raw_response = await run_endpoint_function(
                   ^^^^^^^^^^^^^^^^^^^^^^^^^^^^
  File "D:\UniMarket\.venv\Lib\site-packages\fastapi\routing.py", line 214, in run_endpoint_function
    return await run_in_threadpool(dependant.call, **values)
           ^^^^^^^^^^^^^^^^^^^^^^^^^^^^^^^^^^^^^^^^^^^^^^^^^
  File "D:\UniMarket\.venv\Lib\site-packages\starlette\concurrency.py", line 41, in run_in_threadpool
    return await anyio.to_thread.run_sync(func, *args)
           ^^^^^^^^^^^^^^^^^^^^^^^^^^^^^^^^^^^^^^^^^^^
  File "D:\UniMarket\.venv\Lib\site-packages\anyio\to_thread.py", line 56, in run_sync
    return await get_async_backend().run_sync_in_worker_thread(
           ^^^^^^^^^^^^^^^^^^^^^^^^^^^^^^^^^^^^^^^^^^^^^^^^^^^^
  File "D:\UniMarket\.venv\Lib\site-packages\anyio\_backends\_asyncio.py", line 2476, in run_sync_in_worker_thread
    return await future
           ^^^^^^^^^^^^
  File "D:\UniMarket\.venv\Lib\site-packages\anyio\_backends\_asyncio.py", line 967, in run
    result = context.run(func, *args)
             ^^^^^^^^^^^^^^^^^^^^^^^^
  File "D:\UniMarket\app\main.py", line 107, in login_user
    user = db.query(User).filter(User.username == form_data.username).first()
           ^^^^^^^^^^^^^^^^^^^^^^^^^^^^^^^^^^^^^^^^^^^^^^^^^^^^^^^^^^^^^^^^^^
  File "D:\UniMarket\.venv\Lib\site-packages\sqlalchemy\orm\query.py", line 2692, in first
    return self.limit(1)._iter().first()  # type: ignore
           ^^^^^^^^^^^^^^^^^^^^^
  File "D:\UniMarket\.venv\Lib\site-packages\sqlalchemy\orm\query.py", line 2791, in _iter
    result: Union[ScalarResult[_T], Result[_T]] = self.session.execute(
                                                  ^^^^^^^^^^^^^^^^^^^^^
  File "D:\UniMarket\.venv\Lib\site-packages\sqlalchemy\orm\session.py", line 2330, in execute
    return self._execute_internal(
           ^^^^^^^^^^^^^^^^^^^^^^^
  File "D:\UniMarket\.venv\Lib\site-packages\sqlalchemy\orm\session.py", line 2215, in _execute_internal
    result: Result[Any] = compile_state_cls.orm_execute_statement(
                          ^^^^^^^^^^^^^^^^^^^^^^^^^^^^^^^^^^^^^^^^
  File "D:\UniMarket\.venv\Lib\site-packages\sqlalchemy\orm\context.py", line 303, in orm_execute_statement
    result = conn.execute(
             ^^^^^^^^^^^^^
  File "D:\UniMarket\.venv\Lib\site-packages\sqlalchemy\engine\base.py", line 1400, in execute
    return meth(
           ^^^^^
  File "D:\UniMarket\.venv\Lib\site-packages\sqlalchemy\sql\elements.py", line 512, in _execute_on_connection
    return connection._execute_clauseelement(
           ^^^^^^^^^^^^^^^^^^^^^^^^^^^^^^^^^^
  File "D:\UniMarket\.venv\Lib\site-packages\sqlalchemy\engine\base.py", line 1616, in _execute_clauseelement
    ret = self._execute_context(
          ^^^^^^^^^^^^^^^^^^^^^^
  File "D:\UniMarket\.venv\Lib\site-packages\sqlalchemy\engine\base.py", line 1813, in _execute_context
    return self._exec_single_context(dialect, context, statement, parameters)
           ^^^^^^^^^^^^^^^^^^^^^^^^^^^^^^^^^^^^^^^^^^^^^^^^^^^^^^^^^^^^^^^^^^
  File "D:\UniMarket\.venv\Lib\site-packages\sqlalchemy\engine\base.py", line 1949, in _exec_single_context
    self._handle_dbapi_exception(
  File "D:\UniMarket\.venv\Lib\site-packages\sqlalchemy\engine\base.py", line 2299, in _handle_dbapi_exception
    raise sqlalchemy_exception.with_traceback(exc_info[2]) from e
  File "D:\UniMarket\.venv\Lib\site-packages\sqlalchemy\engine\base.py", line 1930, in _exec_single_context
    self.dialect.do_execute(
  File "D:\UniMarket\.venv\Lib\site-packages\sqlalchemy\engine\default.py", line 909, in do_execute
    cursor.execute(statement, parameters)
  File "D:\UniMarket\.venv\Lib\site-packages\psycopg\cursor.py", line 97, in execute
    raise ex.with_traceback(None)
sqlalchemy.exc.ProgrammingError: (psycopg.errors.UndefinedTable) relation "users" does not exist
LINE 2: FROM users 
             ^
[SQL: SELECT users.id AS users_id, users.username AS users_username, users.password AS users_password, users.role AS users_role 
FROM users 
WHERE users.username = %(username_1)s::VARCHAR 
 LIMIT %(param_1)s::INTEGER]
[parameters: {'username_1': 'Alice7', 'param_1': 1}]
(Background on this error at: https://sqlalche.me/e/20/f405)
2025-11-17 12:25:48,730 | INFO | üåê IP: 127.0.0.1 | üßç‚Äç‚ôÇÔ∏è User: anonymous | üë§ User: anonymous | Method: GET | Path: /categoriesUser-Agent: Mozilla/5.0 (Windows NT 10.0; Win64; x64) AppleWebKit/537.36 (KHTML, like Gecko) Chrome/142.0.0.0 Safari/537.36
2025-11-17 12:25:48,749 | ERROR | ‚ùå –û—à–∏–±–∫–∞ –ø—Ä–∏ –æ–±—Ä–∞–±–æ—Ç–∫–µ –∑–∞–ø—Ä–æ—Å–∞: (psycopg.errors.UndefinedTable) relation "categories" does not exist
LINE 2: FROM categories
             ^
[SQL: SELECT categories.id AS categories_id, categories.name AS categories_name 
FROM categories]
(Background on this error at: https://sqlalche.me/e/20/f405)
Traceback (most recent call last):
  File "D:\UniMarket\.venv\Lib\site-packages\sqlalchemy\engine\base.py", line 1930, in _exec_single_context
    self.dialect.do_execute(
  File "D:\UniMarket\.venv\Lib\site-packages\sqlalchemy\engine\default.py", line 909, in do_execute
    cursor.execute(statement, parameters)
  File "D:\UniMarket\.venv\Lib\site-packages\psycopg\cursor.py", line 97, in execute
    raise ex.with_traceback(None)
psycopg.errors.UndefinedTable: relation "categories" does not exist
LINE 2: FROM categories
             ^

The above exception was the direct cause of the following exception:

Traceback (most recent call last):
  File "D:\UniMarket\app\middleware.py", line 44, in dispatch
    response = await call_next(request)
               ^^^^^^^^^^^^^^^^^^^^^^^^
  File "D:\UniMarket\.venv\Lib\site-packages\starlette\middleware\base.py", line 165, in call_next
    raise app_exc
  File "D:\UniMarket\.venv\Lib\site-packages\starlette\middleware\base.py", line 151, in coro
    await self.app(scope, receive_or_disconnect, send_no_error)
  File "D:\UniMarket\.venv\Lib\site-packages\starlette\middleware\exceptions.py", line 65, in __call__
    await wrap_app_handling_exceptions(self.app, conn)(scope, receive, send)
  File "D:\UniMarket\.venv\Lib\site-packages\starlette\_exception_handler.py", line 64, in wrapped_app
    raise exc
  File "D:\UniMarket\.venv\Lib\site-packages\starlette\_exception_handler.py", line 53, in wrapped_app
    await app(scope, receive, sender)
  File "D:\UniMarket\.venv\Lib\site-packages\starlette\routing.py", line 755, in __call__
    await self.middleware_stack(scope, receive, send)
  File "D:\UniMarket\.venv\Lib\site-packages\starlette\routing.py", line 775, in app
    await route.handle(scope, receive, send)
  File "D:\UniMarket\.venv\Lib\site-packages\starlette\routing.py", line 296, in handle
    await self.app(scope, receive, send)
  File "D:\UniMarket\.venv\Lib\site-packages\starlette\routing.py", line 78, in app
    await wrap_app_handling_exceptions(app, request)(scope, receive, send)
  File "D:\UniMarket\.venv\Lib\site-packages\starlette\_exception_handler.py", line 64, in wrapped_app
    raise exc
  File "D:\UniMarket\.venv\Lib\site-packages\starlette\_exception_handler.py", line 53, in wrapped_app
    await app(scope, receive, sender)
  File "D:\UniMarket\.venv\Lib\site-packages\starlette\routing.py", line 75, in app
    response = await f(request)
               ^^^^^^^^^^^^^^^^
  File "D:\UniMarket\.venv\Lib\site-packages\fastapi\routing.py", line 301, in app
    raw_response = await run_endpoint_function(
                   ^^^^^^^^^^^^^^^^^^^^^^^^^^^^
  File "D:\UniMarket\.venv\Lib\site-packages\fastapi\routing.py", line 214, in run_endpoint_function
    return await run_in_threadpool(dependant.call, **values)
           ^^^^^^^^^^^^^^^^^^^^^^^^^^^^^^^^^^^^^^^^^^^^^^^^^
  File "D:\UniMarket\.venv\Lib\site-packages\starlette\concurrency.py", line 41, in run_in_threadpool
    return await anyio.to_thread.run_sync(func, *args)
           ^^^^^^^^^^^^^^^^^^^^^^^^^^^^^^^^^^^^^^^^^^^
  File "D:\UniMarket\.venv\Lib\site-packages\anyio\to_thread.py", line 56, in run_sync
    return await get_async_backend().run_sync_in_worker_thread(
           ^^^^^^^^^^^^^^^^^^^^^^^^^^^^^^^^^^^^^^^^^^^^^^^^^^^^
  File "D:\UniMarket\.venv\Lib\site-packages\anyio\_backends\_asyncio.py", line 2476, in run_sync_in_worker_thread
    return await future
           ^^^^^^^^^^^^
  File "D:\UniMarket\.venv\Lib\site-packages\anyio\_backends\_asyncio.py", line 967, in run
    result = context.run(func, *args)
             ^^^^^^^^^^^^^^^^^^^^^^^^
  File "D:\UniMarket\app\main.py", line 305, in list_categories
    return db.query(Category).all()
           ^^^^^^^^^^^^^^^^^^^^^^^^
  File "D:\UniMarket\.venv\Lib\site-packages\sqlalchemy\orm\query.py", line 2637, in all
    return self._iter().all()  # type: ignore
           ^^^^^^^^^^^^
  File "D:\UniMarket\.venv\Lib\site-packages\sqlalchemy\orm\query.py", line 2791, in _iter
    result: Union[ScalarResult[_T], Result[_T]] = self.session.execute(
                                                  ^^^^^^^^^^^^^^^^^^^^^
  File "D:\UniMarket\.venv\Lib\site-packages\sqlalchemy\orm\session.py", line 2330, in execute
    return self._execute_internal(
           ^^^^^^^^^^^^^^^^^^^^^^^
  File "D:\UniMarket\.venv\Lib\site-packages\sqlalchemy\orm\session.py", line 2215, in _execute_internal
    result: Result[Any] = compile_state_cls.orm_execute_statement(
                          ^^^^^^^^^^^^^^^^^^^^^^^^^^^^^^^^^^^^^^^^
  File "D:\UniMarket\.venv\Lib\site-packages\sqlalchemy\orm\context.py", line 303, in orm_execute_statement
    result = conn.execute(
             ^^^^^^^^^^^^^
  File "D:\UniMarket\.venv\Lib\site-packages\sqlalchemy\engine\base.py", line 1400, in execute
    return meth(
           ^^^^^
  File "D:\UniMarket\.venv\Lib\site-packages\sqlalchemy\sql\elements.py", line 512, in _execute_on_connection
    return connection._execute_clauseelement(
           ^^^^^^^^^^^^^^^^^^^^^^^^^^^^^^^^^^
  File "D:\UniMarket\.venv\Lib\site-packages\sqlalchemy\engine\base.py", line 1616, in _execute_clauseelement
    ret = self._execute_context(
          ^^^^^^^^^^^^^^^^^^^^^^
  File "D:\UniMarket\.venv\Lib\site-packages\sqlalchemy\engine\base.py", line 1813, in _execute_context
    return self._exec_single_context(dialect, context, statement, parameters)
           ^^^^^^^^^^^^^^^^^^^^^^^^^^^^^^^^^^^^^^^^^^^^^^^^^^^^^^^^^^^^^^^^^^
  File "D:\UniMarket\.venv\Lib\site-packages\sqlalchemy\engine\base.py", line 1949, in _exec_single_context
    self._handle_dbapi_exception(
  File "D:\UniMarket\.venv\Lib\site-packages\sqlalchemy\engine\base.py", line 2299, in _handle_dbapi_exception
    raise sqlalchemy_exception.with_traceback(exc_info[2]) from e
  File "D:\UniMarket\.venv\Lib\site-packages\sqlalchemy\engine\base.py", line 1930, in _exec_single_context
    self.dialect.do_execute(
  File "D:\UniMarket\.venv\Lib\site-packages\sqlalchemy\engine\default.py", line 909, in do_execute
    cursor.execute(statement, parameters)
  File "D:\UniMarket\.venv\Lib\site-packages\psycopg\cursor.py", line 97, in execute
    raise ex.with_traceback(None)
sqlalchemy.exc.ProgrammingError: (psycopg.errors.UndefinedTable) relation "categories" does not exist
LINE 2: FROM categories
             ^
[SQL: SELECT categories.id AS categories_id, categories.name AS categories_name 
FROM categories]
(Background on this error at: https://sqlalche.me/e/20/f405)
2025-11-17 12:26:02,763 | ERROR | ‚ùå –û—à–∏–±–∫–∞ –ø—Ä–∏ –æ–±—Ä–∞–±–æ—Ç–∫–µ –∑–∞–ø—Ä–æ—Å–∞: (psycopg.errors.UndefinedTable) relation "users" does not exist
LINE 2: FROM users 
             ^
[SQL: SELECT users.id AS users_id, users.username AS users_username, users.password AS users_password, users.role AS users_role 
FROM users 
WHERE users.username = %(username_1)s::VARCHAR 
 LIMIT %(param_1)s::INTEGER]
[parameters: {'username_1': 'Alice7', 'param_1': 1}]
(Background on this error at: https://sqlalche.me/e/20/f405)
Traceback (most recent call last):
  File "D:\UniMarket\.venv\Lib\site-packages\sqlalchemy\engine\base.py", line 1930, in _exec_single_context
    self.dialect.do_execute(
  File "D:\UniMarket\.venv\Lib\site-packages\sqlalchemy\engine\default.py", line 909, in do_execute
    cursor.execute(statement, parameters)
  File "D:\UniMarket\.venv\Lib\site-packages\psycopg\cursor.py", line 97, in execute
    raise ex.with_traceback(None)
psycopg.errors.UndefinedTable: relation "users" does not exist
LINE 2: FROM users 
             ^

The above exception was the direct cause of the following exception:

Traceback (most recent call last):
  File "D:\UniMarket\app\middleware.py", line 44, in dispatch
    response = await call_next(request)
               ^^^^^^^^^^^^^^^^^^^^^^^^
  File "D:\UniMarket\.venv\Lib\site-packages\starlette\middleware\base.py", line 165, in call_next
    raise app_exc
  File "D:\UniMarket\.venv\Lib\site-packages\starlette\middleware\base.py", line 151, in coro
    await self.app(scope, receive_or_disconnect, send_no_error)
  File "D:\UniMarket\.venv\Lib\site-packages\starlette\middleware\exceptions.py", line 65, in __call__
    await wrap_app_handling_exceptions(self.app, conn)(scope, receive, send)
  File "D:\UniMarket\.venv\Lib\site-packages\starlette\_exception_handler.py", line 64, in wrapped_app
    raise exc
  File "D:\UniMarket\.venv\Lib\site-packages\starlette\_exception_handler.py", line 53, in wrapped_app
    await app(scope, receive, sender)
  File "D:\UniMarket\.venv\Lib\site-packages\starlette\routing.py", line 755, in __call__
    await self.middleware_stack(scope, receive, send)
  File "D:\UniMarket\.venv\Lib\site-packages\starlette\routing.py", line 775, in app
    await route.handle(scope, receive, send)
  File "D:\UniMarket\.venv\Lib\site-packages\starlette\routing.py", line 296, in handle
    await self.app(scope, receive, send)
  File "D:\UniMarket\.venv\Lib\site-packages\starlette\routing.py", line 78, in app
    await wrap_app_handling_exceptions(app, request)(scope, receive, send)
  File "D:\UniMarket\.venv\Lib\site-packages\starlette\_exception_handler.py", line 64, in wrapped_app
    raise exc
  File "D:\UniMarket\.venv\Lib\site-packages\starlette\_exception_handler.py", line 53, in wrapped_app
    await app(scope, receive, sender)
  File "D:\UniMarket\.venv\Lib\site-packages\starlette\routing.py", line 75, in app
    response = await f(request)
               ^^^^^^^^^^^^^^^^
  File "D:\UniMarket\.venv\Lib\site-packages\fastapi\routing.py", line 301, in app
    raw_response = await run_endpoint_function(
                   ^^^^^^^^^^^^^^^^^^^^^^^^^^^^
  File "D:\UniMarket\.venv\Lib\site-packages\fastapi\routing.py", line 214, in run_endpoint_function
    return await run_in_threadpool(dependant.call, **values)
           ^^^^^^^^^^^^^^^^^^^^^^^^^^^^^^^^^^^^^^^^^^^^^^^^^
  File "D:\UniMarket\.venv\Lib\site-packages\starlette\concurrency.py", line 41, in run_in_threadpool
    return await anyio.to_thread.run_sync(func, *args)
           ^^^^^^^^^^^^^^^^^^^^^^^^^^^^^^^^^^^^^^^^^^^
  File "D:\UniMarket\.venv\Lib\site-packages\anyio\to_thread.py", line 56, in run_sync
    return await get_async_backend().run_sync_in_worker_thread(
           ^^^^^^^^^^^^^^^^^^^^^^^^^^^^^^^^^^^^^^^^^^^^^^^^^^^^
  File "D:\UniMarket\.venv\Lib\site-packages\anyio\_backends\_asyncio.py", line 2476, in run_sync_in_worker_thread
    return await future
           ^^^^^^^^^^^^
  File "D:\UniMarket\.venv\Lib\site-packages\anyio\_backends\_asyncio.py", line 967, in run
    result = context.run(func, *args)
             ^^^^^^^^^^^^^^^^^^^^^^^^
  File "D:\UniMarket\app\main.py", line 107, in login_user
    user = db.query(User).filter(User.username == form_data.username).first()
           ^^^^^^^^^^^^^^^^^^^^^^^^^^^^^^^^^^^^^^^^^^^^^^^^^^^^^^^^^^^^^^^^^^
  File "D:\UniMarket\.venv\Lib\site-packages\sqlalchemy\orm\query.py", line 2692, in first
    return self.limit(1)._iter().first()  # type: ignore
           ^^^^^^^^^^^^^^^^^^^^^
  File "D:\UniMarket\.venv\Lib\site-packages\sqlalchemy\orm\query.py", line 2791, in _iter
    result: Union[ScalarResult[_T], Result[_T]] = self.session.execute(
                                                  ^^^^^^^^^^^^^^^^^^^^^
  File "D:\UniMarket\.venv\Lib\site-packages\sqlalchemy\orm\session.py", line 2330, in execute
    return self._execute_internal(
           ^^^^^^^^^^^^^^^^^^^^^^^
  File "D:\UniMarket\.venv\Lib\site-packages\sqlalchemy\orm\session.py", line 2215, in _execute_internal
    result: Result[Any] = compile_state_cls.orm_execute_statement(
                          ^^^^^^^^^^^^^^^^^^^^^^^^^^^^^^^^^^^^^^^^
  File "D:\UniMarket\.venv\Lib\site-packages\sqlalchemy\orm\context.py", line 303, in orm_execute_statement
    result = conn.execute(
             ^^^^^^^^^^^^^
  File "D:\UniMarket\.venv\Lib\site-packages\sqlalchemy\engine\base.py", line 1400, in execute
    return meth(
           ^^^^^
  File "D:\UniMarket\.venv\Lib\site-packages\sqlalchemy\sql\elements.py", line 512, in _execute_on_connection
    return connection._execute_clauseelement(
           ^^^^^^^^^^^^^^^^^^^^^^^^^^^^^^^^^^
  File "D:\UniMarket\.venv\Lib\site-packages\sqlalchemy\engine\base.py", line 1616, in _execute_clauseelement
    ret = self._execute_context(
          ^^^^^^^^^^^^^^^^^^^^^^
  File "D:\UniMarket\.venv\Lib\site-packages\sqlalchemy\engine\base.py", line 1813, in _execute_context
    return self._exec_single_context(dialect, context, statement, parameters)
           ^^^^^^^^^^^^^^^^^^^^^^^^^^^^^^^^^^^^^^^^^^^^^^^^^^^^^^^^^^^^^^^^^^
  File "D:\UniMarket\.venv\Lib\site-packages\sqlalchemy\engine\base.py", line 1949, in _exec_single_context
    self._handle_dbapi_exception(
  File "D:\UniMarket\.venv\Lib\site-packages\sqlalchemy\engine\base.py", line 2299, in _handle_dbapi_exception
    raise sqlalchemy_exception.with_traceback(exc_info[2]) from e
  File "D:\UniMarket\.venv\Lib\site-packages\sqlalchemy\engine\base.py", line 1930, in _exec_single_context
    self.dialect.do_execute(
  File "D:\UniMarket\.venv\Lib\site-packages\sqlalchemy\engine\default.py", line 909, in do_execute
    cursor.execute(statement, parameters)
  File "D:\UniMarket\.venv\Lib\site-packages\psycopg\cursor.py", line 97, in execute
    raise ex.with_traceback(None)
sqlalchemy.exc.ProgrammingError: (psycopg.errors.UndefinedTable) relation "users" does not exist
LINE 2: FROM users 
             ^
[SQL: SELECT users.id AS users_id, users.username AS users_username, users.password AS users_password, users.role AS users_role 
FROM users 
WHERE users.username = %(username_1)s::VARCHAR 
 LIMIT %(param_1)s::INTEGER]
[parameters: {'username_1': 'Alice7', 'param_1': 1}]
(Background on this error at: https://sqlalche.me/e/20/f405)
2025-11-17 12:26:05,844 | INFO | üåê IP: 127.0.0.1 | üßç‚Äç‚ôÇÔ∏è User: anonymous | üë§ User: anonymous | Method: GET | Path: /itemsUser-Agent: Mozilla/5.0 (Windows NT 10.0; Win64; x64) AppleWebKit/537.36 (KHTML, like Gecko) Chrome/142.0.0.0 Safari/537.36
2025-11-17 12:26:05,872 | ERROR | ‚ùå –û—à–∏–±–∫–∞ –ø—Ä–∏ –æ–±—Ä–∞–±–æ—Ç–∫–µ –∑–∞–ø—Ä–æ—Å–∞: (psycopg.errors.UndefinedTable) relation "items" does not exist
LINE 3: FROM items) AS anon_1
             ^
[SQL: SELECT count(*) AS count_1 
FROM (SELECT items.id AS items_id, items.name AS items_name, items.description AS items_description, items.price AS items_price, items.category_id AS items_category_id, items.owner_id AS items_owner_id 
FROM items) AS anon_1]
(Background on this error at: https://sqlalche.me/e/20/f405)
Traceback (most recent call last):
  File "D:\UniMarket\.venv\Lib\site-packages\sqlalchemy\engine\base.py", line 1930, in _exec_single_context
    self.dialect.do_execute(
  File "D:\UniMarket\.venv\Lib\site-packages\sqlalchemy\engine\default.py", line 909, in do_execute
    cursor.execute(statement, parameters)
  File "D:\UniMarket\.venv\Lib\site-packages\psycopg\cursor.py", line 97, in execute
    raise ex.with_traceback(None)
psycopg.errors.UndefinedTable: relation "items" does not exist
LINE 3: FROM items) AS anon_1
             ^

The above exception was the direct cause of the following exception:

Traceback (most recent call last):
  File "D:\UniMarket\app\middleware.py", line 44, in dispatch
    response = await call_next(request)
               ^^^^^^^^^^^^^^^^^^^^^^^^
  File "D:\UniMarket\.venv\Lib\site-packages\starlette\middleware\base.py", line 165, in call_next
    raise app_exc
  File "D:\UniMarket\.venv\Lib\site-packages\starlette\middleware\base.py", line 151, in coro
    await self.app(scope, receive_or_disconnect, send_no_error)
  File "D:\UniMarket\.venv\Lib\site-packages\starlette\middleware\exceptions.py", line 65, in __call__
    await wrap_app_handling_exceptions(self.app, conn)(scope, receive, send)
  File "D:\UniMarket\.venv\Lib\site-packages\starlette\_exception_handler.py", line 64, in wrapped_app
    raise exc
  File "D:\UniMarket\.venv\Lib\site-packages\starlette\_exception_handler.py", line 53, in wrapped_app
    await app(scope, receive, sender)
  File "D:\UniMarket\.venv\Lib\site-packages\starlette\routing.py", line 755, in __call__
    await self.middleware_stack(scope, receive, send)
  File "D:\UniMarket\.venv\Lib\site-packages\starlette\routing.py", line 775, in app
    await route.handle(scope, receive, send)
  File "D:\UniMarket\.venv\Lib\site-packages\starlette\routing.py", line 296, in handle
    await self.app(scope, receive, send)
  File "D:\UniMarket\.venv\Lib\site-packages\starlette\routing.py", line 78, in app
    await wrap_app_handling_exceptions(app, request)(scope, receive, send)
  File "D:\UniMarket\.venv\Lib\site-packages\starlette\_exception_handler.py", line 64, in wrapped_app
    raise exc
  File "D:\UniMarket\.venv\Lib\site-packages\starlette\_exception_handler.py", line 53, in wrapped_app
    await app(scope, receive, sender)
  File "D:\UniMarket\.venv\Lib\site-packages\starlette\routing.py", line 75, in app
    response = await f(request)
               ^^^^^^^^^^^^^^^^
  File "D:\UniMarket\.venv\Lib\site-packages\fastapi\routing.py", line 301, in app
    raw_response = await run_endpoint_function(
                   ^^^^^^^^^^^^^^^^^^^^^^^^^^^^
  File "D:\UniMarket\.venv\Lib\site-packages\fastapi\routing.py", line 214, in run_endpoint_function
    return await run_in_threadpool(dependant.call, **values)
           ^^^^^^^^^^^^^^^^^^^^^^^^^^^^^^^^^^^^^^^^^^^^^^^^^
  File "D:\UniMarket\.venv\Lib\site-packages\starlette\concurrency.py", line 41, in run_in_threadpool
    return await anyio.to_thread.run_sync(func, *args)
           ^^^^^^^^^^^^^^^^^^^^^^^^^^^^^^^^^^^^^^^^^^^
  File "D:\UniMarket\.venv\Lib\site-packages\anyio\to_thread.py", line 56, in run_sync
    return await get_async_backend().run_sync_in_worker_thread(
           ^^^^^^^^^^^^^^^^^^^^^^^^^^^^^^^^^^^^^^^^^^^^^^^^^^^^
  File "D:\UniMarket\.venv\Lib\site-packages\anyio\_backends\_asyncio.py", line 2476, in run_sync_in_worker_thread
    return await future
           ^^^^^^^^^^^^
  File "D:\UniMarket\.venv\Lib\site-packages\anyio\_backends\_asyncio.py", line 967, in run
    result = context.run(func, *args)
             ^^^^^^^^^^^^^^^^^^^^^^^^
  File "D:\UniMarket\app\main.py", line 231, in list_items
    total = q.count()
            ^^^^^^^^^
  File "D:\UniMarket\.venv\Lib\site-packages\sqlalchemy\orm\query.py", line 3075, in count
    self._legacy_from_self(col).enable_eagerloads(False).scalar()
  File "D:\UniMarket\.venv\Lib\site-packages\sqlalchemy\orm\query.py", line 2769, in scalar
    ret = self.one()
          ^^^^^^^^^^
  File "D:\UniMarket\.venv\Lib\site-packages\sqlalchemy\orm\query.py", line 2742, in one
    return self._iter().one()  # type: ignore
           ^^^^^^^^^^^^
  File "D:\UniMarket\.venv\Lib\site-packages\sqlalchemy\orm\query.py", line 2791, in _iter
    result: Union[ScalarResult[_T], Result[_T]] = self.session.execute(
                                                  ^^^^^^^^^^^^^^^^^^^^^
  File "D:\UniMarket\.venv\Lib\site-packages\sqlalchemy\orm\session.py", line 2330, in execute
    return self._execute_internal(
           ^^^^^^^^^^^^^^^^^^^^^^^
  File "D:\UniMarket\.venv\Lib\site-packages\sqlalchemy\orm\session.py", line 2215, in _execute_internal
    result: Result[Any] = compile_state_cls.orm_execute_statement(
                          ^^^^^^^^^^^^^^^^^^^^^^^^^^^^^^^^^^^^^^^^
  File "D:\UniMarket\.venv\Lib\site-packages\sqlalchemy\orm\context.py", line 303, in orm_execute_statement
    result = conn.execute(
             ^^^^^^^^^^^^^
  File "D:\UniMarket\.venv\Lib\site-packages\sqlalchemy\engine\base.py", line 1400, in execute
    return meth(
           ^^^^^
  File "D:\UniMarket\.venv\Lib\site-packages\sqlalchemy\sql\elements.py", line 512, in _execute_on_connection
    return connection._execute_clauseelement(
           ^^^^^^^^^^^^^^^^^^^^^^^^^^^^^^^^^^
  File "D:\UniMarket\.venv\Lib\site-packages\sqlalchemy\engine\base.py", line 1616, in _execute_clauseelement
    ret = self._execute_context(
          ^^^^^^^^^^^^^^^^^^^^^^
  File "D:\UniMarket\.venv\Lib\site-packages\sqlalchemy\engine\base.py", line 1813, in _execute_context
    return self._exec_single_context(dialect, context, statement, parameters)
           ^^^^^^^^^^^^^^^^^^^^^^^^^^^^^^^^^^^^^^^^^^^^^^^^^^^^^^^^^^^^^^^^^^
  File "D:\UniMarket\.venv\Lib\site-packages\sqlalchemy\engine\base.py", line 1949, in _exec_single_context
    self._handle_dbapi_exception(
  File "D:\UniMarket\.venv\Lib\site-packages\sqlalchemy\engine\base.py", line 2299, in _handle_dbapi_exception
    raise sqlalchemy_exception.with_traceback(exc_info[2]) from e
  File "D:\UniMarket\.venv\Lib\site-packages\sqlalchemy\engine\base.py", line 1930, in _exec_single_context
    self.dialect.do_execute(
  File "D:\UniMarket\.venv\Lib\site-packages\sqlalchemy\engine\default.py", line 909, in do_execute
    cursor.execute(statement, parameters)
  File "D:\UniMarket\.venv\Lib\site-packages\psycopg\cursor.py", line 97, in execute
    raise ex.with_traceback(None)
sqlalchemy.exc.ProgrammingError: (psycopg.errors.UndefinedTable) relation "items" does not exist
LINE 3: FROM items) AS anon_1
             ^
[SQL: SELECT count(*) AS count_1 
FROM (SELECT items.id AS items_id, items.name AS items_name, items.description AS items_description, items.price AS items_price, items.category_id AS items_category_id, items.owner_id AS items_owner_id 
FROM items) AS anon_1]
(Background on this error at: https://sqlalche.me/e/20/f405)
2025-11-17 12:26:58,879 | INFO | üåê IP: 127.0.0.1 | üßç‚Äç‚ôÇÔ∏è User: anonymous | üë§ User: anonymous | Method: POST | Path: /auth/registerUser-Agent: Mozilla/5.0 (Windows NT 10.0; Win64; x64) AppleWebKit/537.36 (KHTML, like Gecko) Chrome/142.0.0.0 Safari/537.36
2025-11-17 12:26:58,910 | ERROR | ‚ùå –û—à–∏–±–∫–∞ –ø—Ä–∏ –æ–±—Ä–∞–±–æ—Ç–∫–µ –∑–∞–ø—Ä–æ—Å–∞: (psycopg.errors.UndefinedTable) relation "users" does not exist
LINE 2: FROM users 
             ^
[SQL: SELECT users.id AS users_id, users.username AS users_username, users.password AS users_password, users.role AS users_role 
FROM users 
WHERE users.username = %(username_1)s::VARCHAR 
 LIMIT %(param_1)s::INTEGER]
[parameters: {'username_1': 'Alice', 'param_1': 1}]
(Background on this error at: https://sqlalche.me/e/20/f405)
Traceback (most recent call last):
  File "D:\UniMarket\.venv\Lib\site-packages\sqlalchemy\engine\base.py", line 1930, in _exec_single_context
    self.dialect.do_execute(
  File "D:\UniMarket\.venv\Lib\site-packages\sqlalchemy\engine\default.py", line 909, in do_execute
    cursor.execute(statement, parameters)
  File "D:\UniMarket\.venv\Lib\site-packages\psycopg\cursor.py", line 97, in execute
    raise ex.with_traceback(None)
psycopg.errors.UndefinedTable: relation "users" does not exist
LINE 2: FROM users 
             ^

The above exception was the direct cause of the following exception:

Traceback (most recent call last):
  File "D:\UniMarket\app\middleware.py", line 44, in dispatch
    response = await call_next(request)
               ^^^^^^^^^^^^^^^^^^^^^^^^
  File "D:\UniMarket\.venv\Lib\site-packages\starlette\middleware\base.py", line 165, in call_next
    raise app_exc
  File "D:\UniMarket\.venv\Lib\site-packages\starlette\middleware\base.py", line 151, in coro
    await self.app(scope, receive_or_disconnect, send_no_error)
  File "D:\UniMarket\.venv\Lib\site-packages\starlette\middleware\exceptions.py", line 65, in __call__
    await wrap_app_handling_exceptions(self.app, conn)(scope, receive, send)
  File "D:\UniMarket\.venv\Lib\site-packages\starlette\_exception_handler.py", line 64, in wrapped_app
    raise exc
  File "D:\UniMarket\.venv\Lib\site-packages\starlette\_exception_handler.py", line 53, in wrapped_app
    await app(scope, receive, sender)
  File "D:\UniMarket\.venv\Lib\site-packages\starlette\routing.py", line 755, in __call__
    await self.middleware_stack(scope, receive, send)
  File "D:\UniMarket\.venv\Lib\site-packages\starlette\routing.py", line 775, in app
    await route.handle(scope, receive, send)
  File "D:\UniMarket\.venv\Lib\site-packages\starlette\routing.py", line 296, in handle
    await self.app(scope, receive, send)
  File "D:\UniMarket\.venv\Lib\site-packages\starlette\routing.py", line 78, in app
    await wrap_app_handling_exceptions(app, request)(scope, receive, send)
  File "D:\UniMarket\.venv\Lib\site-packages\starlette\_exception_handler.py", line 64, in wrapped_app
    raise exc
  File "D:\UniMarket\.venv\Lib\site-packages\starlette\_exception_handler.py", line 53, in wrapped_app
    await app(scope, receive, sender)
  File "D:\UniMarket\.venv\Lib\site-packages\starlette\routing.py", line 75, in app
    response = await f(request)
               ^^^^^^^^^^^^^^^^
  File "D:\UniMarket\.venv\Lib\site-packages\fastapi\routing.py", line 301, in app
    raw_response = await run_endpoint_function(
                   ^^^^^^^^^^^^^^^^^^^^^^^^^^^^
  File "D:\UniMarket\.venv\Lib\site-packages\fastapi\routing.py", line 214, in run_endpoint_function
    return await run_in_threadpool(dependant.call, **values)
           ^^^^^^^^^^^^^^^^^^^^^^^^^^^^^^^^^^^^^^^^^^^^^^^^^
  File "D:\UniMarket\.venv\Lib\site-packages\starlette\concurrency.py", line 41, in run_in_threadpool
    return await anyio.to_thread.run_sync(func, *args)
           ^^^^^^^^^^^^^^^^^^^^^^^^^^^^^^^^^^^^^^^^^^^
  File "D:\UniMarket\.venv\Lib\site-packages\anyio\to_thread.py", line 56, in run_sync
    return await get_async_backend().run_sync_in_worker_thread(
           ^^^^^^^^^^^^^^^^^^^^^^^^^^^^^^^^^^^^^^^^^^^^^^^^^^^^
  File "D:\UniMarket\.venv\Lib\site-packages\anyio\_backends\_asyncio.py", line 2476, in run_sync_in_worker_thread
    return await future
           ^^^^^^^^^^^^
  File "D:\UniMarket\.venv\Lib\site-packages\anyio\_backends\_asyncio.py", line 967, in run
    result = context.run(func, *args)
             ^^^^^^^^^^^^^^^^^^^^^^^^
  File "D:\UniMarket\app\main.py", line 91, in register_user
    existing_user = db.query(User).filter(User.username == request.username).first()
                    ^^^^^^^^^^^^^^^^^^^^^^^^^^^^^^^^^^^^^^^^^^^^^^^^^^^^^^^^^^^^^^^^
  File "D:\UniMarket\.venv\Lib\site-packages\sqlalchemy\orm\query.py", line 2692, in first
    return self.limit(1)._iter().first()  # type: ignore
           ^^^^^^^^^^^^^^^^^^^^^
  File "D:\UniMarket\.venv\Lib\site-packages\sqlalchemy\orm\query.py", line 2791, in _iter
    result: Union[ScalarResult[_T], Result[_T]] = self.session.execute(
                                                  ^^^^^^^^^^^^^^^^^^^^^
  File "D:\UniMarket\.venv\Lib\site-packages\sqlalchemy\orm\session.py", line 2330, in execute
    return self._execute_internal(
           ^^^^^^^^^^^^^^^^^^^^^^^
  File "D:\UniMarket\.venv\Lib\site-packages\sqlalchemy\orm\session.py", line 2215, in _execute_internal
    result: Result[Any] = compile_state_cls.orm_execute_statement(
                          ^^^^^^^^^^^^^^^^^^^^^^^^^^^^^^^^^^^^^^^^
  File "D:\UniMarket\.venv\Lib\site-packages\sqlalchemy\orm\context.py", line 303, in orm_execute_statement
    result = conn.execute(
             ^^^^^^^^^^^^^
  File "D:\UniMarket\.venv\Lib\site-packages\sqlalchemy\engine\base.py", line 1400, in execute
    return meth(
           ^^^^^
  File "D:\UniMarket\.venv\Lib\site-packages\sqlalchemy\sql\elements.py", line 512, in _execute_on_connection
    return connection._execute_clauseelement(
           ^^^^^^^^^^^^^^^^^^^^^^^^^^^^^^^^^^
  File "D:\UniMarket\.venv\Lib\site-packages\sqlalchemy\engine\base.py", line 1616, in _execute_clauseelement
    ret = self._execute_context(
          ^^^^^^^^^^^^^^^^^^^^^^
  File "D:\UniMarket\.venv\Lib\site-packages\sqlalchemy\engine\base.py", line 1813, in _execute_context
    return self._exec_single_context(dialect, context, statement, parameters)
           ^^^^^^^^^^^^^^^^^^^^^^^^^^^^^^^^^^^^^^^^^^^^^^^^^^^^^^^^^^^^^^^^^^
  File "D:\UniMarket\.venv\Lib\site-packages\sqlalchemy\engine\base.py", line 1949, in _exec_single_context
    self._handle_dbapi_exception(
  File "D:\UniMarket\.venv\Lib\site-packages\sqlalchemy\engine\base.py", line 2299, in _handle_dbapi_exception
    raise sqlalchemy_exception.with_traceback(exc_info[2]) from e
  File "D:\UniMarket\.venv\Lib\site-packages\sqlalchemy\engine\base.py", line 1930, in _exec_single_context
    self.dialect.do_execute(
  File "D:\UniMarket\.venv\Lib\site-packages\sqlalchemy\engine\default.py", line 909, in do_execute
    cursor.execute(statement, parameters)
  File "D:\UniMarket\.venv\Lib\site-packages\psycopg\cursor.py", line 97, in execute
    raise ex.with_traceback(None)
sqlalchemy.exc.ProgrammingError: (psycopg.errors.UndefinedTable) relation "users" does not exist
LINE 2: FROM users 
             ^
[SQL: SELECT users.id AS users_id, users.username AS users_username, users.password AS users_password, users.role AS users_role 
FROM users 
WHERE users.username = %(username_1)s::VARCHAR 
 LIMIT %(param_1)s::INTEGER]
[parameters: {'username_1': 'Alice', 'param_1': 1}]
(Background on this error at: https://sqlalche.me/e/20/f405)
2025-11-17 12:28:14,730 | INFO | üåê IP: 127.0.0.1 | üßç‚Äç‚ôÇÔ∏è User: anonymous | üë§ User: anonymous | Method: POST | Path: /auth/registerUser-Agent: Mozilla/5.0 (Windows NT 10.0; Win64; x64) AppleWebKit/537.36 (KHTML, like Gecko) Chrome/142.0.0.0 Safari/537.36
2025-11-17 12:28:14,738 | ERROR | ‚ùå –û—à–∏–±–∫–∞ –ø—Ä–∏ –æ–±—Ä–∞–±–æ—Ç–∫–µ –∑–∞–ø—Ä–æ—Å–∞: (psycopg.errors.UndefinedTable) relation "users" does not exist
LINE 2: FROM users 
             ^
[SQL: SELECT users.id AS users_id, users.username AS users_username, users.password AS users_password, users.role AS users_role 
FROM users 
WHERE users.username = %(username_1)s::VARCHAR 
 LIMIT %(param_1)s::INTEGER]
[parameters: {'username_1': 'Alice', 'param_1': 1}]
(Background on this error at: https://sqlalche.me/e/20/f405)
Traceback (most recent call last):
  File "D:\UniMarket\.venv\Lib\site-packages\sqlalchemy\engine\base.py", line 1930, in _exec_single_context
    self.dialect.do_execute(
  File "D:\UniMarket\.venv\Lib\site-packages\sqlalchemy\engine\default.py", line 909, in do_execute
    cursor.execute(statement, parameters)
  File "D:\UniMarket\.venv\Lib\site-packages\psycopg\cursor.py", line 97, in execute
    raise ex.with_traceback(None)
psycopg.errors.UndefinedTable: relation "users" does not exist
LINE 2: FROM users 
             ^

The above exception was the direct cause of the following exception:

Traceback (most recent call last):
  File "D:\UniMarket\app\middleware.py", line 44, in dispatch
    response = await call_next(request)
               ^^^^^^^^^^^^^^^^^^^^^^^^
  File "D:\UniMarket\.venv\Lib\site-packages\starlette\middleware\base.py", line 165, in call_next
    raise app_exc
  File "D:\UniMarket\.venv\Lib\site-packages\starlette\middleware\base.py", line 151, in coro
    await self.app(scope, receive_or_disconnect, send_no_error)
  File "D:\UniMarket\.venv\Lib\site-packages\starlette\middleware\exceptions.py", line 65, in __call__
    await wrap_app_handling_exceptions(self.app, conn)(scope, receive, send)
  File "D:\UniMarket\.venv\Lib\site-packages\starlette\_exception_handler.py", line 64, in wrapped_app
    raise exc
  File "D:\UniMarket\.venv\Lib\site-packages\starlette\_exception_handler.py", line 53, in wrapped_app
    await app(scope, receive, sender)
  File "D:\UniMarket\.venv\Lib\site-packages\starlette\routing.py", line 755, in __call__
    await self.middleware_stack(scope, receive, send)
  File "D:\UniMarket\.venv\Lib\site-packages\starlette\routing.py", line 775, in app
    await route.handle(scope, receive, send)
  File "D:\UniMarket\.venv\Lib\site-packages\starlette\routing.py", line 296, in handle
    await self.app(scope, receive, send)
  File "D:\UniMarket\.venv\Lib\site-packages\starlette\routing.py", line 78, in app
    await wrap_app_handling_exceptions(app, request)(scope, receive, send)
  File "D:\UniMarket\.venv\Lib\site-packages\starlette\_exception_handler.py", line 64, in wrapped_app
    raise exc
  File "D:\UniMarket\.venv\Lib\site-packages\starlette\_exception_handler.py", line 53, in wrapped_app
    await app(scope, receive, sender)
  File "D:\UniMarket\.venv\Lib\site-packages\starlette\routing.py", line 75, in app
    response = await f(request)
               ^^^^^^^^^^^^^^^^
  File "D:\UniMarket\.venv\Lib\site-packages\fastapi\routing.py", line 301, in app
    raw_response = await run_endpoint_function(
                   ^^^^^^^^^^^^^^^^^^^^^^^^^^^^
  File "D:\UniMarket\.venv\Lib\site-packages\fastapi\routing.py", line 214, in run_endpoint_function
    return await run_in_threadpool(dependant.call, **values)
           ^^^^^^^^^^^^^^^^^^^^^^^^^^^^^^^^^^^^^^^^^^^^^^^^^
  File "D:\UniMarket\.venv\Lib\site-packages\starlette\concurrency.py", line 41, in run_in_threadpool
    return await anyio.to_thread.run_sync(func, *args)
           ^^^^^^^^^^^^^^^^^^^^^^^^^^^^^^^^^^^^^^^^^^^
  File "D:\UniMarket\.venv\Lib\site-packages\anyio\to_thread.py", line 56, in run_sync
    return await get_async_backend().run_sync_in_worker_thread(
           ^^^^^^^^^^^^^^^^^^^^^^^^^^^^^^^^^^^^^^^^^^^^^^^^^^^^
  File "D:\UniMarket\.venv\Lib\site-packages\anyio\_backends\_asyncio.py", line 2476, in run_sync_in_worker_thread
    return await future
           ^^^^^^^^^^^^
  File "D:\UniMarket\.venv\Lib\site-packages\anyio\_backends\_asyncio.py", line 967, in run
    result = context.run(func, *args)
             ^^^^^^^^^^^^^^^^^^^^^^^^
  File "D:\UniMarket\app\main.py", line 91, in register_user
    existing_user = db.query(User).filter(User.username == request.username).first()
                    ^^^^^^^^^^^^^^^^^^^^^^^^^^^^^^^^^^^^^^^^^^^^^^^^^^^^^^^^^^^^^^^^
  File "D:\UniMarket\.venv\Lib\site-packages\sqlalchemy\orm\query.py", line 2692, in first
    return self.limit(1)._iter().first()  # type: ignore
           ^^^^^^^^^^^^^^^^^^^^^
  File "D:\UniMarket\.venv\Lib\site-packages\sqlalchemy\orm\query.py", line 2791, in _iter
    result: Union[ScalarResult[_T], Result[_T]] = self.session.execute(
                                                  ^^^^^^^^^^^^^^^^^^^^^
  File "D:\UniMarket\.venv\Lib\site-packages\sqlalchemy\orm\session.py", line 2330, in execute
    return self._execute_internal(
           ^^^^^^^^^^^^^^^^^^^^^^^
  File "D:\UniMarket\.venv\Lib\site-packages\sqlalchemy\orm\session.py", line 2215, in _execute_internal
    result: Result[Any] = compile_state_cls.orm_execute_statement(
                          ^^^^^^^^^^^^^^^^^^^^^^^^^^^^^^^^^^^^^^^^
  File "D:\UniMarket\.venv\Lib\site-packages\sqlalchemy\orm\context.py", line 303, in orm_execute_statement
    result = conn.execute(
             ^^^^^^^^^^^^^
  File "D:\UniMarket\.venv\Lib\site-packages\sqlalchemy\engine\base.py", line 1400, in execute
    return meth(
           ^^^^^
  File "D:\UniMarket\.venv\Lib\site-packages\sqlalchemy\sql\elements.py", line 512, in _execute_on_connection
    return connection._execute_clauseelement(
           ^^^^^^^^^^^^^^^^^^^^^^^^^^^^^^^^^^
  File "D:\UniMarket\.venv\Lib\site-packages\sqlalchemy\engine\base.py", line 1616, in _execute_clauseelement
    ret = self._execute_context(
          ^^^^^^^^^^^^^^^^^^^^^^
  File "D:\UniMarket\.venv\Lib\site-packages\sqlalchemy\engine\base.py", line 1813, in _execute_context
    return self._exec_single_context(dialect, context, statement, parameters)
           ^^^^^^^^^^^^^^^^^^^^^^^^^^^^^^^^^^^^^^^^^^^^^^^^^^^^^^^^^^^^^^^^^^
  File "D:\UniMarket\.venv\Lib\site-packages\sqlalchemy\engine\base.py", line 1949, in _exec_single_context
    self._handle_dbapi_exception(
  File "D:\UniMarket\.venv\Lib\site-packages\sqlalchemy\engine\base.py", line 2299, in _handle_dbapi_exception
    raise sqlalchemy_exception.with_traceback(exc_info[2]) from e
  File "D:\UniMarket\.venv\Lib\site-packages\sqlalchemy\engine\base.py", line 1930, in _exec_single_context
    self.dialect.do_execute(
  File "D:\UniMarket\.venv\Lib\site-packages\sqlalchemy\engine\default.py", line 909, in do_execute
    cursor.execute(statement, parameters)
  File "D:\UniMarket\.venv\Lib\site-packages\psycopg\cursor.py", line 97, in execute
    raise ex.with_traceback(None)
sqlalchemy.exc.ProgrammingError: (psycopg.errors.UndefinedTable) relation "users" does not exist
LINE 2: FROM users 
             ^
[SQL: SELECT users.id AS users_id, users.username AS users_username, users.password AS users_password, users.role AS users_role 
FROM users 
WHERE users.username = %(username_1)s::VARCHAR 
 LIMIT %(param_1)s::INTEGER]
[parameters: {'username_1': 'Alice', 'param_1': 1}]
(Background on this error at: https://sqlalche.me/e/20/f405)
2025-11-17 13:42:43,658 | INFO | üåê IP: 127.0.0.1 | üßç‚Äç‚ôÇÔ∏è User: anonymous | üë§ User: anonymous | Method: GET | Path: /docsUser-Agent: Mozilla/5.0 (Windows NT 10.0; Win64; x64) AppleWebKit/537.36 (KHTML, like Gecko) Chrome/142.0.0.0 Safari/537.36
2025-11-17 13:42:43,659 | INFO | ‚úÖ Completed GET /docs ‚Üí 200 (0.002s)
2025-11-17 13:42:43,772 | INFO | üåê IP: 127.0.0.1 | üßç‚Äç‚ôÇÔ∏è User: anonymous | üë§ User: anonymous | Method: GET | Path: /openapi.jsonUser-Agent: Mozilla/5.0 (Windows NT 10.0; Win64; x64) AppleWebKit/537.36 (KHTML, like Gecko) Chrome/142.0.0.0 Safari/537.36
2025-11-17 13:42:43,830 | INFO | ‚úÖ Completed GET /openapi.json ‚Üí 200 (0.058s)
2025-11-17 13:42:59,098 | INFO | üåê IP: 127.0.0.1 | üßç‚Äç‚ôÇÔ∏è User: anonymous | üë§ User: anonymous | Method: POST | Path: /auth/registerUser-Agent: Mozilla/5.0 (Windows NT 10.0; Win64; x64) AppleWebKit/537.36 (KHTML, like Gecko) Chrome/142.0.0.0 Safari/537.36
2025-11-17 13:42:59,170 | ERROR | ‚ùå –û—à–∏–±–∫–∞ –ø—Ä–∏ –æ–±—Ä–∞–±–æ—Ç–∫–µ –∑–∞–ø—Ä–æ—Å–∞: (psycopg.errors.UndefinedTable) relation "users" does not exist
LINE 2: FROM users 
             ^
[SQL: SELECT users.id AS users_id, users.username AS users_username, users.password AS users_password, users.role AS users_role 
FROM users 
WHERE users.username = %(username_1)s::VARCHAR 
 LIMIT %(param_1)s::INTEGER]
[parameters: {'username_1': 'Alice', 'param_1': 1}]
(Background on this error at: https://sqlalche.me/e/20/f405)
Traceback (most recent call last):
  File "D:\UniMarket\.venv\Lib\site-packages\sqlalchemy\engine\base.py", line 1930, in _exec_single_context
    self.dialect.do_execute(
  File "D:\UniMarket\.venv\Lib\site-packages\sqlalchemy\engine\default.py", line 909, in do_execute
    cursor.execute(statement, parameters)
  File "D:\UniMarket\.venv\Lib\site-packages\psycopg\cursor.py", line 97, in execute
    raise ex.with_traceback(None)
psycopg.errors.UndefinedTable: relation "users" does not exist
LINE 2: FROM users 
             ^

The above exception was the direct cause of the following exception:

Traceback (most recent call last):
  File "D:\UniMarket\app\middleware.py", line 44, in dispatch
    response = await call_next(request)
               ^^^^^^^^^^^^^^^^^^^^^^^^
  File "D:\UniMarket\.venv\Lib\site-packages\starlette\middleware\base.py", line 165, in call_next
    raise app_exc
  File "D:\UniMarket\.venv\Lib\site-packages\starlette\middleware\base.py", line 151, in coro
    await self.app(scope, receive_or_disconnect, send_no_error)
  File "D:\UniMarket\.venv\Lib\site-packages\starlette\middleware\exceptions.py", line 65, in __call__
    await wrap_app_handling_exceptions(self.app, conn)(scope, receive, send)
  File "D:\UniMarket\.venv\Lib\site-packages\starlette\_exception_handler.py", line 64, in wrapped_app
    raise exc
  File "D:\UniMarket\.venv\Lib\site-packages\starlette\_exception_handler.py", line 53, in wrapped_app
    await app(scope, receive, sender)
  File "D:\UniMarket\.venv\Lib\site-packages\starlette\routing.py", line 755, in __call__
    await self.middleware_stack(scope, receive, send)
  File "D:\UniMarket\.venv\Lib\site-packages\starlette\routing.py", line 775, in app
    await route.handle(scope, receive, send)
  File "D:\UniMarket\.venv\Lib\site-packages\starlette\routing.py", line 296, in handle
    await self.app(scope, receive, send)
  File "D:\UniMarket\.venv\Lib\site-packages\starlette\routing.py", line 78, in app
    await wrap_app_handling_exceptions(app, request)(scope, receive, send)
  File "D:\UniMarket\.venv\Lib\site-packages\starlette\_exception_handler.py", line 64, in wrapped_app
    raise exc
  File "D:\UniMarket\.venv\Lib\site-packages\starlette\_exception_handler.py", line 53, in wrapped_app
    await app(scope, receive, sender)
  File "D:\UniMarket\.venv\Lib\site-packages\starlette\routing.py", line 75, in app
    response = await f(request)
               ^^^^^^^^^^^^^^^^
  File "D:\UniMarket\.venv\Lib\site-packages\fastapi\routing.py", line 301, in app
    raw_response = await run_endpoint_function(
                   ^^^^^^^^^^^^^^^^^^^^^^^^^^^^
  File "D:\UniMarket\.venv\Lib\site-packages\fastapi\routing.py", line 214, in run_endpoint_function
    return await run_in_threadpool(dependant.call, **values)
           ^^^^^^^^^^^^^^^^^^^^^^^^^^^^^^^^^^^^^^^^^^^^^^^^^
  File "D:\UniMarket\.venv\Lib\site-packages\starlette\concurrency.py", line 41, in run_in_threadpool
    return await anyio.to_thread.run_sync(func, *args)
           ^^^^^^^^^^^^^^^^^^^^^^^^^^^^^^^^^^^^^^^^^^^
  File "D:\UniMarket\.venv\Lib\site-packages\anyio\to_thread.py", line 56, in run_sync
    return await get_async_backend().run_sync_in_worker_thread(
           ^^^^^^^^^^^^^^^^^^^^^^^^^^^^^^^^^^^^^^^^^^^^^^^^^^^^
  File "D:\UniMarket\.venv\Lib\site-packages\anyio\_backends\_asyncio.py", line 2476, in run_sync_in_worker_thread
    return await future
           ^^^^^^^^^^^^
  File "D:\UniMarket\.venv\Lib\site-packages\anyio\_backends\_asyncio.py", line 967, in run
    result = context.run(func, *args)
             ^^^^^^^^^^^^^^^^^^^^^^^^
  File "D:\UniMarket\app\main.py", line 91, in register_user
    existing_user = db.query(User).filter(User.username == request.username).first()
                    ^^^^^^^^^^^^^^^^^^^^^^^^^^^^^^^^^^^^^^^^^^^^^^^^^^^^^^^^^^^^^^^^
  File "D:\UniMarket\.venv\Lib\site-packages\sqlalchemy\orm\query.py", line 2692, in first
    return self.limit(1)._iter().first()  # type: ignore
           ^^^^^^^^^^^^^^^^^^^^^
  File "D:\UniMarket\.venv\Lib\site-packages\sqlalchemy\orm\query.py", line 2791, in _iter
    result: Union[ScalarResult[_T], Result[_T]] = self.session.execute(
                                                  ^^^^^^^^^^^^^^^^^^^^^
  File "D:\UniMarket\.venv\Lib\site-packages\sqlalchemy\orm\session.py", line 2330, in execute
    return self._execute_internal(
           ^^^^^^^^^^^^^^^^^^^^^^^
  File "D:\UniMarket\.venv\Lib\site-packages\sqlalchemy\orm\session.py", line 2215, in _execute_internal
    result: Result[Any] = compile_state_cls.orm_execute_statement(
                          ^^^^^^^^^^^^^^^^^^^^^^^^^^^^^^^^^^^^^^^^
  File "D:\UniMarket\.venv\Lib\site-packages\sqlalchemy\orm\context.py", line 303, in orm_execute_statement
    result = conn.execute(
             ^^^^^^^^^^^^^
  File "D:\UniMarket\.venv\Lib\site-packages\sqlalchemy\engine\base.py", line 1400, in execute
    return meth(
           ^^^^^
  File "D:\UniMarket\.venv\Lib\site-packages\sqlalchemy\sql\elements.py", line 512, in _execute_on_connection
    return connection._execute_clauseelement(
           ^^^^^^^^^^^^^^^^^^^^^^^^^^^^^^^^^^
  File "D:\UniMarket\.venv\Lib\site-packages\sqlalchemy\engine\base.py", line 1616, in _execute_clauseelement
    ret = self._execute_context(
          ^^^^^^^^^^^^^^^^^^^^^^
  File "D:\UniMarket\.venv\Lib\site-packages\sqlalchemy\engine\base.py", line 1813, in _execute_context
    return self._exec_single_context(dialect, context, statement, parameters)
           ^^^^^^^^^^^^^^^^^^^^^^^^^^^^^^^^^^^^^^^^^^^^^^^^^^^^^^^^^^^^^^^^^^
  File "D:\UniMarket\.venv\Lib\site-packages\sqlalchemy\engine\base.py", line 1949, in _exec_single_context
    self._handle_dbapi_exception(
  File "D:\UniMarket\.venv\Lib\site-packages\sqlalchemy\engine\base.py", line 2299, in _handle_dbapi_exception
    raise sqlalchemy_exception.with_traceback(exc_info[2]) from e
  File "D:\UniMarket\.venv\Lib\site-packages\sqlalchemy\engine\base.py", line 1930, in _exec_single_context
    self.dialect.do_execute(
  File "D:\UniMarket\.venv\Lib\site-packages\sqlalchemy\engine\default.py", line 909, in do_execute
    cursor.execute(statement, parameters)
  File "D:\UniMarket\.venv\Lib\site-packages\psycopg\cursor.py", line 97, in execute
    raise ex.with_traceback(None)
sqlalchemy.exc.ProgrammingError: (psycopg.errors.UndefinedTable) relation "users" does not exist
LINE 2: FROM users 
             ^
[SQL: SELECT users.id AS users_id, users.username AS users_username, users.password AS users_password, users.role AS users_role 
FROM users 
WHERE users.username = %(username_1)s::VARCHAR 
 LIMIT %(param_1)s::INTEGER]
[parameters: {'username_1': 'Alice', 'param_1': 1}]
(Background on this error at: https://sqlalche.me/e/20/f405)
2025-11-17 13:45:57,016 | INFO | üåê IP: 127.0.0.1 | üßç‚Äç‚ôÇÔ∏è User: anonymous | üë§ User: anonymous | Method: GET | Path: /docsUser-Agent: Mozilla/5.0 (Windows NT 10.0; Win64; x64) AppleWebKit/537.36 (KHTML, like Gecko) Chrome/142.0.0.0 Safari/537.36
2025-11-17 13:45:57,017 | INFO | ‚úÖ Completed GET /docs ‚Üí 200 (0.001s)
2025-11-17 13:45:57,113 | INFO | üåê IP: 127.0.0.1 | üßç‚Äç‚ôÇÔ∏è User: anonymous | üë§ User: anonymous | Method: GET | Path: /openapi.jsonUser-Agent: Mozilla/5.0 (Windows NT 10.0; Win64; x64) AppleWebKit/537.36 (KHTML, like Gecko) Chrome/142.0.0.0 Safari/537.36
2025-11-17 13:45:57,114 | INFO | ‚úÖ Completed GET /openapi.json ‚Üí 200 (0.001s)
2025-11-17 13:46:00,228 | INFO | üåê IP: 127.0.0.1 | üßç‚Äç‚ôÇÔ∏è User: anonymous | üë§ User: anonymous | Method: GET | Path: /docsUser-Agent: Mozilla/5.0 (Windows NT 10.0; Win64; x64) AppleWebKit/537.36 (KHTML, like Gecko) Chrome/142.0.0.0 Safari/537.36
2025-11-17 13:46:00,228 | INFO | ‚úÖ Completed GET /docs ‚Üí 200 (0.0s)
2025-11-17 13:46:00,300 | INFO | üåê IP: 127.0.0.1 | üßç‚Äç‚ôÇÔ∏è User: anonymous | üë§ User: anonymous | Method: GET | Path: /openapi.jsonUser-Agent: Mozilla/5.0 (Windows NT 10.0; Win64; x64) AppleWebKit/537.36 (KHTML, like Gecko) Chrome/142.0.0.0 Safari/537.36
2025-11-17 13:46:00,300 | INFO | ‚úÖ Completed GET /openapi.json ‚Üí 200 (0.001s)
2025-11-17 13:46:14,700 | INFO | üåê IP: 127.0.0.1 | üßç‚Äç‚ôÇÔ∏è User: anonymous | üë§ User: anonymous | Method: GET | Path: /healthUser-Agent: Mozilla/5.0 (Windows NT 10.0; Win64; x64) AppleWebKit/537.36 (KHTML, like Gecko) Chrome/142.0.0.0 Safari/537.36
2025-11-17 13:46:14,702 | INFO | ‚úÖ Completed GET /health ‚Üí 200 (0.002s)
2025-11-17 13:46:42,385 | INFO | üåê IP: 127.0.0.1 | üßç‚Äç‚ôÇÔ∏è User: anonymous | üë§ User: anonymous | Method: POST | Path: /auth/registerUser-Agent: Mozilla/5.0 (Windows NT 10.0; Win64; x64) AppleWebKit/537.36 (KHTML, like Gecko) Chrome/142.0.0.0 Safari/537.36
2025-11-17 13:46:42,391 | ERROR | ‚ùå –û—à–∏–±–∫–∞ –ø—Ä–∏ –æ–±—Ä–∞–±–æ—Ç–∫–µ –∑–∞–ø—Ä–æ—Å–∞: (psycopg.errors.UndefinedTable) relation "users" does not exist
LINE 2: FROM users 
             ^
[SQL: SELECT users.id AS users_id, users.username AS users_username, users.password AS users_password, users.role AS users_role 
FROM users 
WHERE users.username = %(username_1)s::VARCHAR 
 LIMIT %(param_1)s::INTEGER]
[parameters: {'username_1': 'Alice', 'param_1': 1}]
(Background on this error at: https://sqlalche.me/e/20/f405)
Traceback (most recent call last):
  File "D:\UniMarket\.venv\Lib\site-packages\sqlalchemy\engine\base.py", line 1930, in _exec_single_context
    self.dialect.do_execute(
  File "D:\UniMarket\.venv\Lib\site-packages\sqlalchemy\engine\default.py", line 909, in do_execute
    cursor.execute(statement, parameters)
  File "D:\UniMarket\.venv\Lib\site-packages\psycopg\cursor.py", line 97, in execute
    raise ex.with_traceback(None)
psycopg.errors.UndefinedTable: relation "users" does not exist
LINE 2: FROM users 
             ^

The above exception was the direct cause of the following exception:

Traceback (most recent call last):
  File "D:\UniMarket\app\middleware.py", line 44, in dispatch
    response = await call_next(request)
               ^^^^^^^^^^^^^^^^^^^^^^^^
  File "D:\UniMarket\.venv\Lib\site-packages\starlette\middleware\base.py", line 165, in call_next
    raise app_exc
  File "D:\UniMarket\.venv\Lib\site-packages\starlette\middleware\base.py", line 151, in coro
    await self.app(scope, receive_or_disconnect, send_no_error)
  File "D:\UniMarket\.venv\Lib\site-packages\starlette\middleware\exceptions.py", line 65, in __call__
    await wrap_app_handling_exceptions(self.app, conn)(scope, receive, send)
  File "D:\UniMarket\.venv\Lib\site-packages\starlette\_exception_handler.py", line 64, in wrapped_app
    raise exc
  File "D:\UniMarket\.venv\Lib\site-packages\starlette\_exception_handler.py", line 53, in wrapped_app
    await app(scope, receive, sender)
  File "D:\UniMarket\.venv\Lib\site-packages\starlette\routing.py", line 755, in __call__
    await self.middleware_stack(scope, receive, send)
  File "D:\UniMarket\.venv\Lib\site-packages\starlette\routing.py", line 775, in app
    await route.handle(scope, receive, send)
  File "D:\UniMarket\.venv\Lib\site-packages\starlette\routing.py", line 296, in handle
    await self.app(scope, receive, send)
  File "D:\UniMarket\.venv\Lib\site-packages\starlette\routing.py", line 78, in app
    await wrap_app_handling_exceptions(app, request)(scope, receive, send)
  File "D:\UniMarket\.venv\Lib\site-packages\starlette\_exception_handler.py", line 64, in wrapped_app
    raise exc
  File "D:\UniMarket\.venv\Lib\site-packages\starlette\_exception_handler.py", line 53, in wrapped_app
    await app(scope, receive, sender)
  File "D:\UniMarket\.venv\Lib\site-packages\starlette\routing.py", line 75, in app
    response = await f(request)
               ^^^^^^^^^^^^^^^^
  File "D:\UniMarket\.venv\Lib\site-packages\fastapi\routing.py", line 301, in app
    raw_response = await run_endpoint_function(
                   ^^^^^^^^^^^^^^^^^^^^^^^^^^^^
  File "D:\UniMarket\.venv\Lib\site-packages\fastapi\routing.py", line 214, in run_endpoint_function
    return await run_in_threadpool(dependant.call, **values)
           ^^^^^^^^^^^^^^^^^^^^^^^^^^^^^^^^^^^^^^^^^^^^^^^^^
  File "D:\UniMarket\.venv\Lib\site-packages\starlette\concurrency.py", line 41, in run_in_threadpool
    return await anyio.to_thread.run_sync(func, *args)
           ^^^^^^^^^^^^^^^^^^^^^^^^^^^^^^^^^^^^^^^^^^^
  File "D:\UniMarket\.venv\Lib\site-packages\anyio\to_thread.py", line 56, in run_sync
    return await get_async_backend().run_sync_in_worker_thread(
           ^^^^^^^^^^^^^^^^^^^^^^^^^^^^^^^^^^^^^^^^^^^^^^^^^^^^
  File "D:\UniMarket\.venv\Lib\site-packages\anyio\_backends\_asyncio.py", line 2476, in run_sync_in_worker_thread
    return await future
           ^^^^^^^^^^^^
  File "D:\UniMarket\.venv\Lib\site-packages\anyio\_backends\_asyncio.py", line 967, in run
    result = context.run(func, *args)
             ^^^^^^^^^^^^^^^^^^^^^^^^
  File "D:\UniMarket\app\main.py", line 91, in register_user
    existing_user = db.query(User).filter(User.username == request.username).first()
                    ^^^^^^^^^^^^^^^^^^^^^^^^^^^^^^^^^^^^^^^^^^^^^^^^^^^^^^^^^^^^^^^^
  File "D:\UniMarket\.venv\Lib\site-packages\sqlalchemy\orm\query.py", line 2692, in first
    return self.limit(1)._iter().first()  # type: ignore
           ^^^^^^^^^^^^^^^^^^^^^
  File "D:\UniMarket\.venv\Lib\site-packages\sqlalchemy\orm\query.py", line 2791, in _iter
    result: Union[ScalarResult[_T], Result[_T]] = self.session.execute(
                                                  ^^^^^^^^^^^^^^^^^^^^^
  File "D:\UniMarket\.venv\Lib\site-packages\sqlalchemy\orm\session.py", line 2330, in execute
    return self._execute_internal(
           ^^^^^^^^^^^^^^^^^^^^^^^
  File "D:\UniMarket\.venv\Lib\site-packages\sqlalchemy\orm\session.py", line 2215, in _execute_internal
    result: Result[Any] = compile_state_cls.orm_execute_statement(
                          ^^^^^^^^^^^^^^^^^^^^^^^^^^^^^^^^^^^^^^^^
  File "D:\UniMarket\.venv\Lib\site-packages\sqlalchemy\orm\context.py", line 303, in orm_execute_statement
    result = conn.execute(
             ^^^^^^^^^^^^^
  File "D:\UniMarket\.venv\Lib\site-packages\sqlalchemy\engine\base.py", line 1400, in execute
    return meth(
           ^^^^^
  File "D:\UniMarket\.venv\Lib\site-packages\sqlalchemy\sql\elements.py", line 512, in _execute_on_connection
    return connection._execute_clauseelement(
           ^^^^^^^^^^^^^^^^^^^^^^^^^^^^^^^^^^
  File "D:\UniMarket\.venv\Lib\site-packages\sqlalchemy\engine\base.py", line 1616, in _execute_clauseelement
    ret = self._execute_context(
          ^^^^^^^^^^^^^^^^^^^^^^
  File "D:\UniMarket\.venv\Lib\site-packages\sqlalchemy\engine\base.py", line 1813, in _execute_context
    return self._exec_single_context(dialect, context, statement, parameters)
           ^^^^^^^^^^^^^^^^^^^^^^^^^^^^^^^^^^^^^^^^^^^^^^^^^^^^^^^^^^^^^^^^^^
  File "D:\UniMarket\.venv\Lib\site-packages\sqlalchemy\engine\base.py", line 1949, in _exec_single_context
    self._handle_dbapi_exception(
  File "D:\UniMarket\.venv\Lib\site-packages\sqlalchemy\engine\base.py", line 2299, in _handle_dbapi_exception
    raise sqlalchemy_exception.with_traceback(exc_info[2]) from e
  File "D:\UniMarket\.venv\Lib\site-packages\sqlalchemy\engine\base.py", line 1930, in _exec_single_context
    self.dialect.do_execute(
  File "D:\UniMarket\.venv\Lib\site-packages\sqlalchemy\engine\default.py", line 909, in do_execute
    cursor.execute(statement, parameters)
  File "D:\UniMarket\.venv\Lib\site-packages\psycopg\cursor.py", line 97, in execute
    raise ex.with_traceback(None)
sqlalchemy.exc.ProgrammingError: (psycopg.errors.UndefinedTable) relation "users" does not exist
LINE 2: FROM users 
             ^
[SQL: SELECT users.id AS users_id, users.username AS users_username, users.password AS users_password, users.role AS users_role 
FROM users 
WHERE users.username = %(username_1)s::VARCHAR 
 LIMIT %(param_1)s::INTEGER]
[parameters: {'username_1': 'Alice', 'param_1': 1}]
(Background on this error at: https://sqlalche.me/e/20/f405)
2025-11-17 13:47:02,525 | INFO | üåê IP: 127.0.0.1 | üßç‚Äç‚ôÇÔ∏è User: anonymous | üë§ User: anonymous | Method: GET | Path: /itemsUser-Agent: Mozilla/5.0 (Windows NT 10.0; Win64; x64) AppleWebKit/537.36 (KHTML, like Gecko) Chrome/142.0.0.0 Safari/537.36
2025-11-17 13:47:02,540 | ERROR | ‚ùå –û—à–∏–±–∫–∞ –ø—Ä–∏ –æ–±—Ä–∞–±–æ—Ç–∫–µ –∑–∞–ø—Ä–æ—Å–∞: (psycopg.errors.UndefinedTable) relation "items" does not exist
LINE 3: FROM items) AS anon_1
             ^
[SQL: SELECT count(*) AS count_1 
FROM (SELECT items.id AS items_id, items.name AS items_name, items.description AS items_description, items.price AS items_price, items.category_id AS items_category_id, items.owner_id AS items_owner_id 
FROM items) AS anon_1]
(Background on this error at: https://sqlalche.me/e/20/f405)
Traceback (most recent call last):
  File "D:\UniMarket\.venv\Lib\site-packages\sqlalchemy\engine\base.py", line 1930, in _exec_single_context
    self.dialect.do_execute(
  File "D:\UniMarket\.venv\Lib\site-packages\sqlalchemy\engine\default.py", line 909, in do_execute
    cursor.execute(statement, parameters)
  File "D:\UniMarket\.venv\Lib\site-packages\psycopg\cursor.py", line 97, in execute
    raise ex.with_traceback(None)
psycopg.errors.UndefinedTable: relation "items" does not exist
LINE 3: FROM items) AS anon_1
             ^

The above exception was the direct cause of the following exception:

Traceback (most recent call last):
  File "D:\UniMarket\app\middleware.py", line 44, in dispatch
    response = await call_next(request)
               ^^^^^^^^^^^^^^^^^^^^^^^^
  File "D:\UniMarket\.venv\Lib\site-packages\starlette\middleware\base.py", line 165, in call_next
    raise app_exc
  File "D:\UniMarket\.venv\Lib\site-packages\starlette\middleware\base.py", line 151, in coro
    await self.app(scope, receive_or_disconnect, send_no_error)
  File "D:\UniMarket\.venv\Lib\site-packages\starlette\middleware\exceptions.py", line 65, in __call__
    await wrap_app_handling_exceptions(self.app, conn)(scope, receive, send)
  File "D:\UniMarket\.venv\Lib\site-packages\starlette\_exception_handler.py", line 64, in wrapped_app
    raise exc
  File "D:\UniMarket\.venv\Lib\site-packages\starlette\_exception_handler.py", line 53, in wrapped_app
    await app(scope, receive, sender)
  File "D:\UniMarket\.venv\Lib\site-packages\starlette\routing.py", line 755, in __call__
    await self.middleware_stack(scope, receive, send)
  File "D:\UniMarket\.venv\Lib\site-packages\starlette\routing.py", line 775, in app
    await route.handle(scope, receive, send)
  File "D:\UniMarket\.venv\Lib\site-packages\starlette\routing.py", line 296, in handle
    await self.app(scope, receive, send)
  File "D:\UniMarket\.venv\Lib\site-packages\starlette\routing.py", line 78, in app
    await wrap_app_handling_exceptions(app, request)(scope, receive, send)
  File "D:\UniMarket\.venv\Lib\site-packages\starlette\_exception_handler.py", line 64, in wrapped_app
    raise exc
  File "D:\UniMarket\.venv\Lib\site-packages\starlette\_exception_handler.py", line 53, in wrapped_app
    await app(scope, receive, sender)
  File "D:\UniMarket\.venv\Lib\site-packages\starlette\routing.py", line 75, in app
    response = await f(request)
               ^^^^^^^^^^^^^^^^
  File "D:\UniMarket\.venv\Lib\site-packages\fastapi\routing.py", line 301, in app
    raw_response = await run_endpoint_function(
                   ^^^^^^^^^^^^^^^^^^^^^^^^^^^^
  File "D:\UniMarket\.venv\Lib\site-packages\fastapi\routing.py", line 214, in run_endpoint_function
    return await run_in_threadpool(dependant.call, **values)
           ^^^^^^^^^^^^^^^^^^^^^^^^^^^^^^^^^^^^^^^^^^^^^^^^^
  File "D:\UniMarket\.venv\Lib\site-packages\starlette\concurrency.py", line 41, in run_in_threadpool
    return await anyio.to_thread.run_sync(func, *args)
           ^^^^^^^^^^^^^^^^^^^^^^^^^^^^^^^^^^^^^^^^^^^
  File "D:\UniMarket\.venv\Lib\site-packages\anyio\to_thread.py", line 56, in run_sync
    return await get_async_backend().run_sync_in_worker_thread(
           ^^^^^^^^^^^^^^^^^^^^^^^^^^^^^^^^^^^^^^^^^^^^^^^^^^^^
  File "D:\UniMarket\.venv\Lib\site-packages\anyio\_backends\_asyncio.py", line 2476, in run_sync_in_worker_thread
    return await future
           ^^^^^^^^^^^^
  File "D:\UniMarket\.venv\Lib\site-packages\anyio\_backends\_asyncio.py", line 967, in run
    result = context.run(func, *args)
             ^^^^^^^^^^^^^^^^^^^^^^^^
  File "D:\UniMarket\app\main.py", line 231, in list_items
    total = q.count()
            ^^^^^^^^^
  File "D:\UniMarket\.venv\Lib\site-packages\sqlalchemy\orm\query.py", line 3075, in count
    self._legacy_from_self(col).enable_eagerloads(False).scalar()
  File "D:\UniMarket\.venv\Lib\site-packages\sqlalchemy\orm\query.py", line 2769, in scalar
    ret = self.one()
          ^^^^^^^^^^
  File "D:\UniMarket\.venv\Lib\site-packages\sqlalchemy\orm\query.py", line 2742, in one
    return self._iter().one()  # type: ignore
           ^^^^^^^^^^^^
  File "D:\UniMarket\.venv\Lib\site-packages\sqlalchemy\orm\query.py", line 2791, in _iter
    result: Union[ScalarResult[_T], Result[_T]] = self.session.execute(
                                                  ^^^^^^^^^^^^^^^^^^^^^
  File "D:\UniMarket\.venv\Lib\site-packages\sqlalchemy\orm\session.py", line 2330, in execute
    return self._execute_internal(
           ^^^^^^^^^^^^^^^^^^^^^^^
  File "D:\UniMarket\.venv\Lib\site-packages\sqlalchemy\orm\session.py", line 2215, in _execute_internal
    result: Result[Any] = compile_state_cls.orm_execute_statement(
                          ^^^^^^^^^^^^^^^^^^^^^^^^^^^^^^^^^^^^^^^^
  File "D:\UniMarket\.venv\Lib\site-packages\sqlalchemy\orm\context.py", line 303, in orm_execute_statement
    result = conn.execute(
             ^^^^^^^^^^^^^
  File "D:\UniMarket\.venv\Lib\site-packages\sqlalchemy\engine\base.py", line 1400, in execute
    return meth(
           ^^^^^
  File "D:\UniMarket\.venv\Lib\site-packages\sqlalchemy\sql\elements.py", line 512, in _execute_on_connection
    return connection._execute_clauseelement(
           ^^^^^^^^^^^^^^^^^^^^^^^^^^^^^^^^^^
  File "D:\UniMarket\.venv\Lib\site-packages\sqlalchemy\engine\base.py", line 1616, in _execute_clauseelement
    ret = self._execute_context(
          ^^^^^^^^^^^^^^^^^^^^^^
  File "D:\UniMarket\.venv\Lib\site-packages\sqlalchemy\engine\base.py", line 1813, in _execute_context
    return self._exec_single_context(dialect, context, statement, parameters)
           ^^^^^^^^^^^^^^^^^^^^^^^^^^^^^^^^^^^^^^^^^^^^^^^^^^^^^^^^^^^^^^^^^^
  File "D:\UniMarket\.venv\Lib\site-packages\sqlalchemy\engine\base.py", line 1949, in _exec_single_context
    self._handle_dbapi_exception(
  File "D:\UniMarket\.venv\Lib\site-packages\sqlalchemy\engine\base.py", line 2299, in _handle_dbapi_exception
    raise sqlalchemy_exception.with_traceback(exc_info[2]) from e
  File "D:\UniMarket\.venv\Lib\site-packages\sqlalchemy\engine\base.py", line 1930, in _exec_single_context
    self.dialect.do_execute(
  File "D:\UniMarket\.venv\Lib\site-packages\sqlalchemy\engine\default.py", line 909, in do_execute
    cursor.execute(statement, parameters)
  File "D:\UniMarket\.venv\Lib\site-packages\psycopg\cursor.py", line 97, in execute
    raise ex.with_traceback(None)
sqlalchemy.exc.ProgrammingError: (psycopg.errors.UndefinedTable) relation "items" does not exist
LINE 3: FROM items) AS anon_1
             ^
[SQL: SELECT count(*) AS count_1 
FROM (SELECT items.id AS items_id, items.name AS items_name, items.description AS items_description, items.price AS items_price, items.category_id AS items_category_id, items.owner_id AS items_owner_id 
FROM items) AS anon_1]
(Background on this error at: https://sqlalche.me/e/20/f405)
2025-11-17 13:48:07,513 | INFO | üåê IP: 127.0.0.1 | üßç‚Äç‚ôÇÔ∏è User: anonymous | üë§ User: anonymous | Method: GET | Path: /docsUser-Agent: Mozilla/5.0 (Windows NT 10.0; Win64; x64) AppleWebKit/537.36 (KHTML, like Gecko) Chrome/142.0.0.0 Safari/537.36
2025-11-17 13:48:07,514 | INFO | ‚úÖ Completed GET /docs ‚Üí 200 (0.001s)
2025-11-17 13:48:07,611 | INFO | üåê IP: 127.0.0.1 | üßç‚Äç‚ôÇÔ∏è User: anonymous | üë§ User: anonymous | Method: GET | Path: /openapi.jsonUser-Agent: Mozilla/5.0 (Windows NT 10.0; Win64; x64) AppleWebKit/537.36 (KHTML, like Gecko) Chrome/142.0.0.0 Safari/537.36
2025-11-17 13:48:07,611 | INFO | ‚úÖ Completed GET /openapi.json ‚Üí 200 (0.0s)
2025-11-17 13:48:08,985 | INFO | üåê IP: 127.0.0.1 | üßç‚Äç‚ôÇÔ∏è User: anonymous | üë§ User: anonymous | Method: GET | Path: /docsUser-Agent: Mozilla/5.0 (Windows NT 10.0; Win64; x64) AppleWebKit/537.36 (KHTML, like Gecko) Chrome/142.0.0.0 Safari/537.36
2025-11-17 13:48:08,986 | INFO | ‚úÖ Completed GET /docs ‚Üí 200 (0.001s)
2025-11-17 13:48:09,055 | INFO | üåê IP: 127.0.0.1 | üßç‚Äç‚ôÇÔ∏è User: anonymous | üë§ User: anonymous | Method: GET | Path: /openapi.jsonUser-Agent: Mozilla/5.0 (Windows NT 10.0; Win64; x64) AppleWebKit/537.36 (KHTML, like Gecko) Chrome/142.0.0.0 Safari/537.36
2025-11-17 13:48:09,057 | INFO | ‚úÖ Completed GET /openapi.json ‚Üí 200 (0.002s)
2025-11-17 13:50:01,638 | INFO | üåê IP: 127.0.0.1 | üßç‚Äç‚ôÇÔ∏è User: anonymous | üë§ User: anonymous | Method: GET | Path: /User-Agent: Mozilla/5.0 (Windows NT 10.0; Win64; x64) AppleWebKit/537.36 (KHTML, like Gecko) Chrome/142.0.0.0 Safari/537.36
2025-11-17 13:50:01,639 | INFO | ‚úÖ Completed GET / ‚Üí 200 (0.001s)
2025-11-17 13:50:01,911 | INFO | üåê IP: 127.0.0.1 | üßç‚Äç‚ôÇÔ∏è User: anonymous | üë§ User: anonymous | Method: GET | Path: /favicon.icoUser-Agent: Mozilla/5.0 (Windows NT 10.0; Win64; x64) AppleWebKit/537.36 (KHTML, like Gecko) Chrome/142.0.0.0 Safari/537.36
2025-11-17 13:50:01,911 | INFO | ‚úÖ Completed GET /favicon.ico ‚Üí 404 (0.001s)
2025-11-17 13:50:05,872 | INFO | üåê IP: 127.0.0.1 | üßç‚Äç‚ôÇÔ∏è User: anonymous | üë§ User: anonymous | Method: GET | Path: /docsUser-Agent: Mozilla/5.0 (Windows NT 10.0; Win64; x64) AppleWebKit/537.36 (KHTML, like Gecko) Chrome/142.0.0.0 Safari/537.36
2025-11-17 13:50:05,873 | INFO | ‚úÖ Completed GET /docs ‚Üí 200 (0.001s)
2025-11-17 13:50:06,085 | INFO | üåê IP: 127.0.0.1 | üßç‚Äç‚ôÇÔ∏è User: anonymous | üë§ User: anonymous | Method: GET | Path: /openapi.jsonUser-Agent: Mozilla/5.0 (Windows NT 10.0; Win64; x64) AppleWebKit/537.36 (KHTML, like Gecko) Chrome/142.0.0.0 Safari/537.36
2025-11-17 13:50:06,107 | INFO | ‚úÖ Completed GET /openapi.json ‚Üí 200 (0.022s)
2025-11-17 13:50:18,898 | INFO | üåê IP: 127.0.0.1 | üßç‚Äç‚ôÇÔ∏è User: anonymous | üë§ User: anonymous | Method: GET | Path: /User-Agent: Mozilla/5.0 (Windows NT 10.0; Win64; x64) AppleWebKit/537.36 (KHTML, like Gecko) Chrome/142.0.0.0 Safari/537.36
2025-11-17 13:50:18,898 | INFO | ‚úÖ Completed GET / ‚Üí 200 (0.001s)
2025-11-17 13:50:43,168 | INFO | üåê IP: 127.0.0.1 | üßç‚Äç‚ôÇÔ∏è User: anonymous | üë§ User: anonymous | Method: GET | Path: /User-Agent: Mozilla/5.0 (Windows NT 10.0; Win64; x64) AppleWebKit/537.36 (KHTML, like Gecko) Chrome/142.0.0.0 Safari/537.36
2025-11-17 13:50:43,168 | INFO | ‚úÖ Completed GET / ‚Üí 200 (0.0s)
2025-11-17 13:51:30,853 | INFO | üåê IP: 127.0.0.1 | üßç‚Äç‚ôÇÔ∏è User: anonymous | üë§ User: anonymous | Method: GET | Path: /User-Agent: Mozilla/5.0 (Windows NT 10.0; Win64; x64) AppleWebKit/537.36 (KHTML, like Gecko) Chrome/142.0.0.0 Safari/537.36
2025-11-17 13:51:30,853 | INFO | ‚úÖ Completed GET / ‚Üí 200 (0.001s)
2025-11-17 13:51:34,062 | INFO | üåê IP: 127.0.0.1 | üßç‚Äç‚ôÇÔ∏è User: anonymous | üë§ User: anonymous | Method: GET | Path: /docsUser-Agent: Mozilla/5.0 (Windows NT 10.0; Win64; x64) AppleWebKit/537.36 (KHTML, like Gecko) Chrome/142.0.0.0 Safari/537.36
2025-11-17 13:51:34,063 | INFO | ‚úÖ Completed GET /docs ‚Üí 200 (0.001s)
2025-11-17 13:51:35,718 | INFO | üåê IP: 127.0.0.1 | üßç‚Äç‚ôÇÔ∏è User: anonymous | üë§ User: anonymous | Method: GET | Path: /openapi.jsonUser-Agent: Mozilla/5.0 (Windows NT 10.0; Win64; x64) AppleWebKit/537.36 (KHTML, like Gecko) Chrome/142.0.0.0 Safari/537.36
2025-11-17 13:51:35,722 | INFO | ‚úÖ Completed GET /openapi.json ‚Üí 200 (0.004s)
2025-11-17 13:51:47,154 | INFO | üåê IP: 127.0.0.1 | üßç‚Äç‚ôÇÔ∏è User: anonymous | üë§ User: anonymous | Method: POST | Path: /itemsUser-Agent: Mozilla/5.0 (Windows NT 10.0; Win64; x64) AppleWebKit/537.36 (KHTML, like Gecko) Chrome/142.0.0.0 Safari/537.36
2025-11-17 13:51:47,159 | INFO | ‚úÖ Completed POST /items ‚Üí 401 (0.005s)
2025-11-17 13:52:09,023 | INFO | üåê IP: 127.0.0.1 | üßç‚Äç‚ôÇÔ∏è User: anonymous | üë§ User: anonymous | Method: POST | Path: /auth/registerUser-Agent: Mozilla/5.0 (Windows NT 10.0; Win64; x64) AppleWebKit/537.36 (KHTML, like Gecko) Chrome/142.0.0.0 Safari/537.36
2025-11-17 13:52:09,090 | ERROR | ‚ùå –û—à–∏–±–∫–∞ –ø—Ä–∏ –æ–±—Ä–∞–±–æ—Ç–∫–µ –∑–∞–ø—Ä–æ—Å–∞: (psycopg.errors.UndefinedTable) relation "users" does not exist
LINE 2: FROM users 
             ^
[SQL: SELECT users.id AS users_id, users.username AS users_username, users.password AS users_password, users.role AS users_role 
FROM users 
WHERE users.username = %(username_1)s::VARCHAR 
 LIMIT %(param_1)s::INTEGER]
[parameters: {'username_1': 'Alice1', 'param_1': 1}]
(Background on this error at: https://sqlalche.me/e/20/f405)
Traceback (most recent call last):
  File "D:\UniMarket\.venv\Lib\site-packages\sqlalchemy\engine\base.py", line 1930, in _exec_single_context
    self.dialect.do_execute(
  File "D:\UniMarket\.venv\Lib\site-packages\sqlalchemy\engine\default.py", line 909, in do_execute
    cursor.execute(statement, parameters)
  File "D:\UniMarket\.venv\Lib\site-packages\psycopg\cursor.py", line 97, in execute
    raise ex.with_traceback(None)
psycopg.errors.UndefinedTable: relation "users" does not exist
LINE 2: FROM users 
             ^

The above exception was the direct cause of the following exception:

Traceback (most recent call last):
  File "D:\UniMarket\app\middleware.py", line 44, in dispatch
    response = await call_next(request)
               ^^^^^^^^^^^^^^^^^^^^^^^^
  File "D:\UniMarket\.venv\Lib\site-packages\starlette\middleware\base.py", line 165, in call_next
    raise app_exc
  File "D:\UniMarket\.venv\Lib\site-packages\starlette\middleware\base.py", line 151, in coro
    await self.app(scope, receive_or_disconnect, send_no_error)
  File "D:\UniMarket\.venv\Lib\site-packages\starlette\middleware\exceptions.py", line 65, in __call__
    await wrap_app_handling_exceptions(self.app, conn)(scope, receive, send)
  File "D:\UniMarket\.venv\Lib\site-packages\starlette\_exception_handler.py", line 64, in wrapped_app
    raise exc
  File "D:\UniMarket\.venv\Lib\site-packages\starlette\_exception_handler.py", line 53, in wrapped_app
    await app(scope, receive, sender)
  File "D:\UniMarket\.venv\Lib\site-packages\starlette\routing.py", line 755, in __call__
    await self.middleware_stack(scope, receive, send)
  File "D:\UniMarket\.venv\Lib\site-packages\starlette\routing.py", line 775, in app
    await route.handle(scope, receive, send)
  File "D:\UniMarket\.venv\Lib\site-packages\starlette\routing.py", line 296, in handle
    await self.app(scope, receive, send)
  File "D:\UniMarket\.venv\Lib\site-packages\starlette\routing.py", line 78, in app
    await wrap_app_handling_exceptions(app, request)(scope, receive, send)
  File "D:\UniMarket\.venv\Lib\site-packages\starlette\_exception_handler.py", line 64, in wrapped_app
    raise exc
  File "D:\UniMarket\.venv\Lib\site-packages\starlette\_exception_handler.py", line 53, in wrapped_app
    await app(scope, receive, sender)
  File "D:\UniMarket\.venv\Lib\site-packages\starlette\routing.py", line 75, in app
    response = await f(request)
               ^^^^^^^^^^^^^^^^
  File "D:\UniMarket\.venv\Lib\site-packages\fastapi\routing.py", line 301, in app
    raw_response = await run_endpoint_function(
                   ^^^^^^^^^^^^^^^^^^^^^^^^^^^^
  File "D:\UniMarket\.venv\Lib\site-packages\fastapi\routing.py", line 214, in run_endpoint_function
    return await run_in_threadpool(dependant.call, **values)
           ^^^^^^^^^^^^^^^^^^^^^^^^^^^^^^^^^^^^^^^^^^^^^^^^^
  File "D:\UniMarket\.venv\Lib\site-packages\starlette\concurrency.py", line 41, in run_in_threadpool
    return await anyio.to_thread.run_sync(func, *args)
           ^^^^^^^^^^^^^^^^^^^^^^^^^^^^^^^^^^^^^^^^^^^
  File "D:\UniMarket\.venv\Lib\site-packages\anyio\to_thread.py", line 56, in run_sync
    return await get_async_backend().run_sync_in_worker_thread(
           ^^^^^^^^^^^^^^^^^^^^^^^^^^^^^^^^^^^^^^^^^^^^^^^^^^^^
  File "D:\UniMarket\.venv\Lib\site-packages\anyio\_backends\_asyncio.py", line 2476, in run_sync_in_worker_thread
    return await future
           ^^^^^^^^^^^^
  File "D:\UniMarket\.venv\Lib\site-packages\anyio\_backends\_asyncio.py", line 967, in run
    result = context.run(func, *args)
             ^^^^^^^^^^^^^^^^^^^^^^^^
  File "D:\UniMarket\app\main.py", line 91, in register_user
    existing_user = db.query(User).filter(User.username == request.username).first()
                    ^^^^^^^^^^^^^^^^^^^^^^^^^^^^^^^^^^^^^^^^^^^^^^^^^^^^^^^^^^^^^^^^
  File "D:\UniMarket\.venv\Lib\site-packages\sqlalchemy\orm\query.py", line 2692, in first
    return self.limit(1)._iter().first()  # type: ignore
           ^^^^^^^^^^^^^^^^^^^^^
  File "D:\UniMarket\.venv\Lib\site-packages\sqlalchemy\orm\query.py", line 2791, in _iter
    result: Union[ScalarResult[_T], Result[_T]] = self.session.execute(
                                                  ^^^^^^^^^^^^^^^^^^^^^
  File "D:\UniMarket\.venv\Lib\site-packages\sqlalchemy\orm\session.py", line 2330, in execute
    return self._execute_internal(
           ^^^^^^^^^^^^^^^^^^^^^^^
  File "D:\UniMarket\.venv\Lib\site-packages\sqlalchemy\orm\session.py", line 2215, in _execute_internal
    result: Result[Any] = compile_state_cls.orm_execute_statement(
                          ^^^^^^^^^^^^^^^^^^^^^^^^^^^^^^^^^^^^^^^^
  File "D:\UniMarket\.venv\Lib\site-packages\sqlalchemy\orm\context.py", line 303, in orm_execute_statement
    result = conn.execute(
             ^^^^^^^^^^^^^
  File "D:\UniMarket\.venv\Lib\site-packages\sqlalchemy\engine\base.py", line 1400, in execute
    return meth(
           ^^^^^
  File "D:\UniMarket\.venv\Lib\site-packages\sqlalchemy\sql\elements.py", line 512, in _execute_on_connection
    return connection._execute_clauseelement(
           ^^^^^^^^^^^^^^^^^^^^^^^^^^^^^^^^^^
  File "D:\UniMarket\.venv\Lib\site-packages\sqlalchemy\engine\base.py", line 1616, in _execute_clauseelement
    ret = self._execute_context(
          ^^^^^^^^^^^^^^^^^^^^^^
  File "D:\UniMarket\.venv\Lib\site-packages\sqlalchemy\engine\base.py", line 1813, in _execute_context
    return self._exec_single_context(dialect, context, statement, parameters)
           ^^^^^^^^^^^^^^^^^^^^^^^^^^^^^^^^^^^^^^^^^^^^^^^^^^^^^^^^^^^^^^^^^^
  File "D:\UniMarket\.venv\Lib\site-packages\sqlalchemy\engine\base.py", line 1949, in _exec_single_context
    self._handle_dbapi_exception(
  File "D:\UniMarket\.venv\Lib\site-packages\sqlalchemy\engine\base.py", line 2299, in _handle_dbapi_exception
    raise sqlalchemy_exception.with_traceback(exc_info[2]) from e
  File "D:\UniMarket\.venv\Lib\site-packages\sqlalchemy\engine\base.py", line 1930, in _exec_single_context
    self.dialect.do_execute(
  File "D:\UniMarket\.venv\Lib\site-packages\sqlalchemy\engine\default.py", line 909, in do_execute
    cursor.execute(statement, parameters)
  File "D:\UniMarket\.venv\Lib\site-packages\psycopg\cursor.py", line 97, in execute
    raise ex.with_traceback(None)
sqlalchemy.exc.ProgrammingError: (psycopg.errors.UndefinedTable) relation "users" does not exist
LINE 2: FROM users 
             ^
[SQL: SELECT users.id AS users_id, users.username AS users_username, users.password AS users_password, users.role AS users_role 
FROM users 
WHERE users.username = %(username_1)s::VARCHAR 
 LIMIT %(param_1)s::INTEGER]
[parameters: {'username_1': 'Alice1', 'param_1': 1}]
(Background on this error at: https://sqlalche.me/e/20/f405)
2025-11-19 12:18:57,602 | INFO | üåê IP: 127.0.0.1 | üßç‚Äç‚ôÇÔ∏è User: anonymous | üë§ User: anonymous | Method: GET | Path: /docsUser-Agent: Mozilla/5.0 (Windows NT 10.0; Win64; x64) AppleWebKit/537.36 (KHTML, like Gecko) Chrome/142.0.0.0 Safari/537.36
2025-11-19 12:18:57,605 | INFO | ‚úÖ Completed GET /docs ‚Üí 200 (0.002s)
2025-11-19 12:18:57,802 | INFO | üåê IP: 127.0.0.1 | üßç‚Äç‚ôÇÔ∏è User: anonymous | üë§ User: anonymous | Method: GET | Path: /openapi.jsonUser-Agent: Mozilla/5.0 (Windows NT 10.0; Win64; x64) AppleWebKit/537.36 (KHTML, like Gecko) Chrome/142.0.0.0 Safari/537.36
2025-11-19 12:18:57,862 | INFO | ‚úÖ Completed GET /openapi.json ‚Üí 200 (0.06s)
2025-11-19 18:24:04,278 | INFO | üåê IP: 127.0.0.1 | üßç‚Äç‚ôÇÔ∏è User: anonymous | üë§ User: anonymous | Method: GET | Path: /User-Agent: Mozilla/5.0 (Windows NT 10.0; Win64; x64) AppleWebKit/537.36 (KHTML, like Gecko) Chrome/142.0.0.0 Safari/537.36
2025-11-19 18:24:04,283 | INFO | ‚úÖ Completed GET / ‚Üí 200 (0.003s)
2025-11-19 18:24:08,384 | INFO | üåê IP: 127.0.0.1 | üßç‚Äç‚ôÇÔ∏è User: anonymous | üë§ User: anonymous | Method: GET | Path: /docsUser-Agent: Mozilla/5.0 (Windows NT 10.0; Win64; x64) AppleWebKit/537.36 (KHTML, like Gecko) Chrome/142.0.0.0 Safari/537.36
2025-11-19 18:24:08,384 | INFO | ‚úÖ Completed GET /docs ‚Üí 200 (0.0s)
2025-11-19 18:24:08,605 | INFO | üåê IP: 127.0.0.1 | üßç‚Äç‚ôÇÔ∏è User: anonymous | üë§ User: anonymous | Method: GET | Path: /openapi.jsonUser-Agent: Mozilla/5.0 (Windows NT 10.0; Win64; x64) AppleWebKit/537.36 (KHTML, like Gecko) Chrome/142.0.0.0 Safari/537.36
2025-11-19 18:24:08,662 | INFO | ‚úÖ Completed GET /openapi.json ‚Üí 200 (0.058s)
2025-11-19 18:24:49,687 | INFO | üåê IP: 127.0.0.1 | üßç‚Äç‚ôÇÔ∏è User: anonymous | üë§ User: anonymous | Method: GET | Path: /docsUser-Agent: Mozilla/5.0 (Windows NT 10.0; Win64; x64) AppleWebKit/537.36 (KHTML, like Gecko) Chrome/142.0.0.0 Safari/537.36
2025-11-19 18:24:49,688 | INFO | ‚úÖ Completed GET /docs ‚Üí 200 (0.001s)
2025-11-19 18:24:49,764 | INFO | üåê IP: 127.0.0.1 | üßç‚Äç‚ôÇÔ∏è User: anonymous | üë§ User: anonymous | Method: GET | Path: /openapi.jsonUser-Agent: Mozilla/5.0 (Windows NT 10.0; Win64; x64) AppleWebKit/537.36 (KHTML, like Gecko) Chrome/142.0.0.0 Safari/537.36
2025-11-19 18:24:49,793 | INFO | ‚úÖ Completed GET /openapi.json ‚Üí 200 (0.029s)
2025-11-19 18:26:12,229 | INFO | üåê IP: 127.0.0.1 | üßç‚Äç‚ôÇÔ∏è User: anonymous | üë§ User: anonymous | Method: GET | Path: /docsUser-Agent: Mozilla/5.0 (Windows NT 10.0; Win64; x64) AppleWebKit/537.36 (KHTML, like Gecko) Chrome/142.0.0.0 Safari/537.36
2025-11-19 18:26:12,229 | INFO | ‚úÖ Completed GET /docs ‚Üí 200 (0.0s)
2025-11-19 18:26:12,324 | INFO | üåê IP: 127.0.0.1 | üßç‚Äç‚ôÇÔ∏è User: anonymous | üë§ User: anonymous | Method: GET | Path: /openapi.jsonUser-Agent: Mozilla/5.0 (Windows NT 10.0; Win64; x64) AppleWebKit/537.36 (KHTML, like Gecko) Chrome/142.0.0.0 Safari/537.36
2025-11-19 18:26:12,354 | INFO | ‚úÖ Completed GET /openapi.json ‚Üí 200 (0.029s)
2025-11-19 18:26:32,700 | INFO | üåê IP: 127.0.0.1 | üßç‚Äç‚ôÇÔ∏è User: anonymous | üë§ User: anonymous | Method: GET | Path: /docsUser-Agent: Mozilla/5.0 (Windows NT 10.0; Win64; x64) AppleWebKit/537.36 (KHTML, like Gecko) Chrome/142.0.0.0 Safari/537.36
2025-11-19 18:26:32,702 | INFO | ‚úÖ Completed GET /docs ‚Üí 200 (0.002s)
2025-11-19 18:26:32,773 | INFO | üåê IP: 127.0.0.1 | üßç‚Äç‚ôÇÔ∏è User: anonymous | üë§ User: anonymous | Method: GET | Path: /openapi.jsonUser-Agent: Mozilla/5.0 (Windows NT 10.0; Win64; x64) AppleWebKit/537.36 (KHTML, like Gecko) Chrome/142.0.0.0 Safari/537.36
2025-11-19 18:26:32,812 | INFO | ‚úÖ Completed GET /openapi.json ‚Üí 200 (0.039s)
2025-11-25 13:27:42,135 | INFO | üåê IP: 127.0.0.1 | üßç‚Äç‚ôÇÔ∏è User: anonymous | üë§ User: anonymous | Method: GET | Path: /docsUser-Agent: Mozilla/5.0 (Windows NT 10.0; Win64; x64) AppleWebKit/537.36 (KHTML, like Gecko) Chrome/142.0.0.0 Safari/537.36
2025-11-25 13:27:42,137 | INFO | ‚úÖ Completed GET /docs ‚Üí 200 (0.002s)
2025-11-25 13:27:42,295 | INFO | üåê IP: 127.0.0.1 | üßç‚Äç‚ôÇÔ∏è User: anonymous | üë§ User: anonymous | Method: GET | Path: /openapi.jsonUser-Agent: Mozilla/5.0 (Windows NT 10.0; Win64; x64) AppleWebKit/537.36 (KHTML, like Gecko) Chrome/142.0.0.0 Safari/537.36
2025-11-25 13:27:42,336 | INFO | ‚úÖ Completed GET /openapi.json ‚Üí 200 (0.041s)
2025-11-25 13:27:54,247 | INFO | üåê IP: 127.0.0.1 | üßç‚Äç‚ôÇÔ∏è User: anonymous | üë§ User: anonymous | Method: GET | Path: /categoriesUser-Agent: Mozilla/5.0 (Windows NT 10.0; Win64; x64) AppleWebKit/537.36 (KHTML, like Gecko) Chrome/142.0.0.0 Safari/537.36
2025-11-25 13:29:23,501 | INFO | üåê IP: 127.0.0.1 | üßç‚Äç‚ôÇÔ∏è User: anonymous | üë§ User: anonymous | Method: GET | Path: /itemsUser-Agent: Mozilla/5.0 (Windows NT 10.0; Win64; x64) AppleWebKit/537.36 (KHTML, like Gecko) Chrome/142.0.0.0 Safari/537.36
2025-11-25 13:33:33,746 | INFO | üåê IP: 127.0.0.1 | üßç‚Äç‚ôÇÔ∏è User: anonymous | üë§ User: anonymous | Method: GET | Path: /docsUser-Agent: Mozilla/5.0 (Windows NT 10.0; Win64; x64) AppleWebKit/537.36 (KHTML, like Gecko) Chrome/142.0.0.0 Safari/537.36
2025-11-25 13:33:33,757 | INFO | ‚úÖ Completed GET /docs ‚Üí 200 (0.008s)
2025-11-25 13:33:34,575 | INFO | üåê IP: 127.0.0.1 | üßç‚Äç‚ôÇÔ∏è User: anonymous | üë§ User: anonymous | Method: GET | Path: /openapi.jsonUser-Agent: Mozilla/5.0 (Windows NT 10.0; Win64; x64) AppleWebKit/537.36 (KHTML, like Gecko) Chrome/142.0.0.0 Safari/537.36
2025-11-25 13:33:34,606 | INFO | ‚úÖ Completed GET /openapi.json ‚Üí 200 (0.031s)
2025-11-25 13:33:42,438 | INFO | üåê IP: 127.0.0.1 | üßç‚Äç‚ôÇÔ∏è User: anonymous | üë§ User: anonymous | Method: GET | Path: /itemsUser-Agent: Mozilla/5.0 (Windows NT 10.0; Win64; x64) AppleWebKit/537.36 (KHTML, like Gecko) Chrome/142.0.0.0 Safari/537.36
2025-11-26 11:30:52,206 | INFO | üåê IP: 127.0.0.1 | üßç‚Äç‚ôÇÔ∏è User: anonymous | üë§ User: anonymous | Method: GET | Path: /User-Agent: Mozilla/5.0 (Windows NT 10.0; Win64; x64) AppleWebKit/537.36 (KHTML, like Gecko) Chrome/142.0.0.0 Safari/537.36
2025-11-26 11:30:52,209 | INFO | ‚úÖ Completed GET / ‚Üí 200 (0.004s)
2025-11-26 11:30:52,471 | INFO | üåê IP: 127.0.0.1 | üßç‚Äç‚ôÇÔ∏è User: anonymous | üë§ User: anonymous | Method: GET | Path: /favicon.icoUser-Agent: Mozilla/5.0 (Windows NT 10.0; Win64; x64) AppleWebKit/537.36 (KHTML, like Gecko) Chrome/142.0.0.0 Safari/537.36
2025-11-26 11:30:52,471 | INFO | ‚úÖ Completed GET /favicon.ico ‚Üí 404 (0.001s)
2025-11-26 11:30:57,151 | INFO | üåê IP: 127.0.0.1 | üßç‚Äç‚ôÇÔ∏è User: anonymous | üë§ User: anonymous | Method: GET | Path: /docsUser-Agent: Mozilla/5.0 (Windows NT 10.0; Win64; x64) AppleWebKit/537.36 (KHTML, like Gecko) Chrome/142.0.0.0 Safari/537.36
2025-11-26 11:30:57,151 | INFO | ‚úÖ Completed GET /docs ‚Üí 200 (0.001s)
2025-11-26 11:30:59,163 | INFO | üåê IP: 127.0.0.1 | üßç‚Äç‚ôÇÔ∏è User: anonymous | üë§ User: anonymous | Method: GET | Path: /openapi.jsonUser-Agent: Mozilla/5.0 (Windows NT 10.0; Win64; x64) AppleWebKit/537.36 (KHTML, like Gecko) Chrome/142.0.0.0 Safari/537.36
2025-11-26 11:30:59,234 | INFO | ‚úÖ Completed GET /openapi.json ‚Üí 200 (0.071s)
2025-11-26 11:31:08,155 | INFO | üåê IP: 127.0.0.1 | üßç‚Äç‚ôÇÔ∏è User: anonymous | üë§ User: anonymous | Method: GET | Path: /categoriesUser-Agent: Mozilla/5.0 (Windows NT 10.0; Win64; x64) AppleWebKit/537.36 (KHTML, like Gecko) Chrome/142.0.0.0 Safari/537.36
2025-11-26 11:31:36,257 | INFO | üåê IP: 127.0.0.1 | üßç‚Äç‚ôÇÔ∏è User: anonymous | üë§ User: anonymous | Method: GET | Path: /docsUser-Agent: Mozilla/5.0 (Windows NT 10.0; Win64; x64) AppleWebKit/537.36 (KHTML, like Gecko) Chrome/142.0.0.0 Safari/537.36
2025-11-26 11:31:36,260 | INFO | ‚úÖ Completed GET /docs ‚Üí 200 (0.002s)
2025-11-26 11:31:36,343 | INFO | üåê IP: 127.0.0.1 | üßç‚Äç‚ôÇÔ∏è User: anonymous | üë§ User: anonymous | Method: GET | Path: /openapi.jsonUser-Agent: Mozilla/5.0 (Windows NT 10.0; Win64; x64) AppleWebKit/537.36 (KHTML, like Gecko) Chrome/142.0.0.0 Safari/537.36
2025-11-26 11:31:36,344 | INFO | ‚úÖ Completed GET /openapi.json ‚Üí 200 (0.0s)
2025-11-26 11:32:04,257 | INFO | üåê IP: 127.0.0.1 | üßç‚Äç‚ôÇÔ∏è User: anonymous | üë§ User: anonymous | Method: POST | Path: /auth/loginUser-Agent: Mozilla/5.0 (Windows NT 10.0; Win64; x64) AppleWebKit/537.36 (KHTML, like Gecko) Chrome/142.0.0.0 Safari/537.36
2025-11-26 11:33:10,449 | INFO | üåê IP: 127.0.0.1 | üßç‚Äç‚ôÇÔ∏è User: anonymous | üë§ User: anonymous | Method: GET | Path: /docsUser-Agent: Mozilla/5.0 (Windows NT 10.0; Win64; x64) AppleWebKit/537.36 (KHTML, like Gecko) Chrome/142.0.0.0 Safari/537.36
2025-11-26 11:33:10,450 | INFO | ‚úÖ Completed GET /docs ‚Üí 200 (0.001s)
2025-11-26 11:33:10,594 | INFO | üåê IP: 127.0.0.1 | üßç‚Äç‚ôÇÔ∏è User: anonymous | üë§ User: anonymous | Method: GET | Path: /openapi.jsonUser-Agent: Mozilla/5.0 (Windows NT 10.0; Win64; x64) AppleWebKit/537.36 (KHTML, like Gecko) Chrome/142.0.0.0 Safari/537.36
2025-11-26 11:33:10,595 | INFO | ‚úÖ Completed GET /openapi.json ‚Üí 200 (0.001s)
2025-11-26 11:33:16,439 | INFO | üåê IP: 127.0.0.1 | üßç‚Äç‚ôÇÔ∏è User: anonymous | üë§ User: anonymous | Method: GET | Path: /docsUser-Agent: Mozilla/5.0 (Windows NT 10.0; Win64; x64) AppleWebKit/537.36 (KHTML, like Gecko) Chrome/142.0.0.0 Safari/537.36
2025-11-26 11:33:16,439 | INFO | ‚úÖ Completed GET /docs ‚Üí 200 (0.001s)
2025-11-26 11:33:16,609 | INFO | üåê IP: 127.0.0.1 | üßç‚Äç‚ôÇÔ∏è User: anonymous | üë§ User: anonymous | Method: GET | Path: /openapi.jsonUser-Agent: Mozilla/5.0 (Windows NT 10.0; Win64; x64) AppleWebKit/537.36 (KHTML, like Gecko) Chrome/142.0.0.0 Safari/537.36
2025-11-26 11:33:16,609 | INFO | ‚úÖ Completed GET /openapi.json ‚Üí 200 (0.0s)
2025-11-26 11:33:21,369 | INFO | üåê IP: 127.0.0.1 | üßç‚Äç‚ôÇÔ∏è User: anonymous | üë§ User: anonymous | Method: GET | Path: /User-Agent: Mozilla/5.0 (Windows NT 10.0; Win64; x64) AppleWebKit/537.36 (KHTML, like Gecko) Chrome/142.0.0.0 Safari/537.36
2025-11-26 11:33:21,371 | INFO | ‚úÖ Completed GET / ‚Üí 200 (0.002s)
2025-11-26 11:33:36,675 | INFO | üåê IP: 127.0.0.1 | üßç‚Äç‚ôÇÔ∏è User: anonymous | üë§ User: anonymous | Method: POST | Path: /auth/loginUser-Agent: Mozilla/5.0 (Windows NT 10.0; Win64; x64) AppleWebKit/537.36 (KHTML, like Gecko) Chrome/142.0.0.0 Safari/537.36
2025-11-26 11:33:45,226 | INFO | üåê IP: 127.0.0.1 | üßç‚Äç‚ôÇÔ∏è User: anonymous | üë§ User: anonymous | Method: POST | Path: /auth/loginUser-Agent: Mozilla/5.0 (Windows NT 10.0; Win64; x64) AppleWebKit/537.36 (KHTML, like Gecko) Chrome/142.0.0.0 Safari/537.36
2025-11-26 11:34:20,197 | INFO | üåê IP: 127.0.0.1 | üßç‚Äç‚ôÇÔ∏è User: anonymous | üë§ User: anonymous | Method: POST | Path: /auth/registerUser-Agent: Mozilla/5.0 (Windows NT 10.0; Win64; x64) AppleWebKit/537.36 (KHTML, like Gecko) Chrome/142.0.0.0 Safari/537.36
2025-11-26 11:34:36,330 | INFO | üåê IP: 127.0.0.1 | üßç‚Äç‚ôÇÔ∏è User: anonymous | üë§ User: anonymous | Method: GET | Path: /docsUser-Agent: Mozilla/5.0 (Windows NT 10.0; Win64; x64) AppleWebKit/537.36 (KHTML, like Gecko) Chrome/142.0.0.0 Safari/537.36
2025-11-26 11:34:36,331 | INFO | ‚úÖ Completed GET /docs ‚Üí 200 (0.001s)
2025-11-26 11:34:36,452 | INFO | üåê IP: 127.0.0.1 | üßç‚Äç‚ôÇÔ∏è User: anonymous | üë§ User: anonymous | Method: GET | Path: /openapi.jsonUser-Agent: Mozilla/5.0 (Windows NT 10.0; Win64; x64) AppleWebKit/537.36 (KHTML, like Gecko) Chrome/142.0.0.0 Safari/537.36
2025-11-26 11:34:36,453 | INFO | ‚úÖ Completed GET /openapi.json ‚Üí 200 (0.001s)
2025-11-26 11:39:54,594 | INFO | üåê IP: 127.0.0.1 | üßç‚Äç‚ôÇÔ∏è User: anonymous | üë§ User: anonymous | Method: GET | Path: /User-Agent: Mozilla/5.0 (Windows NT 10.0; Win64; x64) AppleWebKit/537.36 (KHTML, like Gecko) Chrome/142.0.0.0 Safari/537.36
2025-11-26 11:39:54,595 | INFO | ‚úÖ Completed GET / ‚Üí 200 (0.001s)
2025-11-26 11:40:01,718 | INFO | üåê IP: 127.0.0.1 | üßç‚Äç‚ôÇÔ∏è User: anonymous | üë§ User: anonymous | Method: GET | Path: /docsUser-Agent: Mozilla/5.0 (Windows NT 10.0; Win64; x64) AppleWebKit/537.36 (KHTML, like Gecko) Chrome/142.0.0.0 Safari/537.36
2025-11-26 11:40:01,719 | INFO | ‚úÖ Completed GET /docs ‚Üí 200 (0.001s)
2025-11-26 11:40:01,954 | INFO | üåê IP: 127.0.0.1 | üßç‚Äç‚ôÇÔ∏è User: anonymous | üë§ User: anonymous | Method: GET | Path: /openapi.jsonUser-Agent: Mozilla/5.0 (Windows NT 10.0; Win64; x64) AppleWebKit/537.36 (KHTML, like Gecko) Chrome/142.0.0.0 Safari/537.36
2025-11-26 11:40:01,975 | INFO | ‚úÖ Completed GET /openapi.json ‚Üí 200 (0.022s)
2025-11-26 11:40:25,117 | INFO | üåê IP: 127.0.0.1 | üßç‚Äç‚ôÇÔ∏è User: anonymous | üë§ User: anonymous | Method: POST | Path: /categoriesUser-Agent: Mozilla/5.0 (Windows NT 10.0; Win64; x64) AppleWebKit/537.36 (KHTML, like Gecko) Chrome/142.0.0.0 Safari/537.36
2025-11-26 11:44:45,190 | ERROR | ‚ùå –û—à–∏–±–∫–∞ –ø—Ä–∏ –æ–±—Ä–∞–±–æ—Ç–∫–µ –∑–∞–ø—Ä–æ—Å–∞: (psycopg.errors.ConnectionTimeout) connection timeout expired
Multiple connection attempts failed. All failures were:
- host: 'localhost', port: 5432, hostaddr: '::1': connection timeout expired
- host: 'localhost', port: 5432, hostaddr: '127.0.0.1': connection timeout expired
(Background on this error at: https://sqlalche.me/e/20/e3q8)
Traceback (most recent call last):
  File "D:\UniMarket\.venv\Lib\site-packages\sqlalchemy\engine\base.py", line 146, in __init__
    self._dbapi_connection = engine.raw_connection()
                             ^^^^^^^^^^^^^^^^^^^^^^^
  File "D:\UniMarket\.venv\Lib\site-packages\sqlalchemy\engine\base.py", line 3242, in raw_connection
    return self.pool.connect()
           ^^^^^^^^^^^^^^^^^^^
  File "D:\UniMarket\.venv\Lib\site-packages\sqlalchemy\pool\base.py", line 447, in connect
    return _ConnectionFairy._checkout(self)
           ^^^^^^^^^^^^^^^^^^^^^^^^^^^^^^^^
  File "D:\UniMarket\.venv\Lib\site-packages\sqlalchemy\pool\base.py", line 1240, in _checkout
    fairy = _ConnectionRecord.checkout(pool)
            ^^^^^^^^^^^^^^^^^^^^^^^^^^^^^^^^
  File "D:\UniMarket\.venv\Lib\site-packages\sqlalchemy\pool\base.py", line 706, in checkout
    rec = pool._do_get()
          ^^^^^^^^^^^^^^
  File "D:\UniMarket\.venv\Lib\site-packages\sqlalchemy\pool\impl.py", line 177, in _do_get
    with util.safe_reraise():
  File "D:\UniMarket\.venv\Lib\site-packages\sqlalchemy\util\langhelpers.py", line 146, in __exit__
    raise exc_value.with_traceback(exc_tb)
  File "D:\UniMarket\.venv\Lib\site-packages\sqlalchemy\pool\impl.py", line 175, in _do_get
    return self._create_connection()
           ^^^^^^^^^^^^^^^^^^^^^^^^^
  File "D:\UniMarket\.venv\Lib\site-packages\sqlalchemy\pool\base.py", line 388, in _create_connection
    return _ConnectionRecord(self)
           ^^^^^^^^^^^^^^^^^^^^^^^
  File "D:\UniMarket\.venv\Lib\site-packages\sqlalchemy\pool\base.py", line 670, in __init__
    self.__connect()
  File "D:\UniMarket\.venv\Lib\site-packages\sqlalchemy\pool\base.py", line 883, in __connect
    with util.safe_reraise():
  File "D:\UniMarket\.venv\Lib\site-packages\sqlalchemy\util\langhelpers.py", line 146, in __exit__
    raise exc_value.with_traceback(exc_tb)
  File "D:\UniMarket\.venv\Lib\site-packages\sqlalchemy\pool\base.py", line 879, in __connect
    self.dbapi_connection = connection = pool._invoke_creator(self)
                                         ^^^^^^^^^^^^^^^^^^^^^^^^^^
  File "D:\UniMarket\.venv\Lib\site-packages\sqlalchemy\engine\create.py", line 641, in connect
    return dialect.connect(*cargs, **cparams)
           ^^^^^^^^^^^^^^^^^^^^^^^^^^^^^^^^^^
  File "D:\UniMarket\.venv\Lib\site-packages\sqlalchemy\engine\default.py", line 604, in connect
    return self.loaded_dbapi.connect(*cargs, **cparams)
           ^^^^^^^^^^^^^^^^^^^^^^^^^^^^^^^^^^^^^^^^^^^^
  File "D:\UniMarket\.venv\Lib\site-packages\psycopg\connection.py", line 127, in connect
    raise type(last_ex)("\n".join(lines)).with_traceback(None)
psycopg.errors.ConnectionTimeout: connection timeout expired
Multiple connection attempts failed. All failures were:
- host: 'localhost', port: 5432, hostaddr: '::1': connection timeout expired
- host: 'localhost', port: 5432, hostaddr: '127.0.0.1': connection timeout expired

The above exception was the direct cause of the following exception:

Traceback (most recent call last):
  File "D:\UniMarket\app\middleware.py", line 51, in dispatch
    response = await call_next(request)
               ^^^^^^^^^^^^^^^^^^^^^^^^
  File "D:\UniMarket\.venv\Lib\site-packages\starlette\middleware\base.py", line 165, in call_next
    raise app_exc
  File "D:\UniMarket\.venv\Lib\site-packages\starlette\middleware\base.py", line 151, in coro
    await self.app(scope, receive_or_disconnect, send_no_error)
  File "D:\UniMarket\.venv\Lib\site-packages\starlette\middleware\exceptions.py", line 65, in __call__
    await wrap_app_handling_exceptions(self.app, conn)(scope, receive, send)
  File "D:\UniMarket\.venv\Lib\site-packages\starlette\_exception_handler.py", line 64, in wrapped_app
    raise exc
  File "D:\UniMarket\.venv\Lib\site-packages\starlette\_exception_handler.py", line 53, in wrapped_app
    await app(scope, receive, sender)
  File "D:\UniMarket\.venv\Lib\site-packages\starlette\routing.py", line 755, in __call__
    await self.middleware_stack(scope, receive, send)
  File "D:\UniMarket\.venv\Lib\site-packages\starlette\routing.py", line 775, in app
    await route.handle(scope, receive, send)
  File "D:\UniMarket\.venv\Lib\site-packages\starlette\routing.py", line 296, in handle
    await self.app(scope, receive, send)
  File "D:\UniMarket\.venv\Lib\site-packages\starlette\routing.py", line 78, in app
    await wrap_app_handling_exceptions(app, request)(scope, receive, send)
  File "D:\UniMarket\.venv\Lib\site-packages\starlette\_exception_handler.py", line 64, in wrapped_app
    raise exc
  File "D:\UniMarket\.venv\Lib\site-packages\starlette\_exception_handler.py", line 53, in wrapped_app
    await app(scope, receive, sender)
  File "D:\UniMarket\.venv\Lib\site-packages\starlette\routing.py", line 75, in app
    response = await f(request)
               ^^^^^^^^^^^^^^^^
  File "D:\UniMarket\.venv\Lib\site-packages\fastapi\routing.py", line 301, in app
    raw_response = await run_endpoint_function(
                   ^^^^^^^^^^^^^^^^^^^^^^^^^^^^
  File "D:\UniMarket\.venv\Lib\site-packages\fastapi\routing.py", line 214, in run_endpoint_function
    return await run_in_threadpool(dependant.call, **values)
           ^^^^^^^^^^^^^^^^^^^^^^^^^^^^^^^^^^^^^^^^^^^^^^^^^
  File "D:\UniMarket\.venv\Lib\site-packages\starlette\concurrency.py", line 41, in run_in_threadpool
    return await anyio.to_thread.run_sync(func, *args)
           ^^^^^^^^^^^^^^^^^^^^^^^^^^^^^^^^^^^^^^^^^^^
  File "D:\UniMarket\.venv\Lib\site-packages\anyio\to_thread.py", line 56, in run_sync
    return await get_async_backend().run_sync_in_worker_thread(
           ^^^^^^^^^^^^^^^^^^^^^^^^^^^^^^^^^^^^^^^^^^^^^^^^^^^^
  File "D:\UniMarket\.venv\Lib\site-packages\anyio\_backends\_asyncio.py", line 2476, in run_sync_in_worker_thread
    return await future
           ^^^^^^^^^^^^
  File "D:\UniMarket\.venv\Lib\site-packages\anyio\_backends\_asyncio.py", line 967, in run
    result = context.run(func, *args)
             ^^^^^^^^^^^^^^^^^^^^^^^^
  File "D:\UniMarket\app\main.py", line 301, in create_category
    db.commit()
  File "D:\UniMarket\.venv\Lib\site-packages\sqlalchemy\orm\session.py", line 2001, in commit
    trans.commit(_to_root=True)
  File "<string>", line 2, in commit
  File "D:\UniMarket\.venv\Lib\site-packages\sqlalchemy\orm\state_changes.py", line 137, in _go
    ret_value = fn(self, *arg, **kw)
                ^^^^^^^^^^^^^^^^^^^^
  File "D:\UniMarket\.venv\Lib\site-packages\sqlalchemy\orm\session.py", line 1295, in commit
    self._prepare_impl()
  File "<string>", line 2, in _prepare_impl
  File "D:\UniMarket\.venv\Lib\site-packages\sqlalchemy\orm\state_changes.py", line 137, in _go
    ret_value = fn(self, *arg, **kw)
                ^^^^^^^^^^^^^^^^^^^^
  File "D:\UniMarket\.venv\Lib\site-packages\sqlalchemy\orm\session.py", line 1270, in _prepare_impl
    self.session.flush()
  File "D:\UniMarket\.venv\Lib\site-packages\sqlalchemy\orm\session.py", line 4274, in flush
    self._flush(objects)
  File "D:\UniMarket\.venv\Lib\site-packages\sqlalchemy\orm\session.py", line 4406, in _flush
    with util.safe_reraise():
  File "D:\UniMarket\.venv\Lib\site-packages\sqlalchemy\util\langhelpers.py", line 146, in __exit__
    raise exc_value.with_traceback(exc_tb)
  File "D:\UniMarket\.venv\Lib\site-packages\sqlalchemy\orm\session.py", line 4370, in _flush
    flush_context.execute()
  File "D:\UniMarket\.venv\Lib\site-packages\sqlalchemy\orm\unitofwork.py", line 449, in execute
    rec.execute(self)
  File "D:\UniMarket\.venv\Lib\site-packages\sqlalchemy\orm\unitofwork.py", line 617, in execute
    util.preloaded.orm_persistence.save_obj(
  File "D:\UniMarket\.venv\Lib\site-packages\sqlalchemy\orm\persistence.py", line 60, in save_obj
    for (
  File "D:\UniMarket\.venv\Lib\site-packages\sqlalchemy\orm\persistence.py", line 221, in _organize_states_for_save
    for state, dict_, mapper, connection in _connections_for_states(
  File "D:\UniMarket\.venv\Lib\site-packages\sqlalchemy\orm\persistence.py", line 1692, in _connections_for_states
    connection = uowtransaction.transaction.connection(base_mapper)
                 ^^^^^^^^^^^^^^^^^^^^^^^^^^^^^^^^^^^^^^^^^^^^^^^^^^
  File "<string>", line 2, in connection
  File "D:\UniMarket\.venv\Lib\site-packages\sqlalchemy\orm\state_changes.py", line 137, in _go
    ret_value = fn(self, *arg, **kw)
                ^^^^^^^^^^^^^^^^^^^^
  File "D:\UniMarket\.venv\Lib\site-packages\sqlalchemy\orm\session.py", line 1028, in connection
    return self._connection_for_bind(bind, execution_options)
           ^^^^^^^^^^^^^^^^^^^^^^^^^^^^^^^^^^^^^^^^^^^^^^^^^^
  File "<string>", line 2, in _connection_for_bind
  File "D:\UniMarket\.venv\Lib\site-packages\sqlalchemy\orm\state_changes.py", line 137, in _go
    ret_value = fn(self, *arg, **kw)
                ^^^^^^^^^^^^^^^^^^^^
  File "D:\UniMarket\.venv\Lib\site-packages\sqlalchemy\orm\session.py", line 1161, in _connection_for_bind
    conn = self._parent._connection_for_bind(bind, execution_options)
           ^^^^^^^^^^^^^^^^^^^^^^^^^^^^^^^^^^^^^^^^^^^^^^^^^^^^^^^^^^
  File "<string>", line 2, in _connection_for_bind
  File "D:\UniMarket\.venv\Lib\site-packages\sqlalchemy\orm\state_changes.py", line 137, in _go
    ret_value = fn(self, *arg, **kw)
                ^^^^^^^^^^^^^^^^^^^^
  File "D:\UniMarket\.venv\Lib\site-packages\sqlalchemy\orm\session.py", line 1173, in _connection_for_bind
    conn = bind.connect()
           ^^^^^^^^^^^^^^
  File "D:\UniMarket\.venv\Lib\site-packages\sqlalchemy\engine\base.py", line 3218, in connect
    return self._connection_cls(self)
           ^^^^^^^^^^^^^^^^^^^^^^^^^^
  File "D:\UniMarket\.venv\Lib\site-packages\sqlalchemy\engine\base.py", line 148, in __init__
    Connection._handle_dbapi_exception_noconnection(err, dialect, engine)
  File "D:\UniMarket\.venv\Lib\site-packages\sqlalchemy\engine\base.py", line 2386, in _handle_dbapi_exception_noconnection
    raise sqlalchemy_exception.with_traceback(exc_info[2]) from e
  File "D:\UniMarket\.venv\Lib\site-packages\sqlalchemy\engine\base.py", line 146, in __init__
    self._dbapi_connection = engine.raw_connection()
                             ^^^^^^^^^^^^^^^^^^^^^^^
  File "D:\UniMarket\.venv\Lib\site-packages\sqlalchemy\engine\base.py", line 3242, in raw_connection
    return self.pool.connect()
           ^^^^^^^^^^^^^^^^^^^
  File "D:\UniMarket\.venv\Lib\site-packages\sqlalchemy\pool\base.py", line 447, in connect
    return _ConnectionFairy._checkout(self)
           ^^^^^^^^^^^^^^^^^^^^^^^^^^^^^^^^
  File "D:\UniMarket\.venv\Lib\site-packages\sqlalchemy\pool\base.py", line 1240, in _checkout
    fairy = _ConnectionRecord.checkout(pool)
            ^^^^^^^^^^^^^^^^^^^^^^^^^^^^^^^^
  File "D:\UniMarket\.venv\Lib\site-packages\sqlalchemy\pool\base.py", line 706, in checkout
    rec = pool._do_get()
          ^^^^^^^^^^^^^^
  File "D:\UniMarket\.venv\Lib\site-packages\sqlalchemy\pool\impl.py", line 177, in _do_get
    with util.safe_reraise():
  File "D:\UniMarket\.venv\Lib\site-packages\sqlalchemy\util\langhelpers.py", line 146, in __exit__
    raise exc_value.with_traceback(exc_tb)
  File "D:\UniMarket\.venv\Lib\site-packages\sqlalchemy\pool\impl.py", line 175, in _do_get
    return self._create_connection()
           ^^^^^^^^^^^^^^^^^^^^^^^^^
  File "D:\UniMarket\.venv\Lib\site-packages\sqlalchemy\pool\base.py", line 388, in _create_connection
    return _ConnectionRecord(self)
           ^^^^^^^^^^^^^^^^^^^^^^^
  File "D:\UniMarket\.venv\Lib\site-packages\sqlalchemy\pool\base.py", line 670, in __init__
    self.__connect()
  File "D:\UniMarket\.venv\Lib\site-packages\sqlalchemy\pool\base.py", line 883, in __connect
    with util.safe_reraise():
  File "D:\UniMarket\.venv\Lib\site-packages\sqlalchemy\util\langhelpers.py", line 146, in __exit__
    raise exc_value.with_traceback(exc_tb)
  File "D:\UniMarket\.venv\Lib\site-packages\sqlalchemy\pool\base.py", line 879, in __connect
    self.dbapi_connection = connection = pool._invoke_creator(self)
                                         ^^^^^^^^^^^^^^^^^^^^^^^^^^
  File "D:\UniMarket\.venv\Lib\site-packages\sqlalchemy\engine\create.py", line 641, in connect
    return dialect.connect(*cargs, **cparams)
           ^^^^^^^^^^^^^^^^^^^^^^^^^^^^^^^^^^
  File "D:\UniMarket\.venv\Lib\site-packages\sqlalchemy\engine\default.py", line 604, in connect
    return self.loaded_dbapi.connect(*cargs, **cparams)
           ^^^^^^^^^^^^^^^^^^^^^^^^^^^^^^^^^^^^^^^^^^^^
  File "D:\UniMarket\.venv\Lib\site-packages\psycopg\connection.py", line 127, in connect
    raise type(last_ex)("\n".join(lines)).with_traceback(None)
sqlalchemy.exc.OperationalError: (psycopg.errors.ConnectionTimeout) connection timeout expired
Multiple connection attempts failed. All failures were:
- host: 'localhost', port: 5432, hostaddr: '::1': connection timeout expired
- host: 'localhost', port: 5432, hostaddr: '127.0.0.1': connection timeout expired
(Background on this error at: https://sqlalche.me/e/20/e3q8)
2025-11-26 11:46:50,648 | INFO | üåê IP: 127.0.0.1 | üßç‚Äç‚ôÇÔ∏è User: anonymous | üë§ User: anonymous | Method: GET | Path: /docsUser-Agent: Mozilla/5.0 (Windows NT 10.0; Win64; x64) AppleWebKit/537.36 (KHTML, like Gecko) Chrome/142.0.0.0 Safari/537.36
2025-11-26 11:46:50,649 | INFO | ‚úÖ Completed GET /docs ‚Üí 200 (0.001s)
2025-11-26 11:46:50,972 | INFO | üåê IP: 127.0.0.1 | üßç‚Äç‚ôÇÔ∏è User: anonymous | üë§ User: anonymous | Method: GET | Path: /openapi.jsonUser-Agent: Mozilla/5.0 (Windows NT 10.0; Win64; x64) AppleWebKit/537.36 (KHTML, like Gecko) Chrome/142.0.0.0 Safari/537.36
2025-11-26 11:46:51,052 | INFO | ‚úÖ Completed GET /openapi.json ‚Üí 200 (0.08s)
2025-11-26 11:47:23,388 | INFO | üåê IP: 127.0.0.1 | üßç‚Äç‚ôÇÔ∏è User: anonymous | üë§ User: anonymous | Method: POST | Path: /auth/registerUser-Agent: Mozilla/5.0 (Windows NT 10.0; Win64; x64) AppleWebKit/537.36 (KHTML, like Gecko) Chrome/142.0.0.0 Safari/537.36
2025-11-26 11:51:43,555 | ERROR | ‚ùå –û—à–∏–±–∫–∞ –ø—Ä–∏ –æ–±—Ä–∞–±–æ—Ç–∫–µ –∑–∞–ø—Ä–æ—Å–∞: (psycopg.errors.ConnectionTimeout) connection timeout expired
Multiple connection attempts failed. All failures were:
- host: 'localhost', port: 5432, hostaddr: '::1': connection timeout expired
- host: 'localhost', port: 5432, hostaddr: '127.0.0.1': connection timeout expired
(Background on this error at: https://sqlalche.me/e/20/e3q8)
Traceback (most recent call last):
  File "D:\UniMarket\.venv\Lib\site-packages\sqlalchemy\engine\base.py", line 146, in __init__
    self._dbapi_connection = engine.raw_connection()
                             ^^^^^^^^^^^^^^^^^^^^^^^
  File "D:\UniMarket\.venv\Lib\site-packages\sqlalchemy\engine\base.py", line 3242, in raw_connection
    return self.pool.connect()
           ^^^^^^^^^^^^^^^^^^^
  File "D:\UniMarket\.venv\Lib\site-packages\sqlalchemy\pool\base.py", line 447, in connect
    return _ConnectionFairy._checkout(self)
           ^^^^^^^^^^^^^^^^^^^^^^^^^^^^^^^^
  File "D:\UniMarket\.venv\Lib\site-packages\sqlalchemy\pool\base.py", line 1240, in _checkout
    fairy = _ConnectionRecord.checkout(pool)
            ^^^^^^^^^^^^^^^^^^^^^^^^^^^^^^^^
  File "D:\UniMarket\.venv\Lib\site-packages\sqlalchemy\pool\base.py", line 706, in checkout
    rec = pool._do_get()
          ^^^^^^^^^^^^^^
  File "D:\UniMarket\.venv\Lib\site-packages\sqlalchemy\pool\impl.py", line 177, in _do_get
    with util.safe_reraise():
  File "D:\UniMarket\.venv\Lib\site-packages\sqlalchemy\util\langhelpers.py", line 146, in __exit__
    raise exc_value.with_traceback(exc_tb)
  File "D:\UniMarket\.venv\Lib\site-packages\sqlalchemy\pool\impl.py", line 175, in _do_get
    return self._create_connection()
           ^^^^^^^^^^^^^^^^^^^^^^^^^
  File "D:\UniMarket\.venv\Lib\site-packages\sqlalchemy\pool\base.py", line 388, in _create_connection
    return _ConnectionRecord(self)
           ^^^^^^^^^^^^^^^^^^^^^^^
  File "D:\UniMarket\.venv\Lib\site-packages\sqlalchemy\pool\base.py", line 670, in __init__
    self.__connect()
  File "D:\UniMarket\.venv\Lib\site-packages\sqlalchemy\pool\base.py", line 883, in __connect
    with util.safe_reraise():
  File "D:\UniMarket\.venv\Lib\site-packages\sqlalchemy\util\langhelpers.py", line 146, in __exit__
    raise exc_value.with_traceback(exc_tb)
  File "D:\UniMarket\.venv\Lib\site-packages\sqlalchemy\pool\base.py", line 879, in __connect
    self.dbapi_connection = connection = pool._invoke_creator(self)
                                         ^^^^^^^^^^^^^^^^^^^^^^^^^^
  File "D:\UniMarket\.venv\Lib\site-packages\sqlalchemy\engine\create.py", line 641, in connect
    return dialect.connect(*cargs, **cparams)
           ^^^^^^^^^^^^^^^^^^^^^^^^^^^^^^^^^^
  File "D:\UniMarket\.venv\Lib\site-packages\sqlalchemy\engine\default.py", line 604, in connect
    return self.loaded_dbapi.connect(*cargs, **cparams)
           ^^^^^^^^^^^^^^^^^^^^^^^^^^^^^^^^^^^^^^^^^^^^
  File "D:\UniMarket\.venv\Lib\site-packages\psycopg\connection.py", line 127, in connect
    raise type(last_ex)("\n".join(lines)).with_traceback(None)
psycopg.errors.ConnectionTimeout: connection timeout expired
Multiple connection attempts failed. All failures were:
- host: 'localhost', port: 5432, hostaddr: '::1': connection timeout expired
- host: 'localhost', port: 5432, hostaddr: '127.0.0.1': connection timeout expired

The above exception was the direct cause of the following exception:

Traceback (most recent call last):
  File "D:\UniMarket\app\middleware.py", line 51, in dispatch
    response = await call_next(request)
               ^^^^^^^^^^^^^^^^^^^^^^^^
  File "D:\UniMarket\.venv\Lib\site-packages\starlette\middleware\base.py", line 165, in call_next
    raise app_exc
  File "D:\UniMarket\.venv\Lib\site-packages\starlette\middleware\base.py", line 151, in coro
    await self.app(scope, receive_or_disconnect, send_no_error)
  File "D:\UniMarket\.venv\Lib\site-packages\starlette\middleware\exceptions.py", line 65, in __call__
    await wrap_app_handling_exceptions(self.app, conn)(scope, receive, send)
  File "D:\UniMarket\.venv\Lib\site-packages\starlette\_exception_handler.py", line 64, in wrapped_app
    raise exc
  File "D:\UniMarket\.venv\Lib\site-packages\starlette\_exception_handler.py", line 53, in wrapped_app
    await app(scope, receive, sender)
  File "D:\UniMarket\.venv\Lib\site-packages\starlette\routing.py", line 755, in __call__
    await self.middleware_stack(scope, receive, send)
  File "D:\UniMarket\.venv\Lib\site-packages\starlette\routing.py", line 775, in app
    await route.handle(scope, receive, send)
  File "D:\UniMarket\.venv\Lib\site-packages\starlette\routing.py", line 296, in handle
    await self.app(scope, receive, send)
  File "D:\UniMarket\.venv\Lib\site-packages\starlette\routing.py", line 78, in app
    await wrap_app_handling_exceptions(app, request)(scope, receive, send)
  File "D:\UniMarket\.venv\Lib\site-packages\starlette\_exception_handler.py", line 64, in wrapped_app
    raise exc
  File "D:\UniMarket\.venv\Lib\site-packages\starlette\_exception_handler.py", line 53, in wrapped_app
    await app(scope, receive, sender)
  File "D:\UniMarket\.venv\Lib\site-packages\starlette\routing.py", line 75, in app
    response = await f(request)
               ^^^^^^^^^^^^^^^^
  File "D:\UniMarket\.venv\Lib\site-packages\fastapi\routing.py", line 301, in app
    raw_response = await run_endpoint_function(
                   ^^^^^^^^^^^^^^^^^^^^^^^^^^^^
  File "D:\UniMarket\.venv\Lib\site-packages\fastapi\routing.py", line 214, in run_endpoint_function
    return await run_in_threadpool(dependant.call, **values)
           ^^^^^^^^^^^^^^^^^^^^^^^^^^^^^^^^^^^^^^^^^^^^^^^^^
  File "D:\UniMarket\.venv\Lib\site-packages\starlette\concurrency.py", line 41, in run_in_threadpool
    return await anyio.to_thread.run_sync(func, *args)
           ^^^^^^^^^^^^^^^^^^^^^^^^^^^^^^^^^^^^^^^^^^^
  File "D:\UniMarket\.venv\Lib\site-packages\anyio\to_thread.py", line 56, in run_sync
    return await get_async_backend().run_sync_in_worker_thread(
           ^^^^^^^^^^^^^^^^^^^^^^^^^^^^^^^^^^^^^^^^^^^^^^^^^^^^
  File "D:\UniMarket\.venv\Lib\site-packages\anyio\_backends\_asyncio.py", line 2476, in run_sync_in_worker_thread
    return await future
           ^^^^^^^^^^^^
  File "D:\UniMarket\.venv\Lib\site-packages\anyio\_backends\_asyncio.py", line 967, in run
    result = context.run(func, *args)
             ^^^^^^^^^^^^^^^^^^^^^^^^
  File "D:\UniMarket\app\main.py", line 94, in register_user
    existing_user = db.query(User).filter(User.username == request.username).first()
                    ^^^^^^^^^^^^^^^^^^^^^^^^^^^^^^^^^^^^^^^^^^^^^^^^^^^^^^^^^^^^^^^^
  File "D:\UniMarket\.venv\Lib\site-packages\sqlalchemy\orm\query.py", line 2692, in first
    return self.limit(1)._iter().first()  # type: ignore
           ^^^^^^^^^^^^^^^^^^^^^
  File "D:\UniMarket\.venv\Lib\site-packages\sqlalchemy\orm\query.py", line 2791, in _iter
    result: Union[ScalarResult[_T], Result[_T]] = self.session.execute(
                                                  ^^^^^^^^^^^^^^^^^^^^^
  File "D:\UniMarket\.venv\Lib\site-packages\sqlalchemy\orm\session.py", line 2330, in execute
    return self._execute_internal(
           ^^^^^^^^^^^^^^^^^^^^^^^
  File "D:\UniMarket\.venv\Lib\site-packages\sqlalchemy\orm\session.py", line 2205, in _execute_internal
    conn = self._connection_for_bind(bind)
           ^^^^^^^^^^^^^^^^^^^^^^^^^^^^^^^
  File "D:\UniMarket\.venv\Lib\site-packages\sqlalchemy\orm\session.py", line 2079, in _connection_for_bind
    return trans._connection_for_bind(engine, execution_options)
           ^^^^^^^^^^^^^^^^^^^^^^^^^^^^^^^^^^^^^^^^^^^^^^^^^^^^^
  File "<string>", line 2, in _connection_for_bind
  File "D:\UniMarket\.venv\Lib\site-packages\sqlalchemy\orm\state_changes.py", line 137, in _go
    ret_value = fn(self, *arg, **kw)
                ^^^^^^^^^^^^^^^^^^^^
  File "D:\UniMarket\.venv\Lib\site-packages\sqlalchemy\orm\session.py", line 1173, in _connection_for_bind
    conn = bind.connect()
           ^^^^^^^^^^^^^^
  File "D:\UniMarket\.venv\Lib\site-packages\sqlalchemy\engine\base.py", line 3218, in connect
    return self._connection_cls(self)
           ^^^^^^^^^^^^^^^^^^^^^^^^^^
  File "D:\UniMarket\.venv\Lib\site-packages\sqlalchemy\engine\base.py", line 148, in __init__
    Connection._handle_dbapi_exception_noconnection(err, dialect, engine)
  File "D:\UniMarket\.venv\Lib\site-packages\sqlalchemy\engine\base.py", line 2386, in _handle_dbapi_exception_noconnection
    raise sqlalchemy_exception.with_traceback(exc_info[2]) from e
  File "D:\UniMarket\.venv\Lib\site-packages\sqlalchemy\engine\base.py", line 146, in __init__
    self._dbapi_connection = engine.raw_connection()
                             ^^^^^^^^^^^^^^^^^^^^^^^
  File "D:\UniMarket\.venv\Lib\site-packages\sqlalchemy\engine\base.py", line 3242, in raw_connection
    return self.pool.connect()
           ^^^^^^^^^^^^^^^^^^^
  File "D:\UniMarket\.venv\Lib\site-packages\sqlalchemy\pool\base.py", line 447, in connect
    return _ConnectionFairy._checkout(self)
           ^^^^^^^^^^^^^^^^^^^^^^^^^^^^^^^^
  File "D:\UniMarket\.venv\Lib\site-packages\sqlalchemy\pool\base.py", line 1240, in _checkout
    fairy = _ConnectionRecord.checkout(pool)
            ^^^^^^^^^^^^^^^^^^^^^^^^^^^^^^^^
  File "D:\UniMarket\.venv\Lib\site-packages\sqlalchemy\pool\base.py", line 706, in checkout
    rec = pool._do_get()
          ^^^^^^^^^^^^^^
  File "D:\UniMarket\.venv\Lib\site-packages\sqlalchemy\pool\impl.py", line 177, in _do_get
    with util.safe_reraise():
  File "D:\UniMarket\.venv\Lib\site-packages\sqlalchemy\util\langhelpers.py", line 146, in __exit__
    raise exc_value.with_traceback(exc_tb)
  File "D:\UniMarket\.venv\Lib\site-packages\sqlalchemy\pool\impl.py", line 175, in _do_get
    return self._create_connection()
           ^^^^^^^^^^^^^^^^^^^^^^^^^
  File "D:\UniMarket\.venv\Lib\site-packages\sqlalchemy\pool\base.py", line 388, in _create_connection
    return _ConnectionRecord(self)
           ^^^^^^^^^^^^^^^^^^^^^^^
  File "D:\UniMarket\.venv\Lib\site-packages\sqlalchemy\pool\base.py", line 670, in __init__
    self.__connect()
  File "D:\UniMarket\.venv\Lib\site-packages\sqlalchemy\pool\base.py", line 883, in __connect
    with util.safe_reraise():
  File "D:\UniMarket\.venv\Lib\site-packages\sqlalchemy\util\langhelpers.py", line 146, in __exit__
    raise exc_value.with_traceback(exc_tb)
  File "D:\UniMarket\.venv\Lib\site-packages\sqlalchemy\pool\base.py", line 879, in __connect
    self.dbapi_connection = connection = pool._invoke_creator(self)
                                         ^^^^^^^^^^^^^^^^^^^^^^^^^^
  File "D:\UniMarket\.venv\Lib\site-packages\sqlalchemy\engine\create.py", line 641, in connect
    return dialect.connect(*cargs, **cparams)
           ^^^^^^^^^^^^^^^^^^^^^^^^^^^^^^^^^^
  File "D:\UniMarket\.venv\Lib\site-packages\sqlalchemy\engine\default.py", line 604, in connect
    return self.loaded_dbapi.connect(*cargs, **cparams)
           ^^^^^^^^^^^^^^^^^^^^^^^^^^^^^^^^^^^^^^^^^^^^
  File "D:\UniMarket\.venv\Lib\site-packages\psycopg\connection.py", line 127, in connect
    raise type(last_ex)("\n".join(lines)).with_traceback(None)
sqlalchemy.exc.OperationalError: (psycopg.errors.ConnectionTimeout) connection timeout expired
Multiple connection attempts failed. All failures were:
- host: 'localhost', port: 5432, hostaddr: '::1': connection timeout expired
- host: 'localhost', port: 5432, hostaddr: '127.0.0.1': connection timeout expired
(Background on this error at: https://sqlalche.me/e/20/e3q8)
2025-11-26 15:45:10,048 | INFO | üåê IP: 127.0.0.1 | üßç‚Äç‚ôÇÔ∏è User: anonymous | üë§ User: anonymous | Method: GET | Path: /User-Agent: Mozilla/5.0 (Windows NT 10.0; Win64; x64) AppleWebKit/537.36 (KHTML, like Gecko) Chrome/142.0.0.0 Safari/537.36
2025-11-26 15:45:10,056 | ERROR | ‚ùå –û—à–∏–±–∫–∞ –ø—Ä–∏ –æ–±—Ä–∞–±–æ—Ç–∫–µ –∑–∞–ø—Ä–æ—Å–∞: Path parameters cannot have a default value
Traceback (most recent call last):
  File "D:\UniMarket\.venv\Lib\site-packages\starlette\middleware\base.py", line 159, in call_next
    message = await recv_stream.receive()
              ^^^^^^^^^^^^^^^^^^^^^^^^^^^
  File "D:\UniMarket\.venv\Lib\site-packages\anyio\streams\memory.py", line 126, in receive
    raise EndOfStream from None
anyio.EndOfStream

During handling of the above exception, another exception occurred:

Traceback (most recent call last):
  File "D:\UniMarket\app\middleware.py", line 51, in dispatch
    response = await call_next(request)
               ^^^^^^^^^^^^^^^^^^^^^^^^
  File "D:\UniMarket\.venv\Lib\site-packages\starlette\middleware\base.py", line 165, in call_next
    raise app_exc
  File "D:\UniMarket\.venv\Lib\site-packages\starlette\middleware\base.py", line 151, in coro
    await self.app(scope, receive_or_disconnect, send_no_error)
  File "D:\UniMarket\.venv\Lib\site-packages\starlette\middleware\exceptions.py", line 65, in __call__
    await wrap_app_handling_exceptions(self.app, conn)(scope, receive, send)
  File "D:\UniMarket\.venv\Lib\site-packages\starlette\_exception_handler.py", line 64, in wrapped_app
    raise exc
  File "D:\UniMarket\.venv\Lib\site-packages\starlette\_exception_handler.py", line 53, in wrapped_app
    await app(scope, receive, sender)
  File "D:\UniMarket\.venv\Lib\site-packages\starlette\routing.py", line 755, in __call__
    await self.middleware_stack(scope, receive, send)
  File "D:\UniMarket\.venv\Lib\site-packages\starlette\routing.py", line 775, in app
    await route.handle(scope, receive, send)
  File "D:\UniMarket\.venv\Lib\site-packages\starlette\routing.py", line 296, in handle
    await self.app(scope, receive, send)
  File "D:\UniMarket\.venv\Lib\site-packages\starlette\routing.py", line 78, in app
    await wrap_app_handling_exceptions(app, request)(scope, receive, send)
  File "D:\UniMarket\.venv\Lib\site-packages\starlette\_exception_handler.py", line 64, in wrapped_app
    raise exc
  File "D:\UniMarket\.venv\Lib\site-packages\starlette\_exception_handler.py", line 53, in wrapped_app
    await app(scope, receive, sender)
  File "D:\UniMarket\.venv\Lib\site-packages\starlette\routing.py", line 75, in app
    response = await f(request)
               ^^^^^^^^^^^^^^^^
  File "D:\UniMarket\.venv\Lib\site-packages\fastapi\routing.py", line 301, in app
    raw_response = await run_endpoint_function(
                   ^^^^^^^^^^^^^^^^^^^^^^^^^^^^
  File "D:\UniMarket\.venv\Lib\site-packages\fastapi\routing.py", line 214, in run_endpoint_function
    return await run_in_threadpool(dependant.call, **values)
           ^^^^^^^^^^^^^^^^^^^^^^^^^^^^^^^^^^^^^^^^^^^^^^^^^
  File "D:\UniMarket\.venv\Lib\site-packages\starlette\concurrency.py", line 41, in run_in_threadpool
    return await anyio.to_thread.run_sync(func, *args)
           ^^^^^^^^^^^^^^^^^^^^^^^^^^^^^^^^^^^^^^^^^^^
  File "D:\UniMarket\.venv\Lib\site-packages\anyio\to_thread.py", line 56, in run_sync
    return await get_async_backend().run_sync_in_worker_thread(
           ^^^^^^^^^^^^^^^^^^^^^^^^^^^^^^^^^^^^^^^^^^^^^^^^^^^^
  File "D:\UniMarket\.venv\Lib\site-packages\anyio\_backends\_asyncio.py", line 2476, in run_sync_in_worker_thread
    return await future
           ^^^^^^^^^^^^
  File "D:\UniMarket\.venv\Lib\site-packages\anyio\_backends\_asyncio.py", line 967, in run
    result = context.run(func, *args)
             ^^^^^^^^^^^^^^^^^^^^^^^^
  File "D:\UniMarket\app\main.py", line 61, in read_index
    return Path("fronted/index.html").read_text(encoding="utf-8")
           ^^^^^^^^^^^^^^^^^^^^^^^^^^
  File "D:\UniMarket\.venv\Lib\site-packages\fastapi\param_functions.py", line 306, in Path
    return params.Path(
           ^^^^^^^^^^^^
  File "D:\UniMarket\.venv\Lib\site-packages\fastapi\params.py", line 185, in __init__
    assert default is ..., "Path parameters cannot have a default value"
AssertionError: Path parameters cannot have a default value
2025-12-02 16:38:50,383 | INFO | üåê IP: 127.0.0.1 | üßç‚Äç‚ôÇÔ∏è User: anonymous | üë§ User: anonymous | Method: GET | Path: /User-Agent: Mozilla/5.0 (Windows NT 10.0; Win64; x64) AppleWebKit/537.36 (KHTML, like Gecko) Chrome/142.0.0.0 Safari/537.36
2025-12-02 16:38:50,416 | INFO | ‚úÖ Completed GET / ‚Üí 200 (0.032s)
2025-12-02 16:38:50,433 | INFO | üåê IP: 127.0.0.1 | üßç‚Äç‚ôÇÔ∏è User: anonymous | üë§ User: anonymous | Method: GET | Path: /styles.cssUser-Agent: Mozilla/5.0 (Windows NT 10.0; Win64; x64) AppleWebKit/537.36 (KHTML, like Gecko) Chrome/142.0.0.0 Safari/537.36
2025-12-02 16:38:50,433 | INFO | üåê IP: 127.0.0.1 | üßç‚Äç‚ôÇÔ∏è User: anonymous | üë§ User: anonymous | Method: GET | Path: /script.jsUser-Agent: Mozilla/5.0 (Windows NT 10.0; Win64; x64) AppleWebKit/537.36 (KHTML, like Gecko) Chrome/142.0.0.0 Safari/537.36
2025-12-02 16:38:50,434 | INFO | ‚úÖ Completed GET /styles.css ‚Üí 404 (0.002s)
2025-12-02 16:38:50,435 | INFO | ‚úÖ Completed GET /script.js ‚Üí 404 (0.002s)
